2026-07-18 20:51:04,990 : INFO : root : Loading config.
2026-07-18 20:51:04,994 : INFO : YamlMultifileConfigLoader : Machine config file #1: config.yaml
2026-07-18 20:51:04,994 : INFO : ConfigProcessor : Loading config from cache: C:\Users\yorel\AppData\Local\Temp\e4574a669b04b9b63f2509acba37fa15.mpf_cache
2026-07-18 20:51:05,077 : DEBUG : YamlMultifileConfigLoader : Loading mode attract from C:\Users\yorel\Documents\mpf-env-80\Lib\site-packages\mpf\modes\attract\config\attract.yaml
2026-07-18 20:51:05,077 : DEBUG : YamlMultifileConfigLoader : Loading mode attract from C:\Users\yorel\Documents\mpf-env-80\Lib\site-packages\mpf\modes\attract\config\attract.yaml
2026-07-18 20:51:05,078 : INFO : ConfigProcessor : Loading config from cache: C:\Users\yorel\AppData\Local\Temp\a3b95e4c04a1ac62e5a55f9ea03887d0.mpf_cache
2026-07-18 20:51:05,078 : DEBUG : YamlMultifileConfigLoader : Loading mode game from C:\Users\yorel\Documents\mpf-env-80\Lib\site-packages\mpf\modes\game\config\game.yaml
2026-07-18 20:51:05,079 : INFO : ConfigProcessor : Loading config from cache: C:\Users\yorel\AppData\Local\Temp\e52c7621daabe5c520004c2331533e7f.mpf_cache
2026-07-18 20:51:05,081 : DEBUG : YamlMultifileConfigLoader : Loading mode attract from C:\Users\yorel\Documents\mpf-env-80\Lib\site-packages\mpf\modes\attract\config\attract.yaml
2026-07-18 20:51:05,081 : DEBUG : YamlMultifileConfigLoader : Loading mode attract from C:\Users\yorel\Documents\mpf-env-80\Lib\site-packages\mpf\modes\attract\config\attract.yaml
2026-07-18 20:51:05,081 : INFO : ConfigProcessor : Loading config from cache: C:\Users\yorel\AppData\Local\Temp\a3b95e4c04a1ac62e5a55f9ea03887d0.mpf_cache
2026-07-18 20:51:05,083 : DEBUG : YamlMultifileConfigLoader : Loading mode base from C:\Users\yorel\Documents\mpf-env-80\Lib\site-packages\mpf\modes\base\config\base.yaml
2026-07-18 20:51:05,084 : INFO : ConfigProcessor : Loading config from cache: C:\Users\yorel\AppData\Local\Temp\adec83306147c6c0299d94bb4067de98.mpf_cache
2026-07-18 20:51:05,085 : INFO : Machine : Mission Pinball Framework Core Engine v0.81.0.dev2
2026-07-18 20:51:05,085 : INFO : Machine : Command line arguments: {'no_load_cache': False, 'create_config_cache': True, 'bcp': True, 'configfile': ['config.yaml'], 'force_assets_load': False, 'platform_integration_test': False, 'jsonlogging': False, 'logfile': 'logs\\2026-07-18-20-51-04-mpf-MSI.log', 'pause': False, 'production': False, 'text_ui': False, 'loglevel': 10, 'consoleloglevel': 10, 'force_platform': 'virtual', 'syslog_address': None, 'full_logfile_path': 'C:\\Users\\yorel\\Documents\\KMF\\KMF Code\\logs\\2026-07-18-20-51-04-mpf-MSI.log'}
2026-07-18 20:51:05,085 : INFO : Machine : MPF path: C:\Users\yorel\Documents\mpf-env-80\Lib\site-packages\mpf
2026-07-18 20:51:05,085 : INFO : Machine : Machine path: C:\Users\yorel\Documents\KMF\KMF Code
2026-07-18 20:51:05,085 : INFO : Machine : Platform: win32
2026-07-18 20:51:05,085 : INFO : Machine : Python executable location: C:\Users\yorel\Documents\mpf-env-80\Scripts\python.exe
2026-07-18 20:51:05,085 : INFO : Machine : Python version: 3.11.5 (64-bit)
2026-07-18 20:51:05,085 : DEBUG : asyncio : Using proactor: IocpProactor
2026-07-18 20:51:05,088 : INFO : Machine : Initializing MPF...
2026-07-18 20:51:05,095 : DEBUG : Virtual Platform : Configuring virtual hardware interface.
2026-07-18 20:51:05,178 : DEBUG : TextUi : Text UI is disabled. TUI option setting: False, Asciimatics loaded: <class 'asciimatics.scene.Scene'>
2026-07-18 20:51:05,191 : INFO : EventManager : Event: ======'machine_var_credits_string'====== Args={'value': 'FREE PLAY', 'prev_value': None, 'change': True}
2026-07-18 20:51:05,208 : INFO : EventManager : Event: ======'machine_var_master_volume'====== Args={'value': 0.5, 'prev_value': None, 'change': True}
2026-07-18 20:51:05,208 : INFO : EventManager : Event: ======'machine_var_mpf_version'====== Args={'value': 'Mission Pinball Framework v0.81.0.dev2', 'prev_value': None, 'change': True}
2026-07-18 20:51:05,208 : INFO : EventManager : Event: ======'machine_var_mpf_extended_version'====== Args={'value': 'Mission Pinball Framework v0.81.0.dev2, Config version:6, Show version: 6, BCP version:1.1', 'prev_value': None, 'change': True}
2026-07-18 20:51:05,208 : INFO : EventManager : Event: ======'machine_var_python_version'====== Args={'value': '3.11.5', 'prev_value': None, 'change': True}
2026-07-18 20:51:05,258 : INFO : EventManager : Event: ======'machine_var_platform'====== Args={'value': 'Windows-10-10.0.26200-SP0', 'prev_value': None, 'change': True}
2026-07-18 20:51:05,259 : INFO : EventManager : Event: ======'machine_var_platform_system'====== Args={'value': 'Windows', 'prev_value': None, 'change': True}
2026-07-18 20:51:05,259 : INFO : EventManager : Event: ======'machine_var_platform_release'====== Args={'value': '10', 'prev_value': None, 'change': True}
2026-07-18 20:51:05,259 : INFO : EventManager : Event: ======'machine_var_platform_version'====== Args={'value': '10.0.26200', 'prev_value': None, 'change': True}
2026-07-18 20:51:05,259 : INFO : EventManager : Event: ======'machine_var_platform_machine'====== Args={'value': 'AMD64', 'prev_value': None, 'change': True}
2026-07-18 20:51:05,259 : INFO : EventManager : Event: ======'machine_var_log_file_path'====== Args={'value': 'C:\\Users\\yorel\\Documents\\KMF\\KMF Code\\logs\\2026-07-18-20-51-04-mpf-MSI.log', 'prev_value': None, 'change': True}
2026-07-18 20:51:05,259 : INFO : EventManager : Event: ======'init_phase_1'====== Args={}
2026-07-18 20:51:05,259 : DEBUG : ModeController : Loaded mode base
2026-07-18 20:51:05,265 : DEBUG : ModeController : Loaded mode attract
2026-07-18 20:51:05,270 : DEBUG : ModeController : Loaded mode game
2026-07-18 20:51:05,280 : INFO : EventManager : Event: ======'init_phase_2'====== Args={}
2026-07-18 20:51:05,282 : INFO : EventManager : Event: ======'bcp_connection_attempt'====== Args={'name': 'local_display', 'host': 'localhost', 'port': 5050}
2026-07-18 20:51:05,284 : INFO : BCPClientSocket : Connecting BCP to 'local_display' at localhost:5050...
2026-07-18 20:51:05,293 : INFO : BCPClientSocket : Connected BCP to 'local_display' localhost:5050
2026-07-18 20:51:05,294 : INFO : EventManager : Event: ======'bcp_clients_connected'====== Args={}
2026-07-18 20:51:05,294 : INFO : ball_device.bd_plunger : BCH: Initial count: 0
2026-07-18 20:51:05,294 : INFO : ball_device.bd_plunger : State: idle
2026-07-18 20:51:05,295 : INFO : ball_device.bd_trough : BCH: Initial count: 0
2026-07-18 20:51:05,295 : INFO : ball_device.bd_trough : State: idle
2026-07-18 20:51:05,297 : DEBUG : Machine : "info_lights:" section not found in machine configuration, so the InfoLights will not be used.
2026-07-18 20:51:05,299 : DEBUG : Machine : "switch_player:" section not found in machine configuration, so the SwitchPlayer will not be used.
2026-07-18 20:51:05,302 : DEBUG : Machine : "twitch_client:" section not found in machine configuration, so the TwitchBot will not be used.
2026-07-18 20:51:05,302 : DEBUG : Machine : "virtual_segment_display_connector:" section not found in machine configuration, so the VirtualSegmentDisplayConnector will not be used.
2026-07-18 20:51:05,302 : INFO : EventManager : Event: ======'init_phase_3'====== Args={}
2026-07-18 20:51:05,302 : DEBUG : ShowController : Loading show: flash
2026-07-18 20:51:05,305 : DEBUG : ShowController : Loading show: on
2026-07-18 20:51:05,306 : DEBUG : ShowController : Loading show: off
2026-07-18 20:51:05,306 : DEBUG : ShowController : Loading show: led_color
2026-07-18 20:51:05,307 : DEBUG : ShowController : Loading show: bl_color
2026-07-18 20:51:05,307 : DEBUG : ShowController : Loading show: flash_color
2026-07-18 20:51:05,308 : INFO : EventManager : Event: ======'init_phase_4'====== Args={}
2026-07-18 20:51:05,308 : INFO : BallController : Initial balls found: 0
2026-07-18 20:51:05,309 : INFO : EventManager : Event: ======'machine_var_audits_switches_s_right_3_bank_standup_1_lowest'====== Args={'value': 0, 'prev_value': None, 'change': True}
2026-07-18 20:51:05,311 : INFO : EventManager : Event: ======'machine_var_audits_switches_s_left_outlane'====== Args={'value': 0, 'prev_value': None, 'change': True}
2026-07-18 20:51:05,311 : INFO : EventManager : Event: ======'machine_var_audits_switches_s_right_spinner_opto'====== Args={'value': 0, 'prev_value': None, 'change': True}
2026-07-18 20:51:05,311 : INFO : EventManager : Event: ======'machine_var_audits_switches_s_star_rollover_8'====== Args={'value': 0, 'prev_value': None, 'change': True}
2026-07-18 20:51:05,311 : INFO : EventManager : Event: ======'machine_var_audits_switches_s_left_flipper'====== Args={'value': 0, 'prev_value': None, 'change': True}
2026-07-18 20:51:05,311 : INFO : EventManager : Event: ======'machine_var_audits_switches_s_rollover_lane_b'====== Args={'value': 0, 'prev_value': None, 'change': True}
2026-07-18 20:51:05,311 : INFO : EventManager : Event: ======'machine_var_audits_switches_s_right_rear_pop'====== Args={'value': 0, 'prev_value': None, 'change': True}
2026-07-18 20:51:05,311 : INFO : EventManager : Event: ======'machine_var_audits_switches_s_start'====== Args={'value': 0, 'prev_value': None, 'change': True}
2026-07-18 20:51:05,311 : INFO : EventManager : Event: ======'machine_var_audits_switches_s_ left_spinner_opto'====== Args={'value': 0, 'prev_value': None, 'change': True}
2026-07-18 20:51:05,311 : INFO : EventManager : Event: ======'machine_var_audits_switches_s_right_standup_target_at_ramp_entry'====== Args={'value': 0, 'prev_value': None, 'change': True}
2026-07-18 20:51:05,311 : INFO : EventManager : Event: ======'machine_var_audits_switches_s_left_rear_pop'====== Args={'value': 0, 'prev_value': None, 'change': True}
2026-07-18 20:51:05,311 : INFO : EventManager : Event: ======'machine_var_audits_switches_s_left_eos'====== Args={'value': 0, 'prev_value': None, 'change': True}
2026-07-18 20:51:05,311 : INFO : EventManager : Event: ======'machine_var_audits_switches_s_left_3_bank_standup_1_lowest'====== Args={'value': 0, 'prev_value': None, 'change': True}
2026-07-18 20:51:05,311 : INFO : EventManager : Event: ======'machine_var_audits_switches_s_right_upper_level_flipper'====== Args={'value': 0, 'prev_value': None, 'change': True}
2026-07-18 20:51:05,311 : INFO : EventManager : Event: ======'machine_var_audits_switches_s_right_outlane'====== Args={'value': 0, 'prev_value': None, 'change': True}
2026-07-18 20:51:05,311 : INFO : EventManager : Event: ======'machine_var_audits_switches_s_left_standup_target_at_ramp_entry'====== Args={'value': 0, 'prev_value': None, 'change': True}
2026-07-18 20:51:05,311 : INFO : EventManager : Event: ======'machine_var_audits_switches_s_left_front_pop'====== Args={'value': 0, 'prev_value': None, 'change': True}
2026-07-18 20:51:05,311 : INFO : EventManager : Event: ======'machine_var_audits_switches_s_trough_1_opto'====== Args={'value': 0, 'prev_value': None, 'change': True}
2026-07-18 20:51:05,311 : INFO : EventManager : Event: ======'machine_var_audits_switches_s_right_upper_level_flipper_eos'====== Args={'value': 0, 'prev_value': None, 'change': True}
2026-07-18 20:51:05,311 : INFO : EventManager : Event: ======'machine_var_audits_switches_s_right_ramp_exit'====== Args={'value': 0, 'prev_value': None, 'change': True}
2026-07-18 20:51:05,311 : INFO : EventManager : Event: ======'machine_var_audits_switches_s_KMF_center_target'====== Args={'value': 0, 'prev_value': None, 'change': True}
2026-07-18 20:51:05,311 : INFO : EventManager : Event: ======'machine_var_audits_switches_s_right_3_bank_standup_2_middle'====== Args={'value': 0, 'prev_value': None, 'change': True}
2026-07-18 20:51:05,311 : INFO : EventManager : Event: ======'machine_var_audits_switches_s_right_front_pop'====== Args={'value': 0, 'prev_value': None, 'change': True}
2026-07-18 20:51:05,311 : INFO : EventManager : Event: ======'machine_var_audits_switches_s_left_ramp_exit'====== Args={'value': 0, 'prev_value': None, 'change': True}
2026-07-18 20:51:05,311 : INFO : EventManager : Event: ======'machine_var_audits_switches_s_wireform_exit_right_opto'====== Args={'value': 0, 'prev_value': None, 'change': True}
2026-07-18 20:51:05,311 : INFO : EventManager : Event: ======'machine_var_audits_switches_s_trough_3_opto'====== Args={'value': 0, 'prev_value': None, 'change': True}
2026-07-18 20:51:05,311 : INFO : EventManager : Event: ======'machine_var_audits_switches_s_rollover_lane_a'====== Args={'value': 0, 'prev_value': None, 'change': True}
2026-07-18 20:51:05,311 : INFO : EventManager : Event: ======'machine_var_audits_switches_s_left_balcony_bow'====== Args={'value': 0, 'prev_value': None, 'change': True}
2026-07-18 20:51:05,311 : INFO : EventManager : Event: ======'machine_var_audits_switches_s_left_drop'====== Args={'value': 0, 'prev_value': None, 'change': True}
2026-07-18 20:51:05,311 : INFO : EventManager : Event: ======'machine_var_audits_switches_s_right_drop'====== Args={'value': 0, 'prev_value': None, 'change': True}
2026-07-18 20:51:05,311 : INFO : EventManager : Event: ======'machine_var_audits_switches_s_center_drop'====== Args={'value': 0, 'prev_value': None, 'change': True}
2026-07-18 20:51:05,311 : INFO : EventManager : Event: ======'machine_var_audits_switches_s_star_rollover_4'====== Args={'value': 0, 'prev_value': None, 'change': True}
2026-07-18 20:51:05,311 : INFO : EventManager : Event: ======'machine_var_audits_switches_s_star_rollover_3'====== Args={'value': 0, 'prev_value': None, 'change': True}
2026-07-18 20:51:05,312 : INFO : EventManager : Event: ======'machine_var_audits_switches_s_left_3_bank_standup_3_highest'====== Args={'value': 0, 'prev_value': None, 'change': True}
2026-07-18 20:51:05,312 : INFO : EventManager : Event: ======'machine_var_audits_switches_s_star_rollover_2'====== Args={'value': 0, 'prev_value': None, 'change': True}
2026-07-18 20:51:05,312 : INFO : EventManager : Event: ======'machine_var_audits_switches_s_ bogieland_drain'====== Args={'value': 0, 'prev_value': None, 'change': True}
2026-07-18 20:51:05,312 : INFO : EventManager : Event: ======'machine_var_audits_switches_s_rollover_lane_c'====== Args={'value': 0, 'prev_value': None, 'change': True}
2026-07-18 20:51:05,312 : INFO : EventManager : Event: ======'machine_var_audits_switches_s_right_balcony_bow'====== Args={'value': 0, 'prev_value': None, 'change': True}
2026-07-18 20:51:05,312 : INFO : EventManager : Event: ======'machine_var_audits_switches_s_right_3_bank_standup_3_highest'====== Args={'value': 0, 'prev_value': None, 'change': True}
2026-07-18 20:51:05,312 : INFO : EventManager : Event: ======'machine_var_audits_switches_s_right_inlane'====== Args={'value': 0, 'prev_value': None, 'change': True}
2026-07-18 20:51:05,312 : INFO : EventManager : Event: ======'machine_var_audits_switches_s_star_rollover_5'====== Args={'value': 0, 'prev_value': None, 'change': True}
2026-07-18 20:51:05,312 : INFO : EventManager : Event: ======'machine_var_audits_switches_s_right_sling'====== Args={'value': 0, 'prev_value': None, 'change': True}
2026-07-18 20:51:05,312 : INFO : EventManager : Event: ======'machine_var_audits_switches_s_wireform_exit_left_opto'====== Args={'value': 0, 'prev_value': None, 'change': True}
2026-07-18 20:51:05,312 : INFO : EventManager : Event: ======'machine_var_audits_switches_s_left_inlane'====== Args={'value': 0, 'prev_value': None, 'change': True}
2026-07-18 20:51:05,312 : INFO : EventManager : Event: ======'machine_var_audits_switches_s_star_rollover_6'====== Args={'value': 0, 'prev_value': None, 'change': True}
2026-07-18 20:51:05,312 : INFO : EventManager : Event: ======'machine_var_audits_switches_s_eject_hole'====== Args={'value': 0, 'prev_value': None, 'change': True}
2026-07-18 20:51:05,312 : INFO : EventManager : Event: ======'machine_var_audits_switches_s_trough_2_opto'====== Args={'value': 0, 'prev_value': None, 'change': True}
2026-07-18 20:51:05,312 : INFO : EventManager : Event: ======'machine_var_audits_switches_s_plunger_lane'====== Args={'value': 0, 'prev_value': None, 'change': True}
2026-07-18 20:51:05,312 : INFO : EventManager : Event: ======'machine_var_audits_switches_s_star_rollover_1'====== Args={'value': 0, 'prev_value': None, 'change': True}
2026-07-18 20:51:05,312 : INFO : EventManager : Event: ======'machine_var_audits_switches_s_left_upper_level_flipper'====== Args={'value': 0, 'prev_value': None, 'change': True}
2026-07-18 20:51:05,312 : INFO : EventManager : Event: ======'machine_var_audits_switches_s_star_rollover_7'====== Args={'value': 0, 'prev_value': None, 'change': True}
2026-07-18 20:51:05,312 : INFO : EventManager : Event: ======'machine_var_audits_switches_s_left_upper_level_flipper_eos'====== Args={'value': 0, 'prev_value': None, 'change': True}
2026-07-18 20:51:05,312 : INFO : EventManager : Event: ======'machine_var_audits_switches_s_right_eos'====== Args={'value': 0, 'prev_value': None, 'change': True}
2026-07-18 20:51:05,312 : INFO : EventManager : Event: ======'machine_var_audits_switches_s_star_rollover_9'====== Args={'value': 0, 'prev_value': None, 'change': True}
2026-07-18 20:51:05,312 : INFO : EventManager : Event: ======'machine_var_audits_switches_s_left_3_bank_standup_2_middle'====== Args={'value': 0, 'prev_value': None, 'change': True}
2026-07-18 20:51:05,312 : INFO : EventManager : Event: ======'machine_var_audits_switches_s_right_flipper'====== Args={'value': 0, 'prev_value': None, 'change': True}
2026-07-18 20:51:05,312 : INFO : EventManager : Event: ======'machine_var_audits_switches_s_left_sling'====== Args={'value': 0, 'prev_value': None, 'change': True}
2026-07-18 20:51:05,312 : INFO : EventManager : Event: ======'machine_var_audits_events_game_started'====== Args={'value': 0, 'prev_value': None, 'change': True}
2026-07-18 20:51:05,313 : INFO : EventManager : Event: ======'machine_var_audits_events_game_ended'====== Args={'value': 0, 'prev_value': None, 'change': True}
2026-07-18 20:51:05,313 : INFO : EventManager : Event: ======'machine_var_audits_player_score'====== Args={'value': {'top': [], 'average': 0, 'total': 0}, 'prev_value': None, 'change': True}
2026-07-18 20:51:05,313 : INFO : EventManager : Event: ======'init_phase_5'====== Args={}
2026-07-18 20:51:05,313 : INFO : EventManager : Event: ======'init_done'====== Args={}
2026-07-18 20:51:05,313 : INFO : EventManager : Event: ======'machine_reset_phase_1'====== Args={}
2026-07-18 20:51:05,319 : INFO : EventManager : Event: ======'machine_reset_phase_2'====== Args={}
2026-07-18 20:51:05,320 : INFO : EventManager : Event: ======'machine_reset_phase_3'====== Args={}
2026-07-18 20:51:05,320 : INFO : EventManager : Event: ======'reset_complete'====== Args={}
2026-07-18 20:51:05,320 : INFO : EventManager : Event: ======'mode_attract_will_start'====== Args={}
2026-07-18 20:51:05,320 : INFO : Timer.attract_carousel_timer : Starting Timer.
2026-07-18 20:51:05,321 : INFO : EventManager : Event: ======'timer_attract_carousel_timer_started'====== Args={'ticks': 0, 'ticks_remaining': 1}
2026-07-18 20:51:05,321 : INFO : EventManager : Event: ======'timer_attract_carousel_timer_tick'====== Args={'ticks': 0, 'ticks_remaining': 1}
2026-07-18 20:51:05,322 : INFO : EventManager : Event: ======'mode_attract_starting'====== Args={}
2026-07-18 20:51:05,322 : INFO : Mode.attract : Started. Priority: 10
2026-07-18 20:51:05,322 : INFO : EventManager : Event: ======'modes_active_modes_changed'====== Args={}
2026-07-18 20:51:05,322 : INFO : EventManager : Event: ======'mode_attract_started'====== Args={}
2026-07-18 20:51:05,323 : INFO : EventManager : Event: ======'collecting_balls_complete'====== Args={}
2026-07-18 20:51:05,338 : INFO : EventManager : Event: ======'carousel_item_highlighted'====== Args={'carousel': 'attract', 'direction': None, 'item': 'title'}
2026-07-18 20:51:05,339 : INFO : Machine : Starting the main run loop with active modes: [<Mode.attract>]
2026-07-18 20:51:05,371 : INFO : EventManager : Event: ======'slide_attract_created'====== Args={'_from_bcp': True}
2026-07-18 20:51:05,371 : INFO : EventManager : Event: ======'slide__removed'====== Args={'_from_bcp': True}
2026-07-18 20:51:05,371 : INFO : EventManager : Event: ======'slide_attract_active'====== Args={'original_context': 'attract', 'original_calling_context': 'mode_attract_started', 'priority': 10.0, 'cmd': 'slides_play', '_from_bcp': True}
2026-07-18 20:51:10,318 : INFO : Timer.attract_carousel_timer : Timer Complete
2026-07-18 20:51:10,318 : INFO : Timer.attract_carousel_timer : Stopping Timer
2026-07-18 20:51:10,318 : INFO : EventManager : Event: ======'timer_attract_carousel_timer_stopped'====== Args={'ticks': 1, 'ticks_remaining': 1}
2026-07-18 20:51:10,319 : INFO : EventManager : Event: ======'timer_attract_carousel_timer_complete'====== Args={'ticks': 1, 'ticks_remaining': 1}
2026-07-18 20:51:10,319 : INFO : EventManager : Event: ======'carousel_item_highlighted'====== Args={'carousel': 'attract', 'direction': 'forwards', 'item': 'credits'}
2026-07-18 20:51:20,610 : INFO : Machine : Shutting down...
2026-07-18 20:51:20,612 : INFO : EventManager : Event: ======'shutdown'====== Args={}
2026-07-18 20:51:20,626 : INFO : root : MPF run loop ended.
