2026-07-05 10:39:08,809 : INFO : root : Loading config.
2026-07-05 10:39:08,819 : INFO : YamlMultifileConfigLoader : Machine config file #1: config.yaml
2026-07-05 10:39:08,821 : WARNING : ConfigProcessor : Config file in cache changed: C:\Users\yorel\Documents\KMF\KMF Code\config\config.yaml
2026-07-05 10:39:08,821 : INFO : ConfigProcessor : Loading config from file C:\Users\yorel\Documents\mpf-env-80\Lib\site-packages\mpf\mpfconfig.yaml.
2026-07-05 10:39:08,845 : INFO : ConfigProcessor : Loading config: C:\Users\yorel\Documents\mpf-env-80\Lib\site-packages\mpf\mpfconfig.yaml
2026-07-05 10:39:08,845 : INFO : ConfigProcessor : Loading config from file C:\Users\yorel\Documents\KMF\KMF Code\config\config.yaml.
2026-07-05 10:39:08,849 : INFO : ConfigProcessor : Loading config: C:\Users\yorel\Documents\KMF\KMF Code\config\config.yaml
2026-07-05 10:39:08,850 : INFO : ConfigProcessor : Config file cache created: C:\Users\yorel\AppData\Local\Temp\e4574a669b04b9b63f2509acba37fa15.mpf_cache
2026-07-05 10:39:08,964 : INFO : ConfigProcessor : Loading config from cache: C:\Users\yorel\AppData\Local\Temp\a3b95e4c04a1ac62e5a55f9ea03887d0.mpf_cache
2026-07-05 10:39:08,965 : INFO : ConfigProcessor : Loading config from cache: C:\Users\yorel\AppData\Local\Temp\e52c7621daabe5c520004c2331533e7f.mpf_cache
2026-07-05 10:39:08,966 : INFO : ConfigProcessor : Loading config from cache: C:\Users\yorel\AppData\Local\Temp\a3b95e4c04a1ac62e5a55f9ea03887d0.mpf_cache
2026-07-05 10:39:08,967 : INFO : ConfigProcessor : Loading config from cache: C:\Users\yorel\AppData\Local\Temp\adec83306147c6c0299d94bb4067de98.mpf_cache
2026-07-05 10:39:08,967 : INFO : Machine : Mission Pinball Framework Core Engine v0.81.0.dev2
2026-07-05 10:39:08,967 : INFO : Machine : Command line arguments: {'no_load_cache': False, 'create_config_cache': True, 'bcp': True, 'configfile': ['config.yaml'], 'force_assets_load': False, 'platform_integration_test': False, 'jsonlogging': False, 'logfile': 'logs\\2026-07-05-10-39-08-mpf-MSI.log', 'pause': False, 'production': False, 'text_ui': True, 'loglevel': 15, 'consoleloglevel': 20, 'force_platform': None, 'syslog_address': None, 'full_logfile_path': 'C:\\Users\\yorel\\Documents\\KMF\\KMF Code\\logs\\2026-07-05-10-39-08-mpf-MSI.log'}
2026-07-05 10:39:08,968 : INFO : Machine : MPF path: C:\Users\yorel\Documents\mpf-env-80\Lib\site-packages\mpf
2026-07-05 10:39:08,968 : INFO : Machine : Machine path: C:\Users\yorel\Documents\KMF\KMF Code
2026-07-05 10:39:08,968 : INFO : Machine : Platform: win32
2026-07-05 10:39:08,968 : INFO : Machine : Python executable location: C:\Users\yorel\Documents\mpf-env-80\Scripts\python.exe
2026-07-05 10:39:08,968 : INFO : Machine : Python version: 3.11.5 (64-bit)
2026-07-05 10:39:08,969 : INFO : Machine : Initializing MPF...
2026-07-05 10:39:10,659 : INFO : EventManager : Event: ======'machine_var_credits_string'====== Args={'value': 'FREE PLAY', 'prev_value': None, 'change': True}
2026-07-05 10:39:10,732 : INFO : EventManager : Event: ======'machine_var_master_volume'====== Args={'value': 0.5, 'prev_value': None, 'change': True}
2026-07-05 10:39:10,732 : INFO : EventManager : Event: ======'machine_var_mpf_version'====== Args={'value': 'Mission Pinball Framework v0.81.0.dev2', 'prev_value': None, 'change': True}
2026-07-05 10:39:10,732 : INFO : EventManager : Event: ======'machine_var_mpf_extended_version'====== Args={'value': 'Mission Pinball Framework v0.81.0.dev2, Config version:6, Show version: 6, BCP version:1.1', 'prev_value': None, 'change': True}
2026-07-05 10:39:10,733 : INFO : EventManager : Event: ======'machine_var_python_version'====== Args={'value': '3.11.5', 'prev_value': None, 'change': True}
2026-07-05 10:39:10,902 : INFO : EventManager : Event: ======'machine_var_platform'====== Args={'value': 'Windows-10-10.0.26200-SP0', 'prev_value': None, 'change': True}
2026-07-05 10:39:10,902 : INFO : EventManager : Event: ======'machine_var_platform_system'====== Args={'value': 'Windows', 'prev_value': None, 'change': True}
2026-07-05 10:39:10,902 : INFO : EventManager : Event: ======'machine_var_platform_release'====== Args={'value': '10', 'prev_value': None, 'change': True}
2026-07-05 10:39:10,902 : INFO : EventManager : Event: ======'machine_var_platform_version'====== Args={'value': '10.0.26200', 'prev_value': None, 'change': True}
2026-07-05 10:39:10,902 : INFO : EventManager : Event: ======'machine_var_platform_machine'====== Args={'value': 'AMD64', 'prev_value': None, 'change': True}
2026-07-05 10:39:10,902 : INFO : EventManager : Event: ======'machine_var_log_file_path'====== Args={'value': 'C:\\Users\\yorel\\Documents\\KMF\\KMF Code\\logs\\2026-07-05-10-39-08-mpf-MSI.log', 'prev_value': None, 'change': True}
2026-07-05 10:39:10,903 : INFO : EventManager : Event: ======'init_phase_1'====== Args={}
2026-07-05 10:39:10,939 : INFO : EventManager : Event: ======'init_phase_2'====== Args={}
2026-07-05 10:39:10,941 : INFO : EventManager : Event: ======'bcp_connection_attempt'====== Args={'name': 'local_display', 'host': 'localhost', 'port': 5050}
2026-07-05 10:39:10,945 : INFO : BCPClientSocket : Connecting BCP to 'local_display' at localhost:5050...
2026-07-05 10:39:27,786 : INFO : Machine : Starting the main run loop with active modes: []
2026-07-05 10:39:27,786 : WARNING : Machine : Attract mode is not active, game will not be playable. Please check your attract mode configuration.
2026-07-05 10:39:27,787 : INFO : Machine : Shutting down...
2026-07-05 10:39:27,787 : INFO : EventManager : Event: ======'shutdown'====== Args={}
2026-07-05 10:39:28,797 : INFO : root : MPF run loop ended.
