2026-06-20 15:55:13,278 : INFO : root : Loading config.
2026-06-20 15:55:13,280 : INFO : YamlMultifileConfigLoader : Machine config file #1: config.yaml
2026-06-20 15:55:13,280 : INFO : ConfigProcessor : Loading config from cache: C:\Users\yorel\AppData\Local\Temp\e4574a669b04b9b63f2509acba37fa15.mpf_cache
2026-06-20 15:55:13,323 : INFO : ConfigProcessor : Loading config from cache: C:\Users\yorel\AppData\Local\Temp\a3b95e4c04a1ac62e5a55f9ea03887d0.mpf_cache
2026-06-20 15:55:13,324 : INFO : ConfigProcessor : Loading config from cache: C:\Users\yorel\AppData\Local\Temp\e52c7621daabe5c520004c2331533e7f.mpf_cache
2026-06-20 15:55:13,324 : INFO : ConfigProcessor : Loading config from cache: C:\Users\yorel\AppData\Local\Temp\a3b95e4c04a1ac62e5a55f9ea03887d0.mpf_cache
2026-06-20 15:55:13,324 : INFO : ConfigProcessor : Loading config from cache: C:\Users\yorel\AppData\Local\Temp\adec83306147c6c0299d94bb4067de98.mpf_cache
2026-06-20 15:55:13,325 : INFO : Machine : Mission Pinball Framework Core Engine v0.81.0.dev2
2026-06-20 15:55:13,325 : INFO : Machine : Command line arguments: {'no_load_cache': False, 'create_config_cache': True, 'bcp': True, 'configfile': ['config.yaml'], 'force_assets_load': False, 'platform_integration_test': False, 'jsonlogging': False, 'logfile': 'logs\\2026-06-20-15-55-13-mpf-MSI.log', 'pause': False, 'production': False, 'text_ui': False, 'loglevel': 15, 'consoleloglevel': 20, 'force_platform': 'virtual', 'syslog_address': None, 'full_logfile_path': 'C:\\Users\\yorel\\Documents\\KMF\\KMF Code\\logs\\2026-06-20-15-55-13-mpf-MSI.log'}
2026-06-20 15:55:13,325 : INFO : Machine : MPF path: C:\Users\yorel\Documents\mpf-env-80\Lib\site-packages\mpf
2026-06-20 15:55:13,325 : INFO : Machine : Machine path: C:\Users\yorel\Documents\KMF\KMF Code
2026-06-20 15:55:13,325 : INFO : Machine : Platform: win32
2026-06-20 15:55:13,325 : INFO : Machine : Python executable location: C:\Users\yorel\Documents\mpf-env-80\Scripts\python.exe
2026-06-20 15:55:13,325 : INFO : Machine : Python version: 3.11.5 (64-bit)
2026-06-20 15:55:13,326 : INFO : Machine : Initializing MPF...
2026-06-20 15:55:13,396 : INFO : EventManager : Event: ======'machine_var_credits_string'====== Args={'value': 'FREE PLAY', 'prev_value': None, 'change': True}
2026-06-20 15:55:13,408 : INFO : EventManager : Event: ======'machine_var_master_volume'====== Args={'value': 0.5, 'prev_value': None, 'change': True}
2026-06-20 15:55:13,408 : INFO : EventManager : Event: ======'machine_var_mpf_version'====== Args={'value': 'Mission Pinball Framework v0.81.0.dev2', 'prev_value': None, 'change': True}
2026-06-20 15:55:13,408 : INFO : EventManager : Event: ======'machine_var_mpf_extended_version'====== Args={'value': 'Mission Pinball Framework v0.81.0.dev2, Config version:6, Show version: 6, BCP version:1.1', 'prev_value': None, 'change': True}
2026-06-20 15:55:13,408 : INFO : EventManager : Event: ======'machine_var_python_version'====== Args={'value': '3.11.5', 'prev_value': None, 'change': True}
2026-06-20 15:55:13,461 : INFO : EventManager : Event: ======'machine_var_platform'====== Args={'value': 'Windows-10-10.0.26200-SP0', 'prev_value': None, 'change': True}
2026-06-20 15:55:13,461 : INFO : EventManager : Event: ======'machine_var_platform_system'====== Args={'value': 'Windows', 'prev_value': None, 'change': True}
2026-06-20 15:55:13,462 : INFO : EventManager : Event: ======'machine_var_platform_release'====== Args={'value': '10', 'prev_value': None, 'change': True}
2026-06-20 15:55:13,462 : INFO : EventManager : Event: ======'machine_var_platform_version'====== Args={'value': '10.0.26200', 'prev_value': None, 'change': True}
2026-06-20 15:55:13,462 : INFO : EventManager : Event: ======'machine_var_platform_machine'====== Args={'value': 'AMD64', 'prev_value': None, 'change': True}
2026-06-20 15:55:13,462 : INFO : EventManager : Event: ======'machine_var_log_file_path'====== Args={'value': 'C:\\Users\\yorel\\Documents\\KMF\\KMF Code\\logs\\2026-06-20-15-55-13-mpf-MSI.log', 'prev_value': None, 'change': True}
2026-06-20 15:55:13,462 : INFO : EventManager : Event: ======'init_phase_1'====== Args={}
2026-06-20 15:55:13,468 : INFO : EventManager : Event: ======'init_phase_2'====== Args={}
2026-06-20 15:55:13,468 : INFO : EventManager : Event: ======'bcp_connection_attempt'====== Args={'name': 'local_display', 'host': 'localhost', 'port': 5050}
2026-06-20 15:55:13,469 : INFO : BCPClientSocket : Connecting BCP to 'local_display' at localhost:5050...
2026-06-20 15:57:05,479 : INFO : BCPClientSocket : Connected BCP to 'local_display' localhost:5050
2026-06-20 15:57:05,480 : INFO : EventManager : Event: ======'bcp_clients_connected'====== Args={}
2026-06-20 15:57:05,486 : INFO : EventManager : Event: ======'init_phase_3'====== Args={}
2026-06-20 15:57:05,488 : INFO : EventManager : Event: ======'init_phase_4'====== Args={}
2026-06-20 15:57:05,489 : INFO : EventManager : Event: ======'machine_var_audits_events_game_started'====== Args={'value': 0, 'prev_value': None, 'change': True}
2026-06-20 15:57:05,489 : INFO : EventManager : Event: ======'machine_var_audits_events_game_ended'====== Args={'value': 0, 'prev_value': None, 'change': True}
2026-06-20 15:57:05,489 : INFO : EventManager : Event: ======'machine_var_audits_player_score'====== Args={'value': {'top': [], 'average': 0, 'total': 0}, 'prev_value': None, 'change': True}
2026-06-20 15:57:05,489 : INFO : EventManager : Event: ======'init_phase_5'====== Args={}
2026-06-20 15:57:05,489 : INFO : EventManager : Event: ======'init_done'====== Args={}
2026-06-20 15:57:05,489 : INFO : EventManager : Event: ======'machine_reset_phase_1'====== Args={}
2026-06-20 15:57:05,492 : INFO : EventManager : Event: ======'machine_reset_phase_2'====== Args={}
2026-06-20 15:57:05,492 : INFO : EventManager : Event: ======'machine_reset_phase_3'====== Args={}
2026-06-20 15:57:05,492 : INFO : EventManager : Event: ======'reset_complete'====== Args={}
2026-06-20 15:57:05,492 : INFO : EventManager : Event: ======'mode_attract_will_start'====== Args={}
2026-06-20 15:57:05,492 : INFO : EventManager : Event: ======'mode_attract_starting'====== Args={}
2026-06-20 15:57:05,492 : INFO : Mode.attract : Started. Priority: 10
2026-06-20 15:57:05,492 : INFO : EventManager : Event: ======'modes_active_modes_changed'====== Args={}
2026-06-20 15:57:05,492 : INFO : EventManager : Event: ======'mode_attract_started'====== Args={}
2026-06-20 15:57:05,492 : INFO : EventManager : Event: ======'collecting_balls_complete'====== Args={}
2026-06-20 15:57:05,494 : INFO : Machine : Starting the main run loop with active modes: [<Mode.attract>]
2026-06-20 15:57:05,506 : INFO : EventManager : Event: ======'slide_attract_created'====== Args={'_from_bcp': True}
2026-06-20 15:57:05,506 : INFO : EventManager : Event: ======'slide__removed'====== Args={'_from_bcp': True}
2026-06-20 15:57:05,507 : INFO : EventManager : Event: ======'slide_attract_active'====== Args={'original_context': 'attract', 'original_calling_context': 'mode_attract_started', 'priority': 10.0, 'cmd': 'slides_play', '_from_bcp': True}
2026-06-20 15:57:34,556 : INFO : Machine : Shutting down...
2026-06-20 15:57:34,556 : INFO : EventManager : Event: ======'shutdown'====== Args={}
2026-06-20 15:57:34,561 : INFO : root : MPF run loop ended.
