2026-07-19 17:07:30,235 : INFO : root : Loading config.
2026-07-19 17:07:30,251 : INFO : YamlMultifileConfigLoader : Machine config file #1: config.yaml
2026-07-19 17:07:30,252 : INFO : ConfigProcessor : Loading config from cache: C:\Users\yorel\AppData\Local\Temp\e4574a669b04b9b63f2509acba37fa15.mpf_cache
2026-07-19 17:07:30,415 : INFO : ConfigProcessor : Loading config from cache: C:\Users\yorel\AppData\Local\Temp\a3b95e4c04a1ac62e5a55f9ea03887d0.mpf_cache
2026-07-19 17:07:30,419 : INFO : ConfigProcessor : Loading config from cache: C:\Users\yorel\AppData\Local\Temp\e52c7621daabe5c520004c2331533e7f.mpf_cache
2026-07-19 17:07:30,421 : INFO : ConfigProcessor : Loading config from cache: C:\Users\yorel\AppData\Local\Temp\a3b95e4c04a1ac62e5a55f9ea03887d0.mpf_cache
2026-07-19 17:07:30,423 : INFO : ConfigProcessor : Loading config from cache: C:\Users\yorel\AppData\Local\Temp\adec83306147c6c0299d94bb4067de98.mpf_cache
2026-07-19 17:07:30,425 : INFO : ConfigProcessor : Loading config from cache: C:\Users\yorel\AppData\Local\Temp\00c8d757238c2450cc6de420e2d1696f.mpf_cache
2026-07-19 17:07:30,427 : INFO : Machine : Mission Pinball Framework Core Engine v0.81.0.dev2
2026-07-19 17:07:30,427 : INFO : Machine : Command line arguments: {'no_load_cache': False, 'create_config_cache': True, 'bcp': True, 'configfile': ['config.yaml'], 'force_assets_load': False, 'platform_integration_test': False, 'jsonlogging': False, 'logfile': 'logs\\2026-07-19-17-07-30-mpf-MSI.log', 'pause': False, 'production': False, 'text_ui': True, 'loglevel': 15, 'consoleloglevel': 20, 'force_platform': None, 'syslog_address': None, 'full_logfile_path': 'C:\\Users\\yorel\\Documents\\KMF\\KMF Code\\logs\\2026-07-19-17-07-30-mpf-MSI.log'}
2026-07-19 17:07:30,427 : INFO : Machine : MPF path: C:\Users\yorel\Documents\mpf-env-80\Lib\site-packages\mpf
2026-07-19 17:07:30,427 : INFO : Machine : Machine path: C:\Users\yorel\Documents\KMF\KMF Code
2026-07-19 17:07:30,427 : INFO : Machine : Platform: win32
2026-07-19 17:07:30,427 : INFO : Machine : Python executable location: C:\Users\yorel\Documents\mpf-env-80\Scripts\python.exe
2026-07-19 17:07:30,427 : INFO : Machine : Python version: 3.11.5 (64-bit)
2026-07-19 17:07:30,429 : INFO : Machine : Initializing MPF...
2026-07-19 17:07:32,632 : INFO : FAST : Auto-detecting ports for the following connections: ['net']
2026-07-19 17:07:32,695 : INFO : FAST : Detected NET on port COM4
2026-07-19 17:07:32,812 : INFO : FAST [NET] : Trying to connect to COM4 at 921600bps
2026-07-19 17:07:32,824 : INFO : FAST [NET] : Connected to COM4 at 921600bps
2026-07-19 17:07:32,835 : INFO : FAST [NET] : Connected to FP-CPU-2000 with firmware v02.26
2026-07-19 17:07:32,858 : INFO : FAST [NET] : Registered I/O Board 0: Model: FP-I/O-0024, Firmware: 01.10, Switches: 24, Drivers: 8
2026-07-19 17:07:32,864 : INFO : FAST [NET] : Registered I/O Board 1: Model: FP-I/O-3208, Firmware: 01.10, Switches: 32, Drivers: 8
2026-07-19 17:07:32,883 : INFO : FAST [NET] : Registered I/O Board 2: Model: FP-I/O-1616, Firmware: 01.10, Switches: 16, Drivers: 16
2026-07-19 17:07:32,888 : INFO : FAST [NET] : Registered I/O Board 3: Model: FP-I/O-0804, Firmware: 01.10, Switches: 8, Drivers: 4
2026-07-19 17:07:32,891 : INFO : EventManager : Event: ======'machine_var_credits_string'====== Args={'value': 'FREE PLAY', 'prev_value': None, 'change': True}
2026-07-19 17:07:32,968 : INFO : EventManager : Event: ======'machine_var_master_volume'====== Args={'value': 0.5, 'prev_value': None, 'change': True}
2026-07-19 17:07:32,968 : INFO : EventManager : Event: ======'machine_var_mpf_version'====== Args={'value': 'Mission Pinball Framework v0.81.0.dev2', 'prev_value': None, 'change': True}
2026-07-19 17:07:32,968 : INFO : EventManager : Event: ======'machine_var_mpf_extended_version'====== Args={'value': 'Mission Pinball Framework v0.81.0.dev2, Config version:6, Show version: 6, BCP version:1.1', 'prev_value': None, 'change': True}
2026-07-19 17:07:32,968 : INFO : EventManager : Event: ======'machine_var_python_version'====== Args={'value': '3.11.5', 'prev_value': None, 'change': True}
2026-07-19 17:07:33,107 : INFO : EventManager : Event: ======'machine_var_platform'====== Args={'value': 'Windows-10-10.0.26200-SP0', 'prev_value': None, 'change': True}
2026-07-19 17:07:33,108 : INFO : EventManager : Event: ======'machine_var_platform_system'====== Args={'value': 'Windows', 'prev_value': None, 'change': True}
2026-07-19 17:07:33,108 : INFO : EventManager : Event: ======'machine_var_platform_release'====== Args={'value': '10', 'prev_value': None, 'change': True}
2026-07-19 17:07:33,108 : INFO : EventManager : Event: ======'machine_var_platform_version'====== Args={'value': '10.0.26200', 'prev_value': None, 'change': True}
2026-07-19 17:07:33,108 : INFO : EventManager : Event: ======'machine_var_platform_machine'====== Args={'value': 'AMD64', 'prev_value': None, 'change': True}
2026-07-19 17:07:33,108 : INFO : EventManager : Event: ======'machine_var_log_file_path'====== Args={'value': 'C:\\Users\\yorel\\Documents\\KMF\\KMF Code\\logs\\2026-07-19-17-07-30-mpf-MSI.log', 'prev_value': None, 'change': True}
2026-07-19 17:07:33,108 : INFO : EventManager : Event: ======'init_phase_1'====== Args={}
2026-07-19 17:07:37,248 : INFO : SwitchController : <<<<<<< 's_ left_spinner_opto' active >>>>>>>
2026-07-19 17:07:37,248 : INFO : SwitchController : <<<<<<< 's_right_spinner_opto' active >>>>>>>
2026-07-19 17:07:37,248 : INFO : SwitchController : <<<<<<< 's_left_drop' active >>>>>>>
2026-07-19 17:07:37,249 : INFO : SwitchController : <<<<<<< 's_right_drop' active >>>>>>>
2026-07-19 17:07:37,249 : INFO : SwitchController : <<<<<<< 's_center_drop' active >>>>>>>
2026-07-19 17:07:37,249 : INFO : SwitchController : <<<<<<< 's_trough_1_opto' active >>>>>>>
2026-07-19 17:07:37,249 : INFO : SwitchController : <<<<<<< 's_trough_2_opto' active >>>>>>>
2026-07-19 17:07:37,249 : INFO : SwitchController : <<<<<<< 's_trough_3_opto' active >>>>>>>
2026-07-19 17:07:37,251 : INFO : EventManager : Event: ======'init_phase_2'====== Args={}
2026-07-19 17:07:37,253 : INFO : SwitchController : Found active switch: (57, [FAST Platform Interface]) <switch.s_ left_spinner_opto>
2026-07-19 17:07:37,253 : INFO : SwitchController : Found active switch: (56, [FAST Platform Interface]) <switch.s_right_spinner_opto>
2026-07-19 17:07:37,253 : INFO : SwitchController : Found active switch: (64, [FAST Platform Interface]) <switch.s_left_drop>
2026-07-19 17:07:37,254 : INFO : SwitchController : Found active switch: (47, [FAST Platform Interface]) <switch.s_right_drop>
2026-07-19 17:07:37,254 : INFO : SwitchController : Found active switch: (43, [FAST Platform Interface]) <switch.s_center_drop>
2026-07-19 17:07:37,254 : INFO : SwitchController : Found active switch: (24, [FAST Platform Interface]) <switch.s_trough_1_opto>
2026-07-19 17:07:37,254 : INFO : SwitchController : Found active switch: (25, [FAST Platform Interface]) <switch.s_trough_2_opto>
2026-07-19 17:07:37,254 : INFO : SwitchController : Found active switch: (26, [FAST Platform Interface]) <switch.s_trough_3_opto>
2026-07-19 17:07:37,262 : INFO : EventManager : Event: ======'bcp_connection_attempt'====== Args={'name': 'local_display', 'host': 'localhost', 'port': 5050}
2026-07-19 17:07:37,266 : INFO : BCPClientSocket : Connecting BCP to 'local_display' at localhost:5050...
2026-07-19 17:07:37,288 : INFO : BCPClientSocket : Connected BCP to 'local_display' localhost:5050
2026-07-19 17:07:37,289 : INFO : EventManager : Event: ======'bcp_clients_connected'====== Args={}
2026-07-19 17:07:37,437 : INFO : ball_device.bd_plunger : BCH: Initial count: 0
2026-07-19 17:07:37,437 : INFO : ball_device.bd_plunger : State: idle
2026-07-19 17:07:37,752 : INFO : ball_device.bd_trough : BCH: Initial count: 3
2026-07-19 17:07:37,753 : INFO : ball_device.bd_trough : State: idle
2026-07-19 17:07:37,763 : INFO : EventManager : Event: ======'init_phase_3'====== Args={}
2026-07-19 17:07:37,764 : INFO : EventManager : Event: ======'init_phase_4'====== Args={}
2026-07-19 17:07:37,764 : INFO : BallController : Initial balls found: 3
2026-07-19 17:07:37,766 : INFO : EventManager : Event: ======'machine_var_audits_events_game_ended'====== Args={'value': 0, 'prev_value': None, 'change': True}
2026-07-19 17:07:37,766 : INFO : EventManager : Event: ======'machine_var_audits_events_game_started'====== Args={'value': 5, 'prev_value': None, 'change': True}
2026-07-19 17:07:37,766 : INFO : EventManager : Event: ======'machine_var_audits_missing_switches_s_ bogieland_drain'====== Args={'value': 5, 'prev_value': None, 'change': True}
2026-07-19 17:07:37,766 : INFO : EventManager : Event: ======'machine_var_audits_missing_switches_s_ left_spinner_opto'====== Args={'value': 5, 'prev_value': None, 'change': True}
2026-07-19 17:07:37,766 : INFO : EventManager : Event: ======'machine_var_audits_missing_switches_s_KMF_center_target'====== Args={'value': 5, 'prev_value': None, 'change': True}
2026-07-19 17:07:37,766 : INFO : EventManager : Event: ======'machine_var_audits_missing_switches_s_center_drop'====== Args={'value': 5, 'prev_value': None, 'change': True}
2026-07-19 17:07:37,766 : INFO : EventManager : Event: ======'machine_var_audits_missing_switches_s_eject_hole'====== Args={'value': 5, 'prev_value': None, 'change': True}
2026-07-19 17:07:37,766 : INFO : EventManager : Event: ======'machine_var_audits_missing_switches_s_left_3_bank_standup_1_lowest'====== Args={'value': 5, 'prev_value': None, 'change': True}
2026-07-19 17:07:37,766 : INFO : EventManager : Event: ======'machine_var_audits_missing_switches_s_left_3_bank_standup_2_middle'====== Args={'value': 5, 'prev_value': None, 'change': True}
2026-07-19 17:07:37,766 : INFO : EventManager : Event: ======'machine_var_audits_missing_switches_s_left_3_bank_standup_3_highest'====== Args={'value': 5, 'prev_value': None, 'change': True}
2026-07-19 17:07:37,767 : INFO : EventManager : Event: ======'machine_var_audits_missing_switches_s_left_balcony_bow'====== Args={'value': 5, 'prev_value': None, 'change': True}
2026-07-19 17:07:37,767 : INFO : EventManager : Event: ======'machine_var_audits_missing_switches_s_left_drop'====== Args={'value': 5, 'prev_value': None, 'change': True}
2026-07-19 17:07:37,767 : INFO : EventManager : Event: ======'machine_var_audits_missing_switches_s_left_eos'====== Args={'value': 5, 'prev_value': None, 'change': True}
2026-07-19 17:07:37,767 : INFO : EventManager : Event: ======'machine_var_audits_missing_switches_s_left_flipper'====== Args={'value': 5, 'prev_value': None, 'change': True}
2026-07-19 17:07:37,767 : INFO : EventManager : Event: ======'machine_var_audits_missing_switches_s_left_front_pop'====== Args={'value': 1, 'prev_value': None, 'change': True}
2026-07-19 17:07:37,767 : INFO : EventManager : Event: ======'machine_var_audits_missing_switches_s_left_inlane'====== Args={'value': 1, 'prev_value': None, 'change': True}
2026-07-19 17:07:37,767 : INFO : EventManager : Event: ======'machine_var_audits_missing_switches_s_left_outlane'====== Args={'value': 5, 'prev_value': None, 'change': True}
2026-07-19 17:07:37,767 : INFO : EventManager : Event: ======'machine_var_audits_missing_switches_s_left_ramp_exit'====== Args={'value': 5, 'prev_value': None, 'change': True}
2026-07-19 17:07:37,767 : INFO : EventManager : Event: ======'machine_var_audits_missing_switches_s_left_rear_pop'====== Args={'value': 1, 'prev_value': None, 'change': True}
2026-07-19 17:07:37,767 : INFO : EventManager : Event: ======'machine_var_audits_missing_switches_s_left_sling'====== Args={'value': 5, 'prev_value': None, 'change': True}
2026-07-19 17:07:37,767 : INFO : EventManager : Event: ======'machine_var_audits_missing_switches_s_left_standup_target_at_ramp_entry'====== Args={'value': 5, 'prev_value': None, 'change': True}
2026-07-19 17:07:37,767 : INFO : EventManager : Event: ======'machine_var_audits_missing_switches_s_left_upper_level_flipper'====== Args={'value': 5, 'prev_value': None, 'change': True}
2026-07-19 17:07:37,767 : INFO : EventManager : Event: ======'machine_var_audits_missing_switches_s_left_upper_level_flipper_eos'====== Args={'value': 5, 'prev_value': None, 'change': True}
2026-07-19 17:07:37,767 : INFO : EventManager : Event: ======'machine_var_audits_missing_switches_s_plunger_lane'====== Args={'value': 1, 'prev_value': None, 'change': True}
2026-07-19 17:07:37,767 : INFO : EventManager : Event: ======'machine_var_audits_missing_switches_s_right_3_bank_standup_1_lowest'====== Args={'value': 5, 'prev_value': None, 'change': True}
2026-07-19 17:07:37,767 : INFO : EventManager : Event: ======'machine_var_audits_missing_switches_s_right_3_bank_standup_2_middle'====== Args={'value': 5, 'prev_value': None, 'change': True}
2026-07-19 17:07:37,767 : INFO : EventManager : Event: ======'machine_var_audits_missing_switches_s_right_3_bank_standup_3_highest'====== Args={'value': 5, 'prev_value': None, 'change': True}
2026-07-19 17:07:37,767 : INFO : EventManager : Event: ======'machine_var_audits_missing_switches_s_right_balcony_bow'====== Args={'value': 5, 'prev_value': None, 'change': True}
2026-07-19 17:07:37,767 : INFO : EventManager : Event: ======'machine_var_audits_missing_switches_s_right_drop'====== Args={'value': 5, 'prev_value': None, 'change': True}
2026-07-19 17:07:37,767 : INFO : EventManager : Event: ======'machine_var_audits_missing_switches_s_right_eos'====== Args={'value': 5, 'prev_value': None, 'change': True}
2026-07-19 17:07:37,767 : INFO : EventManager : Event: ======'machine_var_audits_missing_switches_s_right_flipper'====== Args={'value': 5, 'prev_value': None, 'change': True}
2026-07-19 17:07:37,767 : INFO : EventManager : Event: ======'machine_var_audits_missing_switches_s_right_front_pop'====== Args={'value': 1, 'prev_value': None, 'change': True}
2026-07-19 17:07:37,767 : INFO : EventManager : Event: ======'machine_var_audits_missing_switches_s_right_inlane'====== Args={'value': 5, 'prev_value': None, 'change': True}
2026-07-19 17:07:37,768 : INFO : EventManager : Event: ======'machine_var_audits_missing_switches_s_right_outlane'====== Args={'value': 5, 'prev_value': None, 'change': True}
2026-07-19 17:07:37,768 : INFO : EventManager : Event: ======'machine_var_audits_missing_switches_s_right_ramp_exit'====== Args={'value': 5, 'prev_value': None, 'change': True}
2026-07-19 17:07:37,768 : INFO : EventManager : Event: ======'machine_var_audits_missing_switches_s_right_rear_pop'====== Args={'value': 1, 'prev_value': None, 'change': True}
2026-07-19 17:07:37,768 : INFO : EventManager : Event: ======'machine_var_audits_missing_switches_s_right_sling'====== Args={'value': 5, 'prev_value': None, 'change': True}
2026-07-19 17:07:37,768 : INFO : EventManager : Event: ======'machine_var_audits_missing_switches_s_right_spinner_opto'====== Args={'value': 5, 'prev_value': None, 'change': True}
2026-07-19 17:07:37,768 : INFO : EventManager : Event: ======'machine_var_audits_missing_switches_s_right_standup_target_at_ramp_entry'====== Args={'value': 5, 'prev_value': None, 'change': True}
2026-07-19 17:07:37,768 : INFO : EventManager : Event: ======'machine_var_audits_missing_switches_s_right_upper_level_flipper'====== Args={'value': 5, 'prev_value': None, 'change': True}
2026-07-19 17:07:37,768 : INFO : EventManager : Event: ======'machine_var_audits_missing_switches_s_right_upper_level_flipper_eos'====== Args={'value': 5, 'prev_value': None, 'change': True}
2026-07-19 17:07:37,768 : INFO : EventManager : Event: ======'machine_var_audits_missing_switches_s_rollover_lane_a'====== Args={'value': 5, 'prev_value': None, 'change': True}
2026-07-19 17:07:37,768 : INFO : EventManager : Event: ======'machine_var_audits_missing_switches_s_rollover_lane_b'====== Args={'value': 5, 'prev_value': None, 'change': True}
2026-07-19 17:07:37,768 : INFO : EventManager : Event: ======'machine_var_audits_missing_switches_s_rollover_lane_c'====== Args={'value': 5, 'prev_value': None, 'change': True}
2026-07-19 17:07:37,768 : INFO : EventManager : Event: ======'machine_var_audits_missing_switches_s_star_rollover_1'====== Args={'value': 5, 'prev_value': None, 'change': True}
2026-07-19 17:07:37,768 : INFO : EventManager : Event: ======'machine_var_audits_missing_switches_s_star_rollover_2'====== Args={'value': 5, 'prev_value': None, 'change': True}
2026-07-19 17:07:37,768 : INFO : EventManager : Event: ======'machine_var_audits_missing_switches_s_star_rollover_3'====== Args={'value': 5, 'prev_value': None, 'change': True}
2026-07-19 17:07:37,768 : INFO : EventManager : Event: ======'machine_var_audits_missing_switches_s_star_rollover_4'====== Args={'value': 5, 'prev_value': None, 'change': True}
2026-07-19 17:07:37,768 : INFO : EventManager : Event: ======'machine_var_audits_missing_switches_s_star_rollover_5'====== Args={'value': 5, 'prev_value': None, 'change': True}
2026-07-19 17:07:37,768 : INFO : EventManager : Event: ======'machine_var_audits_missing_switches_s_star_rollover_6'====== Args={'value': 5, 'prev_value': None, 'change': True}
2026-07-19 17:07:37,768 : INFO : EventManager : Event: ======'machine_var_audits_missing_switches_s_star_rollover_7'====== Args={'value': 5, 'prev_value': None, 'change': True}
2026-07-19 17:07:37,769 : INFO : EventManager : Event: ======'machine_var_audits_missing_switches_s_star_rollover_8'====== Args={'value': 5, 'prev_value': None, 'change': True}
2026-07-19 17:07:37,769 : INFO : EventManager : Event: ======'machine_var_audits_missing_switches_s_star_rollover_9'====== Args={'value': 5, 'prev_value': None, 'change': True}
2026-07-19 17:07:37,769 : INFO : EventManager : Event: ======'machine_var_audits_missing_switches_s_start'====== Args={'value': 5, 'prev_value': None, 'change': True}
2026-07-19 17:07:37,769 : INFO : EventManager : Event: ======'machine_var_audits_missing_switches_s_trough_1_opto'====== Args={'value': 5, 'prev_value': None, 'change': True}
2026-07-19 17:07:37,769 : INFO : EventManager : Event: ======'machine_var_audits_missing_switches_s_trough_2_opto'====== Args={'value': 5, 'prev_value': None, 'change': True}
2026-07-19 17:07:37,769 : INFO : EventManager : Event: ======'machine_var_audits_missing_switches_s_trough_3_opto'====== Args={'value': 5, 'prev_value': None, 'change': True}
2026-07-19 17:07:37,769 : INFO : EventManager : Event: ======'machine_var_audits_missing_switches_s_wireform_exit_left_opto'====== Args={'value': 5, 'prev_value': None, 'change': True}
2026-07-19 17:07:37,769 : INFO : EventManager : Event: ======'machine_var_audits_missing_switches_s_wireform_exit_right_opto'====== Args={'value': 5, 'prev_value': None, 'change': True}
2026-07-19 17:07:37,769 : INFO : EventManager : Event: ======'machine_var_audits_player_score'====== Args={'value': {'average': 0, 'top': [], 'total': 0}, 'prev_value': None, 'change': True}
2026-07-19 17:07:37,769 : INFO : EventManager : Event: ======'machine_var_audits_shots_pop_left_front'====== Args={'value': 3, 'prev_value': None, 'change': True}
2026-07-19 17:07:37,769 : INFO : EventManager : Event: ======'machine_var_audits_shots_pop_left_rear'====== Args={'value': 3, 'prev_value': None, 'change': True}
2026-07-19 17:07:37,769 : INFO : EventManager : Event: ======'machine_var_audits_shots_pop_right_front'====== Args={'value': 3, 'prev_value': None, 'change': True}
2026-07-19 17:07:37,770 : INFO : EventManager : Event: ======'machine_var_audits_shots_pop_right_rear'====== Args={'value': 3, 'prev_value': None, 'change': True}
2026-07-19 17:07:37,770 : INFO : EventManager : Event: ======'machine_var_audits_switches_s_ bogieland_drain'====== Args={'value': 0, 'prev_value': None, 'change': True}
2026-07-19 17:07:37,770 : INFO : EventManager : Event: ======'machine_var_audits_switches_s_ left_spinner_opto'====== Args={'value': 0, 'prev_value': None, 'change': True}
2026-07-19 17:07:37,770 : INFO : EventManager : Event: ======'machine_var_audits_switches_s_KMF_center_target'====== Args={'value': 0, 'prev_value': None, 'change': True}
2026-07-19 17:07:37,770 : INFO : EventManager : Event: ======'machine_var_audits_switches_s_center_drop'====== Args={'value': 0, 'prev_value': None, 'change': True}
2026-07-19 17:07:37,770 : INFO : EventManager : Event: ======'machine_var_audits_switches_s_eject_hole'====== Args={'value': 0, 'prev_value': None, 'change': True}
2026-07-19 17:07:37,770 : INFO : EventManager : Event: ======'machine_var_audits_switches_s_left_3_bank_standup_1_lowest'====== Args={'value': 0, 'prev_value': None, 'change': True}
2026-07-19 17:07:37,770 : INFO : EventManager : Event: ======'machine_var_audits_switches_s_left_3_bank_standup_2_middle'====== Args={'value': 0, 'prev_value': None, 'change': True}
2026-07-19 17:07:37,770 : INFO : EventManager : Event: ======'machine_var_audits_switches_s_left_3_bank_standup_3_highest'====== Args={'value': 0, 'prev_value': None, 'change': True}
2026-07-19 17:07:37,770 : INFO : EventManager : Event: ======'machine_var_audits_switches_s_left_balcony_bow'====== Args={'value': 0, 'prev_value': None, 'change': True}
2026-07-19 17:07:37,770 : INFO : EventManager : Event: ======'machine_var_audits_switches_s_left_drop'====== Args={'value': 0, 'prev_value': None, 'change': True}
2026-07-19 17:07:37,770 : INFO : EventManager : Event: ======'machine_var_audits_switches_s_left_eos'====== Args={'value': 0, 'prev_value': None, 'change': True}
2026-07-19 17:07:37,770 : INFO : EventManager : Event: ======'machine_var_audits_switches_s_left_flipper'====== Args={'value': 0, 'prev_value': None, 'change': True}
2026-07-19 17:07:37,770 : INFO : EventManager : Event: ======'machine_var_audits_switches_s_left_front_pop'====== Args={'value': 3, 'prev_value': None, 'change': True}
2026-07-19 17:07:37,770 : INFO : EventManager : Event: ======'machine_var_audits_switches_s_left_inlane'====== Args={'value': 3, 'prev_value': None, 'change': True}
2026-07-19 17:07:37,770 : INFO : EventManager : Event: ======'machine_var_audits_switches_s_left_outlane'====== Args={'value': 0, 'prev_value': None, 'change': True}
2026-07-19 17:07:37,770 : INFO : EventManager : Event: ======'machine_var_audits_switches_s_left_ramp_exit'====== Args={'value': 0, 'prev_value': None, 'change': True}
2026-07-19 17:07:37,771 : INFO : EventManager : Event: ======'machine_var_audits_switches_s_left_rear_pop'====== Args={'value': 3, 'prev_value': None, 'change': True}
2026-07-19 17:07:37,771 : INFO : EventManager : Event: ======'machine_var_audits_switches_s_left_sling'====== Args={'value': 0, 'prev_value': None, 'change': True}
2026-07-19 17:07:37,771 : INFO : EventManager : Event: ======'machine_var_audits_switches_s_left_standup_target_at_ramp_entry'====== Args={'value': 0, 'prev_value': None, 'change': True}
2026-07-19 17:07:37,771 : INFO : EventManager : Event: ======'machine_var_audits_switches_s_left_upper_level_flipper'====== Args={'value': 0, 'prev_value': None, 'change': True}
2026-07-19 17:07:37,771 : INFO : EventManager : Event: ======'machine_var_audits_switches_s_left_upper_level_flipper_eos'====== Args={'value': 0, 'prev_value': None, 'change': True}
2026-07-19 17:07:37,771 : INFO : EventManager : Event: ======'machine_var_audits_switches_s_plunger_lane'====== Args={'value': 1, 'prev_value': None, 'change': True}
2026-07-19 17:07:37,771 : INFO : EventManager : Event: ======'machine_var_audits_switches_s_right_3_bank_standup_1_lowest'====== Args={'value': 0, 'prev_value': None, 'change': True}
2026-07-19 17:07:37,771 : INFO : EventManager : Event: ======'machine_var_audits_switches_s_right_3_bank_standup_2_middle'====== Args={'value': 0, 'prev_value': None, 'change': True}
2026-07-19 17:07:37,771 : INFO : EventManager : Event: ======'machine_var_audits_switches_s_right_3_bank_standup_3_highest'====== Args={'value': 0, 'prev_value': None, 'change': True}
2026-07-19 17:07:37,771 : INFO : EventManager : Event: ======'machine_var_audits_switches_s_right_balcony_bow'====== Args={'value': 0, 'prev_value': None, 'change': True}
2026-07-19 17:07:37,771 : INFO : EventManager : Event: ======'machine_var_audits_switches_s_right_drop'====== Args={'value': 0, 'prev_value': None, 'change': True}
2026-07-19 17:07:37,771 : INFO : EventManager : Event: ======'machine_var_audits_switches_s_right_eos'====== Args={'value': 0, 'prev_value': None, 'change': True}
2026-07-19 17:07:37,771 : INFO : EventManager : Event: ======'machine_var_audits_switches_s_right_flipper'====== Args={'value': 0, 'prev_value': None, 'change': True}
2026-07-19 17:07:37,771 : INFO : EventManager : Event: ======'machine_var_audits_switches_s_right_front_pop'====== Args={'value': 3, 'prev_value': None, 'change': True}
2026-07-19 17:07:37,771 : INFO : EventManager : Event: ======'machine_var_audits_switches_s_right_inlane'====== Args={'value': 0, 'prev_value': None, 'change': True}
2026-07-19 17:07:37,771 : INFO : EventManager : Event: ======'machine_var_audits_switches_s_right_outlane'====== Args={'value': 0, 'prev_value': None, 'change': True}
2026-07-19 17:07:37,771 : INFO : EventManager : Event: ======'machine_var_audits_switches_s_right_ramp_exit'====== Args={'value': 0, 'prev_value': None, 'change': True}
2026-07-19 17:07:37,772 : INFO : EventManager : Event: ======'machine_var_audits_switches_s_right_rear_pop'====== Args={'value': 3, 'prev_value': None, 'change': True}
2026-07-19 17:07:37,772 : INFO : EventManager : Event: ======'machine_var_audits_switches_s_right_sling'====== Args={'value': 0, 'prev_value': None, 'change': True}
2026-07-19 17:07:37,772 : INFO : EventManager : Event: ======'machine_var_audits_switches_s_right_spinner_opto'====== Args={'value': 0, 'prev_value': None, 'change': True}
2026-07-19 17:07:37,772 : INFO : EventManager : Event: ======'machine_var_audits_switches_s_right_standup_target_at_ramp_entry'====== Args={'value': 0, 'prev_value': None, 'change': True}
2026-07-19 17:07:37,772 : INFO : EventManager : Event: ======'machine_var_audits_switches_s_right_upper_level_flipper'====== Args={'value': 0, 'prev_value': None, 'change': True}
2026-07-19 17:07:37,772 : INFO : EventManager : Event: ======'machine_var_audits_switches_s_right_upper_level_flipper_eos'====== Args={'value': 0, 'prev_value': None, 'change': True}
2026-07-19 17:07:37,772 : INFO : EventManager : Event: ======'machine_var_audits_switches_s_rollover_lane_a'====== Args={'value': 0, 'prev_value': None, 'change': True}
2026-07-19 17:07:37,772 : INFO : EventManager : Event: ======'machine_var_audits_switches_s_rollover_lane_b'====== Args={'value': 0, 'prev_value': None, 'change': True}
2026-07-19 17:07:37,772 : INFO : EventManager : Event: ======'machine_var_audits_switches_s_rollover_lane_c'====== Args={'value': 0, 'prev_value': None, 'change': True}
2026-07-19 17:07:37,772 : INFO : EventManager : Event: ======'machine_var_audits_switches_s_star_rollover_1'====== Args={'value': 0, 'prev_value': None, 'change': True}
2026-07-19 17:07:37,772 : INFO : EventManager : Event: ======'machine_var_audits_switches_s_star_rollover_2'====== Args={'value': 0, 'prev_value': None, 'change': True}
2026-07-19 17:07:37,772 : INFO : EventManager : Event: ======'machine_var_audits_switches_s_star_rollover_3'====== Args={'value': 0, 'prev_value': None, 'change': True}
2026-07-19 17:07:37,772 : INFO : EventManager : Event: ======'machine_var_audits_switches_s_star_rollover_4'====== Args={'value': 0, 'prev_value': None, 'change': True}
2026-07-19 17:07:37,772 : INFO : EventManager : Event: ======'machine_var_audits_switches_s_star_rollover_5'====== Args={'value': 0, 'prev_value': None, 'change': True}
2026-07-19 17:07:37,772 : INFO : EventManager : Event: ======'machine_var_audits_switches_s_star_rollover_6'====== Args={'value': 0, 'prev_value': None, 'change': True}
2026-07-19 17:07:37,772 : INFO : EventManager : Event: ======'machine_var_audits_switches_s_star_rollover_7'====== Args={'value': 0, 'prev_value': None, 'change': True}
2026-07-19 17:07:37,772 : INFO : EventManager : Event: ======'machine_var_audits_switches_s_star_rollover_8'====== Args={'value': 0, 'prev_value': None, 'change': True}
2026-07-19 17:07:37,772 : INFO : EventManager : Event: ======'machine_var_audits_switches_s_star_rollover_9'====== Args={'value': 0, 'prev_value': None, 'change': True}
2026-07-19 17:07:37,772 : INFO : EventManager : Event: ======'machine_var_audits_switches_s_start'====== Args={'value': 0, 'prev_value': None, 'change': True}
2026-07-19 17:07:37,772 : INFO : EventManager : Event: ======'machine_var_audits_switches_s_trough_1_opto'====== Args={'value': 0, 'prev_value': None, 'change': True}
2026-07-19 17:07:37,772 : INFO : EventManager : Event: ======'machine_var_audits_switches_s_trough_2_opto'====== Args={'value': 0, 'prev_value': None, 'change': True}
2026-07-19 17:07:37,773 : INFO : EventManager : Event: ======'machine_var_audits_switches_s_trough_3_opto'====== Args={'value': 0, 'prev_value': None, 'change': True}
2026-07-19 17:07:37,773 : INFO : EventManager : Event: ======'machine_var_audits_switches_s_wireform_exit_left_opto'====== Args={'value': 0, 'prev_value': None, 'change': True}
2026-07-19 17:07:37,773 : INFO : EventManager : Event: ======'machine_var_audits_switches_s_wireform_exit_right_opto'====== Args={'value': 0, 'prev_value': None, 'change': True}
2026-07-19 17:07:37,773 : INFO : EventManager : Event: ======'init_phase_5'====== Args={}
2026-07-19 17:07:37,779 : INFO : EventManager : Event: ======'init_done'====== Args={}
2026-07-19 17:07:37,779 : INFO : EventManager : Event: ======'machine_reset_phase_1'====== Args={}
2026-07-19 17:07:37,789 : INFO : EventManager : Event: ======'machine_reset_phase_2'====== Args={}
2026-07-19 17:07:37,790 : INFO : EventManager : Event: ======'machine_reset_phase_3'====== Args={}
2026-07-19 17:07:37,791 : INFO : EventManager : Event: ======'reset_complete'====== Args={}
2026-07-19 17:07:37,791 : INFO : EventManager : Event: ======'mode_attract_will_start'====== Args={}
2026-07-19 17:07:37,791 : INFO : Timer.attract_carousel_timer : Starting Timer.
2026-07-19 17:07:37,791 : INFO : EventManager : Event: ======'timer_attract_carousel_timer_started'====== Args={'ticks': 0, 'ticks_remaining': 1}
2026-07-19 17:07:37,791 : INFO : EventManager : Event: ======'timer_attract_carousel_timer_tick'====== Args={'ticks': 0, 'ticks_remaining': 1}
2026-07-19 17:07:37,792 : INFO : EventManager : Event: ======'mode_attract_starting'====== Args={}
2026-07-19 17:07:37,792 : INFO : Mode.attract : Started. Priority: 10
2026-07-19 17:07:37,792 : INFO : EventManager : Event: ======'modes_active_modes_changed'====== Args={}
2026-07-19 17:07:37,792 : INFO : EventManager : Event: ======'mode_attract_started'====== Args={}
2026-07-19 17:07:37,792 : INFO : EventManager : Event: ======'collecting_balls_complete'====== Args={}
2026-07-19 17:07:37,793 : INFO : EventManager : Event: ======'carousel_item_highlighted'====== Args={'carousel': 'attract', 'direction': None, 'item': 'title'}
2026-07-19 17:07:37,793 : INFO : EventManager : Event: ======'timer_attract_carousel_timer_tick'====== Args={'ticks': 0, 'ticks_remaining': 1}
2026-07-19 17:07:37,801 : INFO : Machine : Starting the main run loop with active modes: [<Mode.attract>]
2026-07-19 17:07:37,823 : INFO : EventManager : Event: ======'slide_attract_created'====== Args={'_from_bcp': True}
2026-07-19 17:07:37,823 : INFO : EventManager : Event: ======'slide__removed'====== Args={'_from_bcp': True}
2026-07-19 17:07:37,824 : INFO : EventManager : Event: ======'slide_attract_active'====== Args={'original_context': 'attract', 'original_calling_context': 'mode_attract_started', 'priority': 10.0, 'cmd': 'slides_play', '_from_bcp': True}
2026-07-19 17:07:42,791 : INFO : Timer.attract_carousel_timer : Timer Complete
2026-07-19 17:07:42,791 : INFO : Timer.attract_carousel_timer : Stopping Timer
2026-07-19 17:07:42,791 : INFO : EventManager : Event: ======'timer_attract_carousel_timer_stopped'====== Args={'ticks': 1, 'ticks_remaining': 1}
2026-07-19 17:07:42,791 : INFO : EventManager : Event: ======'timer_attract_carousel_timer_complete'====== Args={'ticks': 1, 'ticks_remaining': 1}
2026-07-19 17:07:42,791 : INFO : EventManager : Event: ======'carousel_item_highlighted'====== Args={'carousel': 'attract', 'direction': 'forwards', 'item': 'credits'}
2026-07-19 17:07:42,792 : INFO : Timer.attract_carousel_timer : Starting Timer.
2026-07-19 17:07:42,792 : INFO : EventManager : Event: ======'timer_attract_carousel_timer_started'====== Args={'ticks': 0, 'ticks_remaining': 1}
2026-07-19 17:07:42,792 : INFO : EventManager : Event: ======'timer_attract_carousel_timer_tick'====== Args={'ticks': 0, 'ticks_remaining': 1}
2026-07-19 17:07:46,904 : INFO : SwitchController : <<<<<<< 's_start' active >>>>>>>
2026-07-19 17:07:47,076 : INFO : SwitchController : <<<<<<< 's_start' inactive >>>>>>>
2026-07-19 17:07:47,077 : INFO : EventManager : Event: ======'request_to_start_game'====== Args={}
2026-07-19 17:07:47,077 : INFO : EventManager : Event: ======'game_start'====== Args={'buttons': [], 'hold_time': 0.17200000025331974}
2026-07-19 17:07:47,078 : INFO : EventManager : Event: ======'mode_game_will_start'====== Args={'buttons': [], 'hold_time': 0.17200000025331974}
2026-07-19 17:07:47,079 : INFO : EventManager : Event: ======'mode_game_starting'====== Args={'buttons': [], 'hold_time': 0.17200000025331974}
2026-07-19 17:07:47,080 : INFO : EventManager : Event: ======'mode_attract_will_stop'====== Args={}
2026-07-19 17:07:47,080 : INFO : EventManager : Event: ======'mode_attract_stopping'====== Args={}
2026-07-19 17:07:47,080 : INFO : Mode.attract : Stopped.
2026-07-19 17:07:47,080 : INFO : EventManager : Event: ======'modes_active_modes_changed'====== Args={}
2026-07-19 17:07:47,081 : INFO : EventManager : Event: ======'mode_attract_stopped'====== Args={}
2026-07-19 17:07:47,081 : INFO : EventManager : Event: ======'clear'====== Args={'key': 'attract'}
2026-07-19 17:07:47,081 : INFO : Timer.attract_carousel_timer : Stopping Timer
2026-07-19 17:07:47,081 : INFO : EventManager : Event: ======'timer_attract_carousel_timer_stopped'====== Args={'ticks': 0, 'ticks_remaining': 1}
2026-07-19 17:07:47,082 : INFO : Mode.game : Started. Priority: 20
2026-07-19 17:07:47,082 : INFO : EventManager : Event: ======'modes_active_modes_changed'====== Args={}
2026-07-19 17:07:47,083 : INFO : EventManager : Event: ======'mode_game_started'====== Args={'buttons': [], 'hold_time': 0.17200000025331974}
2026-07-19 17:07:47,097 : INFO : EventManager : Event: ======'game_will_start'====== Args={}
2026-07-19 17:07:47,099 : INFO : EventManager : Event: ======'game_starting'====== Args={'game': <Mode.game>}
2026-07-19 17:07:47,101 : INFO : EventManager : Unordered handler for class <Auditor> on event game_ended with priority 1. Handlers: [RegisteredHandler(callback=<bound method Auditor.disable of <Auditor>>, priority=1, kwargs={}, key=UUID('98540778-0f48-49bc-a954-1d2fb19bf833'), condition=None, blocking_facility=None), RegisteredHandler(callback=<bound method Auditor._save_audits of <Auditor>>, priority=1, kwargs={}, key=UUID('4cb7b8f5-85ab-460c-85d2-02f758f75225'), condition=None, blocking_facility=None)]. The order of those handlers is not defined and they will be executed in random order. This might lead to race conditions and potential bugs.
2026-07-19 17:07:47,102 : INFO : EventManager : Event: ======'player_add_request'====== Args={}
2026-07-19 17:07:47,103 : INFO : EventManager : Event: ======'player_will_add'====== Args={'number': 1}
2026-07-19 17:07:47,103 : INFO : EventManager : Event: ======'player_adding'====== Args={'player': <Player 1>, 'number': 1}
2026-07-19 17:07:47,104 : INFO : EventManager : Event: ======'player_added'====== Args={'player': <Player 1>, 'num': 1}
2026-07-19 17:07:47,104 : INFO : Mode.game : Player added successfully. Total players: 1
2026-07-19 17:07:47,104 : INFO : EventManager : Event: ======'player_index'====== Args={'value': 0, 'prev_value': 0, 'change': 0, 'player_num': 1}
2026-07-19 17:07:47,104 : INFO : EventManager : Event: ======'player_number'====== Args={'value': 1, 'prev_value': 1, 'change': 0, 'player_num': 1}
2026-07-19 17:07:47,104 : INFO : EventManager : Event: ======'player_score'====== Args={'value': 0, 'prev_value': 0, 'change': 0, 'player_num': 1}
2026-07-19 17:07:47,105 : INFO : EventManager : Event: ======'game_started'====== Args={}
2026-07-19 17:07:47,118 : INFO : EventManager : Event: ======'player_turn_will_start'====== Args={'player': <Player 1>, 'number': 1}
2026-07-19 17:07:47,125 : INFO : EventManager : Event: ======'player_turn_starting'====== Args={'player': <Player 1>, 'number': 1}
2026-07-19 17:07:47,126 : INFO : EventManager : Event: ======'player_ball'====== Args={'value': 1, 'prev_value': 0, 'change': 1, 'player_num': 1}
2026-07-19 17:07:47,127 : INFO : EventManager : Event: ======'player_turn_started'====== Args={'player': <Player 1>, 'number': 1}
2026-07-19 17:07:47,128 : INFO : EventManager : Event: ======'ball_will_start'====== Args={'player': 1, 'ball': 1, 'balls_remaining': 2, 'is_extra_ball': False}
2026-07-19 17:07:47,133 : INFO : EventManager : Event: ======'ball_starting'====== Args={'player': 1, 'ball': 1, 'balls_remaining': 2, 'is_extra_ball': False}
2026-07-19 17:07:47,134 : INFO : EventManager : Event: ======'mode_base_will_start'====== Args={'queue': <QueuedEvent>, 'player': 1, 'ball': 1, 'balls_remaining': 2, 'is_extra_ball': False}
2026-07-19 17:07:47,135 : INFO : EventManager : Event: ======'mode_base_starting'====== Args={'queue': <QueuedEvent>, 'player': 1, 'ball': 1, 'balls_remaining': 2, 'is_extra_ball': False}
2026-07-19 17:07:47,136 : INFO : Mode.base : Started. Priority: 100
2026-07-19 17:07:47,136 : INFO : EventManager : Event: ======'modes_active_modes_changed'====== Args={}
2026-07-19 17:07:47,136 : INFO : EventManager : Event: ======'mode_base_started'====== Args={'queue': <QueuedEvent>, 'player': 1, 'ball': 1, 'balls_remaining': 2, 'is_extra_ball': False}
2026-07-19 17:07:47,137 : INFO : EventManager : Event: ======'start_mode_pops'====== Args={'priority': 0}
2026-07-19 17:07:47,137 : INFO : EventManager : Event: ======'mode_pops_will_start'====== Args={'priority': 0}
2026-07-19 17:07:47,137 : INFO : EventManager : Event: ======'player_shot_pop_left_front_enabled'====== Args={'value': True, 'prev_value': 0, 'change': 1, 'player_num': 1}
2026-07-19 17:07:47,137 : INFO : EventManager : Event: ======'player_shot_pop_right_front_enabled'====== Args={'value': True, 'prev_value': 0, 'change': 1, 'player_num': 1}
2026-07-19 17:07:47,138 : INFO : EventManager : Event: ======'player_shot_pop_left_rear_enabled'====== Args={'value': True, 'prev_value': 0, 'change': 1, 'player_num': 1}
2026-07-19 17:07:47,138 : INFO : EventManager : Event: ======'player_shot_pop_right_rear_enabled'====== Args={'value': True, 'prev_value': 0, 'change': 1, 'player_num': 1}
2026-07-19 17:07:47,138 : INFO : EventManager : Event: ======'pops_complete'====== Args={'state': 'unlit'}
2026-07-19 17:07:47,138 : INFO : EventManager : Event: ======'pops_unlit_complete'====== Args={}
2026-07-19 17:07:47,139 : INFO : EventManager : Event: ======'mode_pops_starting'====== Args={'priority': 0}
2026-07-19 17:07:47,139 : INFO : Mode.pops : Started. Priority: 200
2026-07-19 17:07:47,139 : INFO : EventManager : Event: ======'modes_active_modes_changed'====== Args={}
2026-07-19 17:07:47,139 : INFO : EventManager : Event: ======'mode_pops_started'====== Args={'priority': 0}
2026-07-19 17:07:47,139 : INFO : EventManager : Event: ======'balls_in_play'====== Args={'balls': 1}
2026-07-19 17:07:47,140 : INFO : EventManager : Event: ======'ball_started'====== Args={'player': 1, 'ball': 1, 'balls_remaining': 2, 'is_extra_ball': False}
2026-07-19 17:07:47,157 : INFO : EventManager : Event: ======'single_player_ball_started'====== Args={}
2026-07-19 17:07:47,157 : INFO : EventManager : Event: ======'ball_start_target'====== Args={'target': 'playfield'}
2026-07-19 17:07:47,158 : INFO : ball_device.bd_plunger : Setting up player-controlled eject. Balls: 1, Target: <playfield.playfield>, player_controlled_eject_event: None
2026-07-19 17:07:47,158 : INFO : EventManager : Event: ======'balldevice_balls_available'====== Args={}
2026-07-19 17:07:47,158 : INFO : EventManager : Event: ======'slide_base_slide_created'====== Args={'_from_bcp': True}
2026-07-19 17:07:47,160 : INFO : EventManager : Event: ======'slide_attract_inactive'====== Args={'is_removing': True, '_from_bcp': True}
2026-07-19 17:07:47,160 : INFO : EventManager : Event: ======'slide_base_slide_active'====== Args={'original_context': 'base', 'original_calling_context': 'mode_base_started', 'priority': 100.0, 'queue': '<QueuedEvent>', 'player': 1.0, 'ball': 1.0, 'balls_remaining': 2.0, 'is_extra_ball': False, 'cmd': 'slides_play', '_from_bcp': True}
2026-07-19 17:07:47,160 : INFO : EventManager : Event: ======'slide_attract_removed'====== Args={'_from_bcp': True}
2026-07-19 17:07:47,160 : INFO : ball_device.bd_trough : State: waiting_for_target_ready
2026-07-19 17:07:47,160 : INFO : EventManager : Event: ======'balldevice_bd_trough_ball_eject_attempt'====== Args={'balls': 1, 'target': <ball_device.bd_plunger>, 'source': <ball_device.bd_trough>, 'mechanical_eject': True, 'num_attempts': 0}
2026-07-19 17:07:47,160 : INFO : ball_device.bd_plunger : State: waiting_for_ball
2026-07-19 17:07:47,160 : INFO : ball_device.bd_trough : State: ejecting
2026-07-19 17:07:47,160 : INFO : ball_device.bd_trough : Ejecting ball to <ball_device.bd_plunger>
2026-07-19 17:07:47,160 : INFO : EventManager : Event: ======'balldevice_bd_trough_ejecting_ball'====== Args={'balls': 1, 'target': <ball_device.bd_plunger>, 'source': <ball_device.bd_trough>, 'mechanical_eject': True, 'num_attempts': 0}
2026-07-19 17:07:47,161 : INFO : ball_device.bd_trough : Wait for ball to leave device
2026-07-19 17:07:47,161 : INFO : coil.c_trough_eject : Pulsing Driver for 10ms (1.0 pulse_power)
2026-07-19 17:07:47,201 : INFO : SwitchController : <<<<<<< 's_trough_1_opto' inactive >>>>>>>
2026-07-19 17:07:47,210 : INFO : ball_device.bd_trough : State: ball_left
2026-07-19 17:07:47,210 : INFO : ball_device.bd_trough : Ball left
2026-07-19 17:07:47,210 : INFO : ball_device.bd_trough : Wait for confirm with timeout 3.0
2026-07-19 17:07:47,358 : INFO : SwitchController : <<<<<<< 's_right_front_pop' active >>>>>>>
2026-07-19 17:07:47,358 : INFO : EventManager : Event: ======'playfield_active'====== Args={'source': 'pop_right_front'}
2026-07-19 17:07:47,358 : INFO : EventManager : Event: ======'unexpected_ball_on_playfield'====== Args={}
2026-07-19 17:07:47,358 : INFO : EventManager : Event: ======'s_right_front_pop_active'====== Args={}
2026-07-19 17:07:47,358 : INFO : EventManager : Event: ======'playfield_active'====== Args={'source': 'right_front_pop'}
2026-07-19 17:07:47,358 : INFO : EventManager : Event: ======'unexpected_ball_on_playfield'====== Args={}
2026-07-19 17:07:47,358 : INFO : EventManager : Event: ======'machine_var_audits_switches_s_right_front_pop'====== Args={'value': 4, 'prev_value': 3, 'change': 1}
2026-07-19 17:07:47,360 : INFO : EventManager : Event: ======'player_shot_pop_right_front'====== Args={'value': 1, 'prev_value': 0, 'change': 1, 'player_num': 1}
2026-07-19 17:07:47,360 : INFO : EventManager : Event: ======'machine_var_audits_shots_pop_right_front'====== Args={'value': 4, 'prev_value': 3, 'change': 1}
2026-07-19 17:07:47,361 : INFO : EventManager : Event: ======'pop_right_front_hit'====== Args={'profile': 'default', 'state': 'unlit', 'advancing': True}
2026-07-19 17:07:47,361 : INFO : EventManager : Event: ======'pop_right_front_default_hit'====== Args={'profile': 'default', 'state': 'unlit', 'advancing': True}
2026-07-19 17:07:47,361 : INFO : EventManager : Event: ======'pop_right_front_default_unlit_hit'====== Args={'profile': 'default', 'state': 'unlit', 'advancing': True}
2026-07-19 17:07:47,361 : INFO : EventManager : Event: ======'pop_right_front_unlit_hit'====== Args={'profile': 'default', 'state': 'unlit', 'advancing': True}
2026-07-19 17:07:47,361 : INFO : EventManager : Event: ======'pops_hit'====== Args={'shot': 'pop_right_front'}
2026-07-19 17:07:47,361 : INFO : EventManager : Event: ======'pops_unlit_hit'====== Args={'shot': 'pop_right_front'}
2026-07-19 17:07:47,361 : INFO : EventManager : Event: ======'player_score'====== Args={'value': 100, 'prev_value': 0, 'change': 100, 'player_num': 1, 'source': 'pops'}
2026-07-19 17:07:47,363 : INFO : SwitchController : <<<<<<< 's_trough_1_opto' active >>>>>>>
2026-07-19 17:07:47,364 : INFO : EventManager : Event: ======'machine_var_audits_switches_s_trough_1_opto'====== Args={'value': 1, 'prev_value': 0, 'change': 1}
2026-07-19 17:07:47,390 : INFO : SwitchController : <<<<<<< 's_right_front_pop' inactive >>>>>>>
2026-07-19 17:07:47,409 : INFO : SwitchController : <<<<<<< 's_trough_3_opto' inactive >>>>>>>
2026-07-19 17:07:47,483 : INFO : SwitchController : <<<<<<< 's_trough_2_opto' inactive >>>>>>>
2026-07-19 17:07:47,529 : INFO : SwitchController : <<<<<<< 's_trough_3_opto' active >>>>>>>
2026-07-19 17:07:47,530 : INFO : EventManager : Event: ======'machine_var_audits_switches_s_trough_3_opto'====== Args={'value': 1, 'prev_value': 0, 'change': 1}
2026-07-19 17:07:47,689 : INFO : SwitchController : <<<<<<< 's_trough_3_opto' inactive >>>>>>>
2026-07-19 17:07:47,731 : INFO : SwitchController : <<<<<<< 's_trough_2_opto' active >>>>>>>
2026-07-19 17:07:47,732 : INFO : EventManager : Event: ======'machine_var_audits_switches_s_trough_2_opto'====== Args={'value': 1, 'prev_value': 0, 'change': 1}
2026-07-19 17:07:47,950 : INFO : SwitchController : <<<<<<< 's_trough_3_opto' active >>>>>>>
2026-07-19 17:07:47,951 : INFO : EventManager : Event: ======'machine_var_audits_switches_s_trough_3_opto'====== Args={'value': 2, 'prev_value': 1, 'change': 1}
2026-07-19 17:07:50,207 : INFO : ball_device.bd_trough : State: failed_confirm
2026-07-19 17:07:50,207 : INFO : ball_device.bd_trough : Got timeout (3.0s) before confirm from <ball_device.bd_plunger>
2026-07-19 17:07:50,207 : INFO : ball_device.bd_plunger : Expecting incoming ball which may skip the device.
2026-07-19 17:07:50,209 : INFO : EventManager : Event: ======'balldevice_bd_plunger_ejecting_ball'====== Args={'balls': 1, 'target': <playfield.playfield>, 'source': <ball_device.bd_plunger>, 'mechanical_eject': False, 'num_attempts': 1}
2026-07-19 17:07:50,209 : INFO : ball_device.bd_trough : Got unknown balls. Assuming a ball returned.
2026-07-19 17:07:50,209 : INFO : EventManager : Event: ======'balldevice_bd_trough_ball_eject_failed'====== Args={'target': <ball_device.bd_plunger>, 'balls': 1, 'retry': True, 'num_attempts': 1}
2026-07-19 17:07:50,210 : INFO : EventManager : Event: ======'balldevice_bd_plunger_ball_eject_failed'====== Args={'target': <playfield.playfield>, 'balls': 1, 'retry': True, 'num_attempts': 1}
2026-07-19 17:07:50,211 : INFO : ball_device.bd_trough : State: waiting_for_target_ready
2026-07-19 17:07:50,211 : INFO : EventManager : Event: ======'balldevice_bd_trough_ball_eject_attempt'====== Args={'balls': 1, 'target': <ball_device.bd_plunger>, 'source': <ball_device.bd_trough>, 'mechanical_eject': True, 'num_attempts': 1}
2026-07-19 17:07:50,212 : INFO : ball_device.bd_plunger : No longer expecting incoming ball which may skip the device.
2026-07-19 17:07:50,212 : INFO : ball_device.bd_trough : State: ejecting
2026-07-19 17:07:50,212 : INFO : ball_device.bd_trough : Ejecting ball to <ball_device.bd_plunger>
2026-07-19 17:07:50,212 : INFO : EventManager : Event: ======'balldevice_bd_trough_ejecting_ball'====== Args={'balls': 1, 'target': <ball_device.bd_plunger>, 'source': <ball_device.bd_trough>, 'mechanical_eject': True, 'num_attempts': 1}
2026-07-19 17:07:50,213 : INFO : ball_device.bd_plunger : State: waiting_for_ball
2026-07-19 17:07:50,213 : INFO : ball_device.bd_trough : Wait for ball to leave device
2026-07-19 17:07:50,214 : INFO : coil.c_trough_eject : Pulsing Driver for 10ms (1.0 pulse_power)
2026-07-19 17:07:50,254 : INFO : SwitchController : <<<<<<< 's_trough_1_opto' inactive >>>>>>>
2026-07-19 17:07:50,261 : INFO : ball_device.bd_trough : State: ball_left
2026-07-19 17:07:50,261 : INFO : ball_device.bd_trough : Ball left
2026-07-19 17:07:50,261 : INFO : ball_device.bd_trough : Wait for confirm with timeout 3.0
2026-07-19 17:07:50,426 : INFO : SwitchController : <<<<<<< 's_trough_1_opto' active >>>>>>>
2026-07-19 17:07:50,427 : INFO : EventManager : Event: ======'machine_var_audits_switches_s_trough_1_opto'====== Args={'value': 2, 'prev_value': 1, 'change': 1}
2026-07-19 17:07:50,455 : INFO : SwitchController : <<<<<<< 's_trough_3_opto' inactive >>>>>>>
2026-07-19 17:07:50,549 : INFO : SwitchController : <<<<<<< 's_trough_2_opto' inactive >>>>>>>
2026-07-19 17:07:50,610 : INFO : SwitchController : <<<<<<< 's_trough_3_opto' active >>>>>>>
2026-07-19 17:07:50,611 : INFO : EventManager : Event: ======'machine_var_audits_switches_s_trough_3_opto'====== Args={'value': 3, 'prev_value': 2, 'change': 1}
2026-07-19 17:07:50,720 : INFO : SwitchController : <<<<<<< 's_trough_3_opto' inactive >>>>>>>
2026-07-19 17:07:50,766 : INFO : SwitchController : <<<<<<< 's_trough_2_opto' active >>>>>>>
2026-07-19 17:07:50,766 : INFO : EventManager : Event: ======'machine_var_audits_switches_s_trough_2_opto'====== Args={'value': 2, 'prev_value': 1, 'change': 1}
2026-07-19 17:07:51,017 : INFO : SwitchController : <<<<<<< 's_trough_3_opto' active >>>>>>>
2026-07-19 17:07:51,019 : INFO : EventManager : Event: ======'machine_var_audits_switches_s_trough_3_opto'====== Args={'value': 4, 'prev_value': 3, 'change': 1}
2026-07-19 17:07:53,251 : INFO : ball_device.bd_trough : State: failed_confirm
2026-07-19 17:07:53,252 : INFO : ball_device.bd_trough : Got timeout (3.0s) before confirm from <ball_device.bd_plunger>
2026-07-19 17:07:53,254 : INFO : ball_device.bd_plunger : Expecting incoming ball which may skip the device.
2026-07-19 17:07:53,254 : INFO : EventManager : Event: ======'balldevice_bd_plunger_ejecting_ball'====== Args={'balls': 1, 'target': <playfield.playfield>, 'source': <ball_device.bd_plunger>, 'mechanical_eject': False, 'num_attempts': 1}
2026-07-19 17:07:53,255 : INFO : ball_device.bd_trough : Got unknown balls. Assuming a ball returned.
2026-07-19 17:07:53,256 : INFO : EventManager : Event: ======'balldevice_bd_trough_ball_eject_failed'====== Args={'target': <ball_device.bd_plunger>, 'balls': 1, 'retry': True, 'num_attempts': 2}
2026-07-19 17:07:53,258 : INFO : EventManager : Event: ======'balldevice_bd_plunger_ball_eject_failed'====== Args={'target': <playfield.playfield>, 'balls': 1, 'retry': True, 'num_attempts': 1}
2026-07-19 17:07:53,259 : INFO : ball_device.bd_trough : State: waiting_for_target_ready
2026-07-19 17:07:53,259 : INFO : EventManager : Event: ======'balldevice_bd_trough_ball_eject_attempt'====== Args={'balls': 1, 'target': <ball_device.bd_plunger>, 'source': <ball_device.bd_trough>, 'mechanical_eject': True, 'num_attempts': 2}
2026-07-19 17:07:53,259 : INFO : ball_device.bd_plunger : No longer expecting incoming ball which may skip the device.
2026-07-19 17:07:53,260 : INFO : ball_device.bd_trough : State: ejecting
2026-07-19 17:07:53,260 : INFO : ball_device.bd_trough : Ejecting ball to <ball_device.bd_plunger>
2026-07-19 17:07:53,260 : INFO : EventManager : Event: ======'balldevice_bd_trough_ejecting_ball'====== Args={'balls': 1, 'target': <ball_device.bd_plunger>, 'source': <ball_device.bd_trough>, 'mechanical_eject': True, 'num_attempts': 2}
2026-07-19 17:07:53,262 : INFO : ball_device.bd_plunger : State: waiting_for_ball
2026-07-19 17:07:53,263 : INFO : ball_device.bd_trough : Wait for ball to leave device
2026-07-19 17:07:53,264 : INFO : coil.c_trough_eject : Pulsing Driver for 10ms (1.0 pulse_power)
2026-07-19 17:07:53,297 : INFO : SwitchController : <<<<<<< 's_trough_1_opto' inactive >>>>>>>
2026-07-19 17:07:53,303 : INFO : ball_device.bd_trough : State: ball_left
2026-07-19 17:07:53,303 : INFO : ball_device.bd_trough : Ball left
2026-07-19 17:07:53,304 : INFO : ball_device.bd_trough : Wait for confirm with timeout 3.0
2026-07-19 17:07:53,485 : INFO : SwitchController : <<<<<<< 's_trough_1_opto' active >>>>>>>
2026-07-19 17:07:53,486 : INFO : EventManager : Event: ======'machine_var_audits_switches_s_trough_1_opto'====== Args={'value': 3, 'prev_value': 2, 'change': 1}
2026-07-19 17:07:53,515 : INFO : SwitchController : <<<<<<< 's_trough_3_opto' inactive >>>>>>>
2026-07-19 17:07:53,998 : INFO : SwitchController : <<<<<<< 's_trough_3_opto' active >>>>>>>
2026-07-19 17:07:53,999 : INFO : EventManager : Event: ======'machine_var_audits_switches_s_trough_3_opto'====== Args={'value': 5, 'prev_value': 4, 'change': 1}
2026-07-19 17:07:56,307 : INFO : ball_device.bd_trough : State: failed_confirm
2026-07-19 17:07:56,307 : INFO : ball_device.bd_trough : Got timeout (3.0s) before confirm from <ball_device.bd_plunger>
2026-07-19 17:07:56,310 : INFO : ball_device.bd_plunger : Expecting incoming ball which may skip the device.
2026-07-19 17:07:56,310 : INFO : EventManager : Event: ======'balldevice_bd_plunger_ejecting_ball'====== Args={'balls': 1, 'target': <playfield.playfield>, 'source': <ball_device.bd_plunger>, 'mechanical_eject': False, 'num_attempts': 1}
2026-07-19 17:07:56,311 : INFO : ball_device.bd_trough : Got unknown balls. Assuming a ball returned.
2026-07-19 17:07:56,312 : INFO : EventManager : Event: ======'balldevice_bd_trough_ball_eject_failed'====== Args={'target': <ball_device.bd_plunger>, 'balls': 1, 'retry': True, 'num_attempts': 3}
2026-07-19 17:07:56,317 : INFO : EventManager : Event: ======'balldevice_bd_plunger_ball_eject_failed'====== Args={'target': <playfield.playfield>, 'balls': 1, 'retry': True, 'num_attempts': 1}
2026-07-19 17:07:56,318 : INFO : ball_device.bd_trough : State: waiting_for_target_ready
2026-07-19 17:07:56,318 : INFO : EventManager : Event: ======'balldevice_bd_trough_ball_eject_attempt'====== Args={'balls': 1, 'target': <ball_device.bd_plunger>, 'source': <ball_device.bd_trough>, 'mechanical_eject': True, 'num_attempts': 3}
2026-07-19 17:07:56,319 : INFO : ball_device.bd_plunger : No longer expecting incoming ball which may skip the device.
2026-07-19 17:07:56,320 : INFO : ball_device.bd_trough : State: ejecting
2026-07-19 17:07:56,320 : INFO : ball_device.bd_trough : Ejecting ball to <ball_device.bd_plunger>
2026-07-19 17:07:56,320 : INFO : EventManager : Event: ======'balldevice_bd_trough_ejecting_ball'====== Args={'balls': 1, 'target': <ball_device.bd_plunger>, 'source': <ball_device.bd_trough>, 'mechanical_eject': True, 'num_attempts': 3}
2026-07-19 17:07:56,323 : INFO : ball_device.bd_plunger : State: waiting_for_ball
2026-07-19 17:07:56,323 : INFO : ball_device.bd_trough : Wait for ball to leave device
2026-07-19 17:07:56,323 : INFO : coil.c_trough_eject : Pulsing Driver for 10ms (1.0 pulse_power)
2026-07-19 17:07:56,369 : INFO : SwitchController : <<<<<<< 's_trough_1_opto' inactive >>>>>>>
2026-07-19 17:07:56,381 : INFO : ball_device.bd_trough : State: ball_left
2026-07-19 17:07:56,381 : INFO : ball_device.bd_trough : Ball left
2026-07-19 17:07:56,381 : INFO : ball_device.bd_trough : Wait for confirm with timeout 3.0
2026-07-19 17:07:56,540 : INFO : SwitchController : <<<<<<< 's_trough_1_opto' active >>>>>>>
2026-07-19 17:07:56,540 : INFO : EventManager : Event: ======'machine_var_audits_switches_s_trough_1_opto'====== Args={'value': 4, 'prev_value': 3, 'change': 1}
2026-07-19 17:07:56,571 : INFO : SwitchController : <<<<<<< 's_trough_3_opto' inactive >>>>>>>
2026-07-19 17:07:56,684 : INFO : SwitchController : <<<<<<< 's_trough_2_opto' inactive >>>>>>>
2026-07-19 17:07:56,822 : INFO : SwitchController : <<<<<<< 's_trough_2_opto' active >>>>>>>
2026-07-19 17:07:56,822 : INFO : EventManager : Event: ======'machine_var_audits_switches_s_trough_2_opto'====== Args={'value': 3, 'prev_value': 2, 'change': 1}
2026-07-19 17:07:57,119 : INFO : SwitchController : <<<<<<< 's_trough_3_opto' active >>>>>>>
2026-07-19 17:07:57,119 : INFO : EventManager : Event: ======'machine_var_audits_switches_s_trough_3_opto'====== Args={'value': 6, 'prev_value': 5, 'change': 1}
2026-07-19 17:07:59,388 : INFO : ball_device.bd_trough : State: failed_confirm
2026-07-19 17:07:59,389 : INFO : ball_device.bd_trough : Got timeout (3.0s) before confirm from <ball_device.bd_plunger>
2026-07-19 17:07:59,390 : INFO : ball_device.bd_plunger : Expecting incoming ball which may skip the device.
2026-07-19 17:07:59,390 : INFO : EventManager : Event: ======'balldevice_bd_plunger_ejecting_ball'====== Args={'balls': 1, 'target': <playfield.playfield>, 'source': <ball_device.bd_plunger>, 'mechanical_eject': False, 'num_attempts': 1}
2026-07-19 17:07:59,391 : INFO : ball_device.bd_trough : Got unknown balls. Assuming a ball returned.
2026-07-19 17:07:59,391 : INFO : EventManager : Event: ======'balldevice_bd_trough_ball_eject_failed'====== Args={'target': <ball_device.bd_plunger>, 'balls': 1, 'retry': True, 'num_attempts': 4}
2026-07-19 17:07:59,392 : INFO : EventManager : Event: ======'balldevice_bd_plunger_ball_eject_failed'====== Args={'target': <playfield.playfield>, 'balls': 1, 'retry': True, 'num_attempts': 1}
2026-07-19 17:07:59,392 : INFO : ball_device.bd_trough : State: waiting_for_target_ready
2026-07-19 17:07:59,393 : INFO : EventManager : Event: ======'balldevice_bd_trough_ball_eject_attempt'====== Args={'balls': 1, 'target': <ball_device.bd_plunger>, 'source': <ball_device.bd_trough>, 'mechanical_eject': True, 'num_attempts': 4}
2026-07-19 17:07:59,393 : INFO : ball_device.bd_plunger : No longer expecting incoming ball which may skip the device.
2026-07-19 17:07:59,393 : INFO : ball_device.bd_trough : State: ejecting
2026-07-19 17:07:59,393 : INFO : ball_device.bd_trough : Ejecting ball to <ball_device.bd_plunger>
2026-07-19 17:07:59,393 : INFO : EventManager : Event: ======'balldevice_bd_trough_ejecting_ball'====== Args={'balls': 1, 'target': <ball_device.bd_plunger>, 'source': <ball_device.bd_trough>, 'mechanical_eject': True, 'num_attempts': 4}
2026-07-19 17:07:59,394 : INFO : ball_device.bd_plunger : State: waiting_for_ball
2026-07-19 17:07:59,394 : INFO : ball_device.bd_trough : Wait for ball to leave device
2026-07-19 17:07:59,396 : INFO : coil.c_trough_eject : Pulsing Driver for 10ms (1.0 pulse_power)
2026-07-19 17:07:59,434 : INFO : SwitchController : <<<<<<< 's_trough_1_opto' inactive >>>>>>>
2026-07-19 17:07:59,438 : INFO : ball_device.bd_trough : State: ball_left
2026-07-19 17:07:59,438 : INFO : ball_device.bd_trough : Ball left
2026-07-19 17:07:59,438 : INFO : ball_device.bd_trough : Wait for confirm with timeout 3.0
2026-07-19 17:07:59,607 : INFO : SwitchController : <<<<<<< 's_trough_1_opto' active >>>>>>>
2026-07-19 17:07:59,608 : INFO : EventManager : Event: ======'machine_var_audits_switches_s_trough_1_opto'====== Args={'value': 5, 'prev_value': 4, 'change': 1}
2026-07-19 17:07:59,668 : INFO : SwitchController : <<<<<<< 's_trough_3_opto' inactive >>>>>>>
2026-07-19 17:07:59,746 : INFO : SwitchController : <<<<<<< 's_trough_2_opto' inactive >>>>>>>
2026-07-19 17:07:59,823 : INFO : SwitchController : <<<<<<< 's_trough_3_opto' active >>>>>>>
2026-07-19 17:07:59,824 : INFO : EventManager : Event: ======'machine_var_audits_switches_s_trough_3_opto'====== Args={'value': 7, 'prev_value': 6, 'change': 1}
2026-07-19 17:07:59,871 : INFO : SwitchController : <<<<<<< 's_trough_3_opto' inactive >>>>>>>
2026-07-19 17:07:59,947 : INFO : SwitchController : <<<<<<< 's_trough_2_opto' active >>>>>>>
2026-07-19 17:07:59,948 : INFO : EventManager : Event: ======'machine_var_audits_switches_s_trough_2_opto'====== Args={'value': 4, 'prev_value': 3, 'change': 1}
2026-07-19 17:08:00,072 : INFO : SwitchController : <<<<<<< 's_trough_3_opto' active >>>>>>>
2026-07-19 17:08:00,072 : INFO : EventManager : Event: ======'machine_var_audits_switches_s_trough_3_opto'====== Args={'value': 8, 'prev_value': 7, 'change': 1}
2026-07-19 17:08:02,428 : INFO : ball_device.bd_trough : State: failed_confirm
2026-07-19 17:08:02,428 : INFO : ball_device.bd_trough : Got timeout (3.0s) before confirm from <ball_device.bd_plunger>
2026-07-19 17:08:02,431 : INFO : ball_device.bd_plunger : Expecting incoming ball which may skip the device.
2026-07-19 17:08:02,431 : INFO : EventManager : Event: ======'balldevice_bd_plunger_ejecting_ball'====== Args={'balls': 1, 'target': <playfield.playfield>, 'source': <ball_device.bd_plunger>, 'mechanical_eject': False, 'num_attempts': 1}
2026-07-19 17:08:02,432 : INFO : ball_device.bd_trough : Got unknown balls. Assuming a ball returned.
2026-07-19 17:08:02,432 : INFO : EventManager : Event: ======'balldevice_bd_trough_ball_eject_failed'====== Args={'target': <ball_device.bd_plunger>, 'balls': 1, 'retry': True, 'num_attempts': 5}
2026-07-19 17:08:02,434 : INFO : EventManager : Event: ======'balldevice_bd_plunger_ball_eject_failed'====== Args={'target': <playfield.playfield>, 'balls': 1, 'retry': True, 'num_attempts': 1}
2026-07-19 17:08:02,434 : INFO : ball_device.bd_trough : State: waiting_for_target_ready
2026-07-19 17:08:02,434 : INFO : EventManager : Event: ======'balldevice_bd_trough_ball_eject_attempt'====== Args={'balls': 1, 'target': <ball_device.bd_plunger>, 'source': <ball_device.bd_trough>, 'mechanical_eject': True, 'num_attempts': 5}
2026-07-19 17:08:02,435 : INFO : ball_device.bd_plunger : No longer expecting incoming ball which may skip the device.
2026-07-19 17:08:02,436 : INFO : ball_device.bd_trough : State: ejecting
2026-07-19 17:08:02,436 : INFO : ball_device.bd_trough : Ejecting ball to <ball_device.bd_plunger>
2026-07-19 17:08:02,436 : INFO : EventManager : Event: ======'balldevice_bd_trough_ejecting_ball'====== Args={'balls': 1, 'target': <ball_device.bd_plunger>, 'source': <ball_device.bd_trough>, 'mechanical_eject': True, 'num_attempts': 5}
2026-07-19 17:08:02,438 : INFO : ball_device.bd_plunger : State: waiting_for_ball
2026-07-19 17:08:02,439 : INFO : ball_device.bd_trough : Wait for ball to leave device
2026-07-19 17:08:02,439 : INFO : coil.c_trough_eject : Pulsing Driver for 10ms (1.0 pulse_power)
2026-07-19 17:08:02,474 : INFO : SwitchController : <<<<<<< 's_trough_1_opto' inactive >>>>>>>
2026-07-19 17:08:02,486 : INFO : ball_device.bd_trough : State: ball_left
2026-07-19 17:08:02,486 : INFO : ball_device.bd_trough : Ball left
2026-07-19 17:08:02,486 : INFO : ball_device.bd_trough : Wait for confirm with timeout 3.0
2026-07-19 17:08:02,663 : INFO : SwitchController : <<<<<<< 's_trough_1_opto' active >>>>>>>
2026-07-19 17:08:02,663 : INFO : EventManager : Event: ======'machine_var_audits_switches_s_trough_1_opto'====== Args={'value': 6, 'prev_value': 5, 'change': 1}
2026-07-19 17:08:02,708 : INFO : SwitchController : <<<<<<< 's_trough_3_opto' inactive >>>>>>>
2026-07-19 17:08:02,800 : INFO : SwitchController : <<<<<<< 's_trough_2_opto' inactive >>>>>>>
2026-07-19 17:08:02,955 : INFO : SwitchController : <<<<<<< 's_trough_2_opto' active >>>>>>>
2026-07-19 17:08:02,956 : INFO : EventManager : Event: ======'machine_var_audits_switches_s_trough_2_opto'====== Args={'value': 5, 'prev_value': 4, 'change': 1}
2026-07-19 17:08:03,159 : INFO : SwitchController : <<<<<<< 's_trough_3_opto' active >>>>>>>
2026-07-19 17:08:03,159 : INFO : EventManager : Event: ======'machine_var_audits_switches_s_trough_3_opto'====== Args={'value': 9, 'prev_value': 8, 'change': 1}
2026-07-19 17:08:05,487 : INFO : ball_device.bd_trough : State: failed_confirm
2026-07-19 17:08:05,487 : INFO : ball_device.bd_trough : Got timeout (3.0s) before confirm from <ball_device.bd_plunger>
2026-07-19 17:08:05,488 : INFO : ball_device.bd_plunger : Expecting incoming ball which may skip the device.
2026-07-19 17:08:05,488 : INFO : EventManager : Event: ======'balldevice_bd_plunger_ejecting_ball'====== Args={'balls': 1, 'target': <playfield.playfield>, 'source': <ball_device.bd_plunger>, 'mechanical_eject': False, 'num_attempts': 1}
2026-07-19 17:08:05,490 : INFO : ball_device.bd_trough : Got unknown balls. Assuming a ball returned.
2026-07-19 17:08:05,490 : INFO : EventManager : Event: ======'balldevice_bd_trough_ball_eject_failed'====== Args={'target': <ball_device.bd_plunger>, 'balls': 1, 'retry': True, 'num_attempts': 6}
2026-07-19 17:08:05,491 : INFO : EventManager : Event: ======'balldevice_bd_plunger_ball_eject_failed'====== Args={'target': <playfield.playfield>, 'balls': 1, 'retry': True, 'num_attempts': 1}
2026-07-19 17:08:05,492 : INFO : ball_device.bd_trough : State: waiting_for_target_ready
2026-07-19 17:08:05,492 : INFO : EventManager : Event: ======'balldevice_bd_trough_ball_eject_attempt'====== Args={'balls': 1, 'target': <ball_device.bd_plunger>, 'source': <ball_device.bd_trough>, 'mechanical_eject': True, 'num_attempts': 6}
2026-07-19 17:08:05,492 : INFO : ball_device.bd_plunger : No longer expecting incoming ball which may skip the device.
2026-07-19 17:08:05,494 : INFO : ball_device.bd_trough : State: ejecting
2026-07-19 17:08:05,494 : INFO : ball_device.bd_trough : Ejecting ball to <ball_device.bd_plunger>
2026-07-19 17:08:05,495 : INFO : EventManager : Event: ======'balldevice_bd_trough_ejecting_ball'====== Args={'balls': 1, 'target': <ball_device.bd_plunger>, 'source': <ball_device.bd_trough>, 'mechanical_eject': True, 'num_attempts': 6}
2026-07-19 17:08:05,497 : INFO : ball_device.bd_plunger : State: waiting_for_ball
2026-07-19 17:08:05,499 : INFO : ball_device.bd_trough : Wait for ball to leave device
2026-07-19 17:08:05,499 : INFO : coil.c_trough_eject : Pulsing Driver for 10ms (1.0 pulse_power)
2026-07-19 17:08:05,535 : INFO : SwitchController : <<<<<<< 's_trough_1_opto' inactive >>>>>>>
2026-07-19 17:08:05,539 : INFO : ball_device.bd_trough : State: ball_left
2026-07-19 17:08:05,540 : INFO : ball_device.bd_trough : Ball left
2026-07-19 17:08:05,540 : INFO : ball_device.bd_trough : Wait for confirm with timeout 3.0
2026-07-19 17:08:05,707 : INFO : SwitchController : <<<<<<< 's_trough_1_opto' active >>>>>>>
2026-07-19 17:08:05,707 : INFO : EventManager : Event: ======'machine_var_audits_switches_s_trough_1_opto'====== Args={'value': 7, 'prev_value': 6, 'change': 1}
2026-07-19 17:08:05,753 : INFO : SwitchController : <<<<<<< 's_trough_3_opto' inactive >>>>>>>
2026-07-19 17:08:05,830 : INFO : SwitchController : <<<<<<< 's_trough_2_opto' inactive >>>>>>>
2026-07-19 17:08:05,878 : INFO : SwitchController : <<<<<<< 's_trough_3_opto' active >>>>>>>
2026-07-19 17:08:05,878 : INFO : EventManager : Event: ======'machine_var_audits_switches_s_trough_3_opto'====== Args={'value': 10, 'prev_value': 9, 'change': 1}
2026-07-19 17:08:06,033 : INFO : SwitchController : <<<<<<< 's_trough_3_opto' inactive >>>>>>>
2026-07-19 17:08:06,081 : INFO : SwitchController : <<<<<<< 's_trough_2_opto' active >>>>>>>
2026-07-19 17:08:06,082 : INFO : EventManager : Event: ======'machine_var_audits_switches_s_trough_2_opto'====== Args={'value': 6, 'prev_value': 5, 'change': 1}
2026-07-19 17:08:06,268 : INFO : SwitchController : <<<<<<< 's_trough_3_opto' active >>>>>>>
2026-07-19 17:08:06,269 : INFO : EventManager : Event: ======'machine_var_audits_switches_s_trough_3_opto'====== Args={'value': 11, 'prev_value': 10, 'change': 1}
2026-07-19 17:08:07,257 : INFO : Machine : Shutting down...
2026-07-19 17:08:07,257 : INFO : EventManager : Event: ======'shutdown'====== Args={}
2026-07-19 17:08:07,259 : INFO : EventManager : Event: ======'mode_game_will_stop'====== Args={}
2026-07-19 17:08:07,259 : INFO : EventManager : Event: ======'mode_game_stopping'====== Args={}
2026-07-19 17:08:07,260 : INFO : EventManager : Event: ======'mode_pops_will_stop'====== Args={}
2026-07-19 17:08:07,260 : INFO : EventManager : Event: ======'mode_pops_stopping'====== Args={}
2026-07-19 17:08:07,260 : INFO : EventManager : Event: ======'mode_base_will_stop'====== Args={}
2026-07-19 17:08:07,260 : INFO : EventManager : Event: ======'mode_base_stopping'====== Args={}
2026-07-19 17:08:07,261 : INFO : EventManager : Event: ======'stop_mode_pops'====== Args={'priority': 0}
2026-07-19 17:08:07,261 : INFO : Mode.base : Stopped.
2026-07-19 17:08:07,261 : INFO : EventManager : Event: ======'modes_active_modes_changed'====== Args={}
2026-07-19 17:08:07,261 : INFO : EventManager : Event: ======'mode_base_stopped'====== Args={}
2026-07-19 17:08:07,261 : INFO : EventManager : Event: ======'clear'====== Args={'key': 'base'}
2026-07-19 17:08:07,261 : INFO : Mode.pops : Stopped.
2026-07-19 17:08:07,261 : INFO : EventManager : Event: ======'modes_active_modes_changed'====== Args={}
2026-07-19 17:08:07,261 : INFO : EventManager : Event: ======'mode_pops_stopped'====== Args={}
2026-07-19 17:08:07,262 : INFO : EventManager : Event: ======'clear'====== Args={'key': 'pops'}
2026-07-19 17:08:07,262 : INFO : Mode.game : Stopped.
2026-07-19 17:08:07,262 : INFO : EventManager : Event: ======'modes_active_modes_changed'====== Args={}
2026-07-19 17:08:07,262 : INFO : EventManager : Event: ======'mode_game_stopped'====== Args={}
2026-07-19 17:08:07,262 : INFO : EventManager : Event: ======'clear'====== Args={'key': 'game'}
2026-07-19 17:08:07,347 : INFO : root : MPF run loop ended.
