2026-07-19 12:26:38,723 : INFO : root : Loading config.
2026-07-19 12:26:38,726 : INFO : YamlMultifileConfigLoader : Machine config file #1: config.yaml
2026-07-19 12:26:38,727 : WARNING : ConfigProcessor : Config file in cache changed: C:\Users\yorel\Documents\KMF\KMF Code\config\config.yaml
2026-07-19 12:26:38,727 : INFO : ConfigProcessor : Loading config from file C:\Users\yorel\Documents\mpf-env-80\Lib\site-packages\mpf\mpfconfig.yaml.
2026-07-19 12:26:38,741 : INFO : ConfigProcessor : Loading config: C:\Users\yorel\Documents\mpf-env-80\Lib\site-packages\mpf\mpfconfig.yaml
2026-07-19 12:26:38,741 : INFO : ConfigProcessor : Loading config from file C:\Users\yorel\Documents\KMF\KMF Code\config\config.yaml.
2026-07-19 12:26:38,744 : INFO : ConfigProcessor : Loading config: C:\Users\yorel\Documents\KMF\KMF Code\config\config.yaml
2026-07-19 12:26:38,745 : INFO : ConfigProcessor : Loading config: C:\Users\yorel\Documents\KMF\KMF Code\config\config_ball_devices.yaml
2026-07-19 12:26:38,748 : INFO : ConfigProcessor : Loading config: C:\Users\yorel\Documents\KMF\KMF Code\config\config_coils.yaml
2026-07-19 12:26:38,752 : INFO : ConfigProcessor : Loading config: C:\Users\yorel\Documents\KMF\KMF Code\config\config_switches.yaml
2026-07-19 12:26:38,755 : INFO : ConfigProcessor : Config file cache created: C:\Users\yorel\AppData\Local\Temp\e4574a669b04b9b63f2509acba37fa15.mpf_cache
2026-07-19 12:26:38,832 : INFO : ConfigProcessor : Loading config from cache: C:\Users\yorel\AppData\Local\Temp\a3b95e4c04a1ac62e5a55f9ea03887d0.mpf_cache
2026-07-19 12:26:38,833 : INFO : ConfigProcessor : Loading config from cache: C:\Users\yorel\AppData\Local\Temp\e52c7621daabe5c520004c2331533e7f.mpf_cache
2026-07-19 12:26:38,834 : INFO : ConfigProcessor : Loading config from cache: C:\Users\yorel\AppData\Local\Temp\a3b95e4c04a1ac62e5a55f9ea03887d0.mpf_cache
2026-07-19 12:26:38,835 : INFO : ConfigProcessor : Loading config from cache: C:\Users\yorel\AppData\Local\Temp\adec83306147c6c0299d94bb4067de98.mpf_cache
2026-07-19 12:26:38,836 : INFO : ConfigProcessor : Loading config from file C:\Users\yorel\Documents\KMF\KMF Code\modes\pops\config\pops.yaml.
2026-07-19 12:26:38,837 : INFO : ConfigProcessor : Loading config: C:\Users\yorel\Documents\KMF\KMF Code\modes\pops\config\pops.yaml
2026-07-19 12:26:38,838 : INFO : ConfigProcessor : Config file cache created: C:\Users\yorel\AppData\Local\Temp\00c8d757238c2450cc6de420e2d1696f.mpf_cache
2026-07-19 12:26:38,839 : INFO : Machine : Mission Pinball Framework Core Engine v0.81.0.dev2
2026-07-19 12:26:38,839 : INFO : Machine : Command line arguments: {'no_load_cache': False, 'create_config_cache': True, 'bcp': True, 'configfile': ['config.yaml'], 'force_assets_load': False, 'platform_integration_test': False, 'jsonlogging': False, 'logfile': 'logs\\2026-07-19-12-26-38-mpf-MSI.log', 'pause': False, 'production': False, 'text_ui': False, 'loglevel': 15, 'consoleloglevel': 20, 'force_platform': 'virtual', 'syslog_address': None, 'full_logfile_path': 'C:\\Users\\yorel\\Documents\\KMF\\KMF Code\\logs\\2026-07-19-12-26-38-mpf-MSI.log'}
2026-07-19 12:26:38,839 : INFO : Machine : MPF path: C:\Users\yorel\Documents\mpf-env-80\Lib\site-packages\mpf
2026-07-19 12:26:38,839 : INFO : Machine : Machine path: C:\Users\yorel\Documents\KMF\KMF Code
2026-07-19 12:26:38,839 : INFO : Machine : Platform: win32
2026-07-19 12:26:38,839 : INFO : Machine : Python executable location: C:\Users\yorel\Documents\mpf-env-80\Scripts\python.exe
2026-07-19 12:26:38,839 : INFO : Machine : Python version: 3.11.5 (64-bit)
2026-07-19 12:26:38,841 : INFO : Machine : Initializing MPF...
2026-07-19 12:26:38,934 : INFO : EventManager : Event: ======'machine_var_credits_string'====== Args={'value': 'FREE PLAY', 'prev_value': None, 'change': True}
2026-07-19 12:26:38,950 : INFO : EventManager : Event: ======'machine_var_master_volume'====== Args={'value': 0.5, 'prev_value': None, 'change': True}
2026-07-19 12:26:38,951 : INFO : EventManager : Event: ======'machine_var_mpf_version'====== Args={'value': 'Mission Pinball Framework v0.81.0.dev2', 'prev_value': None, 'change': True}
2026-07-19 12:26:38,951 : INFO : EventManager : Event: ======'machine_var_mpf_extended_version'====== Args={'value': 'Mission Pinball Framework v0.81.0.dev2, Config version:6, Show version: 6, BCP version:1.1', 'prev_value': None, 'change': True}
2026-07-19 12:26:38,951 : INFO : EventManager : Event: ======'machine_var_python_version'====== Args={'value': '3.11.5', 'prev_value': None, 'change': True}
2026-07-19 12:26:39,001 : INFO : EventManager : Event: ======'machine_var_platform'====== Args={'value': 'Windows-10-10.0.26200-SP0', 'prev_value': None, 'change': True}
2026-07-19 12:26:39,001 : INFO : EventManager : Event: ======'machine_var_platform_system'====== Args={'value': 'Windows', 'prev_value': None, 'change': True}
2026-07-19 12:26:39,002 : INFO : EventManager : Event: ======'machine_var_platform_release'====== Args={'value': '10', 'prev_value': None, 'change': True}
2026-07-19 12:26:39,002 : INFO : EventManager : Event: ======'machine_var_platform_version'====== Args={'value': '10.0.26200', 'prev_value': None, 'change': True}
2026-07-19 12:26:39,002 : INFO : EventManager : Event: ======'machine_var_platform_machine'====== Args={'value': 'AMD64', 'prev_value': None, 'change': True}
2026-07-19 12:26:39,002 : INFO : EventManager : Event: ======'machine_var_log_file_path'====== Args={'value': 'C:\\Users\\yorel\\Documents\\KMF\\KMF Code\\logs\\2026-07-19-12-26-38-mpf-MSI.log', 'prev_value': None, 'change': True}
2026-07-19 12:26:39,002 : INFO : EventManager : Event: ======'init_phase_1'====== Args={}
2026-07-19 12:26:39,037 : INFO : EventManager : Event: ======'init_phase_2'====== Args={}
2026-07-19 12:26:39,037 : INFO : SwitchController : Found active switch: ('3208-0', <Platform.Virtual>) <switch.s_trough_1_opto>
2026-07-19 12:26:39,037 : INFO : SwitchController : Found active switch: ('3208-1', <Platform.Virtual>) <switch.s_trough_2_opto>
2026-07-19 12:26:39,037 : INFO : SwitchController : Found active switch: ('3208-2', <Platform.Virtual>) <switch.s_trough_3_opto>
2026-07-19 12:26:39,039 : INFO : EventManager : Event: ======'bcp_connection_attempt'====== Args={'name': 'local_display', 'host': 'localhost', 'port': 5050}
2026-07-19 12:26:39,040 : INFO : BCPClientSocket : Connecting BCP to 'local_display' at localhost:5050...
2026-07-19 12:26:46,792 : INFO : BCPClientSocket : Connected BCP to 'local_display' localhost:5050
2026-07-19 12:26:46,794 : INFO : EventManager : Event: ======'bcp_clients_connected'====== Args={}
2026-07-19 12:26:46,797 : INFO : ball_device.bd_plunger : BCH: Initial count: 0
2026-07-19 12:26:46,798 : INFO : ball_device.bd_plunger : State: idle
2026-07-19 12:26:46,800 : INFO : ball_device.bd_trough : BCH: Initial count: 3
2026-07-19 12:26:46,800 : INFO : ball_device.bd_trough : State: idle
2026-07-19 12:26:46,820 : INFO : EventManager : Event: ======'init_phase_3'====== Args={}
2026-07-19 12:26:46,825 : INFO : EventManager : Event: ======'init_phase_4'====== Args={}
2026-07-19 12:26:46,826 : INFO : BallController : Initial balls found: 3
2026-07-19 12:26:46,829 : INFO : EventManager : Event: ======'machine_var_audits_switches_s_left_upper_level_flipper_eos'====== Args={'value': 0, 'prev_value': None, 'change': True}
2026-07-19 12:26:46,830 : INFO : EventManager : Event: ======'machine_var_audits_switches_s_left_balcony_bow'====== Args={'value': 0, 'prev_value': None, 'change': True}
2026-07-19 12:26:46,830 : INFO : EventManager : Event: ======'machine_var_audits_switches_s_left_ramp_exit'====== Args={'value': 0, 'prev_value': None, 'change': True}
2026-07-19 12:26:46,830 : INFO : EventManager : Event: ======'machine_var_audits_switches_s_left_flipper'====== Args={'value': 0, 'prev_value': None, 'change': True}
2026-07-19 12:26:46,831 : INFO : EventManager : Event: ======'machine_var_audits_switches_s_right_upper_level_flipper'====== Args={'value': 0, 'prev_value': None, 'change': True}
2026-07-19 12:26:46,831 : INFO : EventManager : Event: ======'machine_var_audits_switches_s_left_front_pop'====== Args={'value': 0, 'prev_value': None, 'change': True}
2026-07-19 12:26:46,831 : INFO : EventManager : Event: ======'machine_var_audits_switches_s_trough_3_opto'====== Args={'value': 0, 'prev_value': None, 'change': True}
2026-07-19 12:26:46,831 : INFO : EventManager : Event: ======'machine_var_audits_switches_s_right_spinner_opto'====== Args={'value': 0, 'prev_value': None, 'change': True}
2026-07-19 12:26:46,832 : INFO : EventManager : Event: ======'machine_var_audits_switches_s_right_drop'====== Args={'value': 0, 'prev_value': None, 'change': True}
2026-07-19 12:26:46,832 : INFO : EventManager : Event: ======'machine_var_audits_switches_s_right_outlane'====== Args={'value': 0, 'prev_value': None, 'change': True}
2026-07-19 12:26:46,832 : INFO : EventManager : Event: ======'machine_var_audits_switches_s_ bogieland_drain'====== Args={'value': 0, 'prev_value': None, 'change': True}
2026-07-19 12:26:46,832 : INFO : EventManager : Event: ======'machine_var_audits_switches_s_left_outlane'====== Args={'value': 0, 'prev_value': None, 'change': True}
2026-07-19 12:26:46,832 : INFO : EventManager : Event: ======'machine_var_audits_switches_s_right_inlane'====== Args={'value': 0, 'prev_value': None, 'change': True}
2026-07-19 12:26:46,832 : INFO : EventManager : Event: ======'machine_var_audits_switches_s_rollover_lane_a'====== Args={'value': 0, 'prev_value': None, 'change': True}
2026-07-19 12:26:46,832 : INFO : EventManager : Event: ======'machine_var_audits_switches_s_star_rollover_1'====== Args={'value': 0, 'prev_value': None, 'change': True}
2026-07-19 12:26:46,832 : INFO : EventManager : Event: ======'machine_var_audits_switches_s_wireform_exit_right_opto'====== Args={'value': 0, 'prev_value': None, 'change': True}
2026-07-19 12:26:46,832 : INFO : EventManager : Event: ======'machine_var_audits_switches_s_star_rollover_3'====== Args={'value': 0, 'prev_value': None, 'change': True}
2026-07-19 12:26:46,832 : INFO : EventManager : Event: ======'machine_var_audits_switches_s_rollover_lane_b'====== Args={'value': 0, 'prev_value': None, 'change': True}
2026-07-19 12:26:46,832 : INFO : EventManager : Event: ======'machine_var_audits_switches_s_left_3_bank_standup_1_lowest'====== Args={'value': 0, 'prev_value': None, 'change': True}
2026-07-19 12:26:46,832 : INFO : EventManager : Event: ======'machine_var_audits_switches_s_star_rollover_5'====== Args={'value': 0, 'prev_value': None, 'change': True}
2026-07-19 12:26:46,834 : INFO : EventManager : Event: ======'machine_var_audits_switches_s_left_rear_pop'====== Args={'value': 0, 'prev_value': None, 'change': True}
2026-07-19 12:26:46,834 : INFO : EventManager : Event: ======'machine_var_audits_switches_s_star_rollover_4'====== Args={'value': 0, 'prev_value': None, 'change': True}
2026-07-19 12:26:46,834 : INFO : EventManager : Event: ======'machine_var_audits_switches_s_star_rollover_2'====== Args={'value': 0, 'prev_value': None, 'change': True}
2026-07-19 12:26:46,834 : INFO : EventManager : Event: ======'machine_var_audits_switches_s_star_rollover_8'====== Args={'value': 0, 'prev_value': None, 'change': True}
2026-07-19 12:26:46,834 : INFO : EventManager : Event: ======'machine_var_audits_switches_s_right_standup_target_at_ramp_entry'====== Args={'value': 0, 'prev_value': None, 'change': True}
2026-07-19 12:26:46,834 : INFO : EventManager : Event: ======'machine_var_audits_switches_s_left_inlane'====== Args={'value': 0, 'prev_value': None, 'change': True}
2026-07-19 12:26:46,834 : INFO : EventManager : Event: ======'machine_var_audits_switches_s_left_standup_target_at_ramp_entry'====== Args={'value': 0, 'prev_value': None, 'change': True}
2026-07-19 12:26:46,834 : INFO : EventManager : Event: ======'machine_var_audits_switches_s_right_front_pop'====== Args={'value': 0, 'prev_value': None, 'change': True}
2026-07-19 12:26:46,834 : INFO : EventManager : Event: ======'machine_var_audits_switches_s_right_balcony_bow'====== Args={'value': 0, 'prev_value': None, 'change': True}
2026-07-19 12:26:46,835 : INFO : EventManager : Event: ======'machine_var_audits_switches_s_left_upper_level_flipper'====== Args={'value': 0, 'prev_value': None, 'change': True}
2026-07-19 12:26:46,835 : INFO : EventManager : Event: ======'machine_var_audits_switches_s_KMF_center_target'====== Args={'value': 0, 'prev_value': None, 'change': True}
2026-07-19 12:26:46,836 : INFO : EventManager : Event: ======'machine_var_audits_switches_s_eject_hole'====== Args={'value': 0, 'prev_value': None, 'change': True}
2026-07-19 12:26:46,836 : INFO : EventManager : Event: ======'machine_var_audits_switches_s_right_upper_level_flipper_eos'====== Args={'value': 0, 'prev_value': None, 'change': True}
2026-07-19 12:26:46,836 : INFO : EventManager : Event: ======'machine_var_audits_switches_s_center_drop'====== Args={'value': 0, 'prev_value': None, 'change': True}
2026-07-19 12:26:46,836 : INFO : EventManager : Event: ======'machine_var_audits_switches_s_wireform_exit_left_opto'====== Args={'value': 0, 'prev_value': None, 'change': True}
2026-07-19 12:26:46,836 : INFO : EventManager : Event: ======'machine_var_audits_switches_s_right_flipper'====== Args={'value': 0, 'prev_value': None, 'change': True}
2026-07-19 12:26:46,836 : INFO : EventManager : Event: ======'machine_var_audits_switches_s_ left_spinner_opto'====== Args={'value': 0, 'prev_value': None, 'change': True}
2026-07-19 12:26:46,836 : INFO : EventManager : Event: ======'machine_var_audits_switches_s_right_sling'====== Args={'value': 0, 'prev_value': None, 'change': True}
2026-07-19 12:26:46,836 : INFO : EventManager : Event: ======'machine_var_audits_switches_s_right_3_bank_standup_1_lowest'====== Args={'value': 0, 'prev_value': None, 'change': True}
2026-07-19 12:26:46,837 : INFO : EventManager : Event: ======'machine_var_audits_switches_s_left_drop'====== Args={'value': 0, 'prev_value': None, 'change': True}
2026-07-19 12:26:46,837 : INFO : EventManager : Event: ======'machine_var_audits_switches_s_trough_2_opto'====== Args={'value': 0, 'prev_value': None, 'change': True}
2026-07-19 12:26:46,837 : INFO : EventManager : Event: ======'machine_var_audits_switches_s_left_sling'====== Args={'value': 0, 'prev_value': None, 'change': True}
2026-07-19 12:26:46,837 : INFO : EventManager : Event: ======'machine_var_audits_switches_s_star_rollover_9'====== Args={'value': 0, 'prev_value': None, 'change': True}
2026-07-19 12:26:46,837 : INFO : EventManager : Event: ======'machine_var_audits_switches_s_trough_1_opto'====== Args={'value': 0, 'prev_value': None, 'change': True}
2026-07-19 12:26:46,837 : INFO : EventManager : Event: ======'machine_var_audits_switches_s_right_eos'====== Args={'value': 0, 'prev_value': None, 'change': True}
2026-07-19 12:26:46,837 : INFO : EventManager : Event: ======'machine_var_audits_switches_s_left_3_bank_standup_3_highest'====== Args={'value': 0, 'prev_value': None, 'change': True}
2026-07-19 12:26:46,837 : INFO : EventManager : Event: ======'machine_var_audits_switches_s_right_ramp_exit'====== Args={'value': 0, 'prev_value': None, 'change': True}
2026-07-19 12:26:46,837 : INFO : EventManager : Event: ======'machine_var_audits_switches_s_star_rollover_7'====== Args={'value': 0, 'prev_value': None, 'change': True}
2026-07-19 12:26:46,838 : INFO : EventManager : Event: ======'machine_var_audits_switches_s_plunger_lane'====== Args={'value': 0, 'prev_value': None, 'change': True}
2026-07-19 12:26:46,838 : INFO : EventManager : Event: ======'machine_var_audits_switches_s_right_3_bank_standup_2_middle'====== Args={'value': 0, 'prev_value': None, 'change': True}
2026-07-19 12:26:46,838 : INFO : EventManager : Event: ======'machine_var_audits_switches_s_right_rear_pop'====== Args={'value': 0, 'prev_value': None, 'change': True}
2026-07-19 12:26:46,838 : INFO : EventManager : Event: ======'machine_var_audits_switches_s_left_eos'====== Args={'value': 0, 'prev_value': None, 'change': True}
2026-07-19 12:26:46,839 : INFO : EventManager : Event: ======'machine_var_audits_switches_s_star_rollover_6'====== Args={'value': 0, 'prev_value': None, 'change': True}
2026-07-19 12:26:46,839 : INFO : EventManager : Event: ======'machine_var_audits_switches_s_right_3_bank_standup_3_highest'====== Args={'value': 0, 'prev_value': None, 'change': True}
2026-07-19 12:26:46,839 : INFO : EventManager : Event: ======'machine_var_audits_switches_s_rollover_lane_c'====== Args={'value': 0, 'prev_value': None, 'change': True}
2026-07-19 12:26:46,840 : INFO : EventManager : Event: ======'machine_var_audits_switches_s_left_3_bank_standup_2_middle'====== Args={'value': 0, 'prev_value': None, 'change': True}
2026-07-19 12:26:46,840 : INFO : EventManager : Event: ======'machine_var_audits_switches_s_start'====== Args={'value': 0, 'prev_value': None, 'change': True}
2026-07-19 12:26:46,840 : INFO : EventManager : Event: ======'machine_var_audits_events_game_started'====== Args={'value': 0, 'prev_value': None, 'change': True}
2026-07-19 12:26:46,840 : INFO : EventManager : Event: ======'machine_var_audits_events_game_ended'====== Args={'value': 0, 'prev_value': None, 'change': True}
2026-07-19 12:26:46,840 : INFO : EventManager : Event: ======'machine_var_audits_player_score'====== Args={'value': {'top': [], 'average': 0, 'total': 0}, 'prev_value': None, 'change': True}
2026-07-19 12:26:46,840 : INFO : EventManager : Event: ======'init_phase_5'====== Args={}
2026-07-19 12:26:46,841 : INFO : EventManager : Event: ======'init_done'====== Args={}
2026-07-19 12:26:46,841 : INFO : EventManager : Event: ======'machine_reset_phase_1'====== Args={}
2026-07-19 12:26:46,855 : INFO : EventManager : Event: ======'machine_reset_phase_2'====== Args={}
2026-07-19 12:26:46,857 : INFO : EventManager : Event: ======'machine_reset_phase_3'====== Args={}
2026-07-19 12:26:46,858 : INFO : EventManager : Event: ======'reset_complete'====== Args={}
2026-07-19 12:26:46,858 : INFO : EventManager : Event: ======'mode_attract_will_start'====== Args={}
2026-07-19 12:26:46,859 : INFO : Timer.attract_carousel_timer : Starting Timer.
2026-07-19 12:26:46,859 : INFO : EventManager : Event: ======'timer_attract_carousel_timer_started'====== Args={'ticks': 0, 'ticks_remaining': 1}
2026-07-19 12:26:46,859 : INFO : EventManager : Event: ======'timer_attract_carousel_timer_tick'====== Args={'ticks': 0, 'ticks_remaining': 1}
2026-07-19 12:26:46,862 : INFO : EventManager : Event: ======'mode_attract_starting'====== Args={}
2026-07-19 12:26:46,862 : INFO : Mode.attract : Started. Priority: 10
2026-07-19 12:26:46,862 : INFO : EventManager : Event: ======'modes_active_modes_changed'====== Args={}
2026-07-19 12:26:46,862 : INFO : EventManager : Event: ======'mode_attract_started'====== Args={}
2026-07-19 12:26:46,863 : INFO : EventManager : Event: ======'collecting_balls_complete'====== Args={}
2026-07-19 12:26:46,864 : INFO : EventManager : Event: ======'carousel_item_highlighted'====== Args={'carousel': 'attract', 'direction': None, 'item': 'title'}
2026-07-19 12:26:46,864 : INFO : EventManager : Event: ======'timer_attract_carousel_timer_tick'====== Args={'ticks': 0, 'ticks_remaining': 1}
2026-07-19 12:26:46,865 : INFO : Machine : Starting the main run loop with active modes: [<Mode.attract>]
2026-07-19 12:26:46,894 : INFO : EventManager : Event: ======'slide_attract_created'====== Args={'_from_bcp': True}
2026-07-19 12:26:46,894 : INFO : EventManager : Event: ======'slide__removed'====== Args={'_from_bcp': True}
2026-07-19 12:26:46,895 : INFO : EventManager : Event: ======'slide_attract_active'====== Args={'original_context': 'attract', 'original_calling_context': 'mode_attract_started', 'priority': 10.0, 'cmd': 'slides_play', '_from_bcp': True}
2026-07-19 12:26:51,874 : INFO : Timer.attract_carousel_timer : Timer Complete
2026-07-19 12:26:51,875 : INFO : Timer.attract_carousel_timer : Stopping Timer
2026-07-19 12:26:51,875 : INFO : EventManager : Event: ======'timer_attract_carousel_timer_stopped'====== Args={'ticks': 1, 'ticks_remaining': 1}
2026-07-19 12:26:51,876 : INFO : EventManager : Event: ======'timer_attract_carousel_timer_complete'====== Args={'ticks': 1, 'ticks_remaining': 1}
2026-07-19 12:26:51,876 : INFO : EventManager : Event: ======'carousel_item_highlighted'====== Args={'carousel': 'attract', 'direction': 'forwards', 'item': 'credits'}
2026-07-19 12:26:51,877 : INFO : Timer.attract_carousel_timer : Starting Timer.
2026-07-19 12:26:51,878 : INFO : EventManager : Event: ======'timer_attract_carousel_timer_started'====== Args={'ticks': 0, 'ticks_remaining': 1}
2026-07-19 12:26:51,878 : INFO : EventManager : Event: ======'timer_attract_carousel_timer_tick'====== Args={'ticks': 0, 'ticks_remaining': 1}
2026-07-19 12:26:55,158 : INFO : SwitchController : <<<<<<< 's_right_flipper' active >>>>>>>
2026-07-19 12:26:55,158 : INFO : EventManager : Event: ======'s_right_flipper_active'====== Args={}
2026-07-19 12:26:55,158 : INFO : EventManager : Event: ======'carousel_item_highlighted'====== Args={'carousel': 'attract', 'direction': 'forwards', 'item': 'mpf_logo'}
2026-07-19 12:26:55,160 : INFO : EventManager : Event: ======'timer_attract_carousel_timer_tick'====== Args={'ticks': 0, 'ticks_remaining': 1}
2026-07-19 12:26:55,257 : INFO : SwitchController : <<<<<<< 's_right_flipper' inactive >>>>>>>
2026-07-19 12:26:55,506 : INFO : SwitchController : <<<<<<< 's_right_flipper' active >>>>>>>
2026-07-19 12:26:55,507 : INFO : EventManager : Event: ======'s_right_flipper_active'====== Args={}
2026-07-19 12:26:55,507 : INFO : EventManager : Event: ======'carousel_item_highlighted'====== Args={'carousel': 'attract', 'direction': 'forwards', 'item': 'title'}
2026-07-19 12:26:55,508 : INFO : EventManager : Event: ======'timer_attract_carousel_timer_tick'====== Args={'ticks': 0, 'ticks_remaining': 1}
2026-07-19 12:26:55,592 : INFO : SwitchController : <<<<<<< 's_right_flipper' inactive >>>>>>>
2026-07-19 12:26:55,740 : INFO : SwitchController : <<<<<<< 's_right_flipper' active >>>>>>>
2026-07-19 12:26:55,740 : INFO : EventManager : Event: ======'s_right_flipper_active'====== Args={}
2026-07-19 12:26:55,740 : INFO : EventManager : Event: ======'carousel_item_highlighted'====== Args={'carousel': 'attract', 'direction': 'forwards', 'item': 'credits'}
2026-07-19 12:26:55,742 : INFO : EventManager : Event: ======'timer_attract_carousel_timer_tick'====== Args={'ticks': 0, 'ticks_remaining': 1}
2026-07-19 12:26:55,823 : INFO : SwitchController : <<<<<<< 's_right_flipper' inactive >>>>>>>
2026-07-19 12:26:55,923 : INFO : SwitchController : <<<<<<< 's_right_flipper' active >>>>>>>
2026-07-19 12:26:55,923 : INFO : EventManager : Event: ======'s_right_flipper_active'====== Args={}
2026-07-19 12:26:55,924 : INFO : EventManager : Event: ======'carousel_item_highlighted'====== Args={'carousel': 'attract', 'direction': 'forwards', 'item': 'mpf_logo'}
2026-07-19 12:26:55,925 : INFO : EventManager : Event: ======'timer_attract_carousel_timer_tick'====== Args={'ticks': 0, 'ticks_remaining': 1}
2026-07-19 12:26:56,006 : INFO : SwitchController : <<<<<<< 's_right_flipper' inactive >>>>>>>
2026-07-19 12:26:56,307 : INFO : SwitchController : <<<<<<< 's_left_flipper' active >>>>>>>
2026-07-19 12:26:56,307 : INFO : EventManager : Event: ======'s_left_flipper_active'====== Args={}
2026-07-19 12:26:56,308 : INFO : EventManager : Event: ======'carousel_item_highlighted'====== Args={'carousel': 'attract', 'direction': 'backwards', 'item': 'credits'}
2026-07-19 12:26:56,309 : INFO : EventManager : Event: ======'timer_attract_carousel_timer_tick'====== Args={'ticks': 0, 'ticks_remaining': 1}
2026-07-19 12:26:56,408 : INFO : SwitchController : <<<<<<< 's_left_flipper' inactive >>>>>>>
2026-07-19 12:26:56,523 : INFO : SwitchController : <<<<<<< 's_left_flipper' active >>>>>>>
2026-07-19 12:26:56,523 : INFO : EventManager : Event: ======'s_left_flipper_active'====== Args={}
2026-07-19 12:26:56,523 : INFO : EventManager : Event: ======'carousel_item_highlighted'====== Args={'carousel': 'attract', 'direction': 'backwards', 'item': 'title'}
2026-07-19 12:26:56,526 : INFO : EventManager : Event: ======'timer_attract_carousel_timer_tick'====== Args={'ticks': 0, 'ticks_remaining': 1}
2026-07-19 12:26:56,607 : INFO : SwitchController : <<<<<<< 's_left_flipper' inactive >>>>>>>
2026-07-19 12:26:56,723 : INFO : SwitchController : <<<<<<< 's_left_flipper' active >>>>>>>
2026-07-19 12:26:56,723 : INFO : EventManager : Event: ======'s_left_flipper_active'====== Args={}
2026-07-19 12:26:56,723 : INFO : EventManager : Event: ======'carousel_item_highlighted'====== Args={'carousel': 'attract', 'direction': 'backwards', 'item': 'mpf_logo'}
2026-07-19 12:26:56,725 : INFO : EventManager : Event: ======'timer_attract_carousel_timer_tick'====== Args={'ticks': 0, 'ticks_remaining': 1}
2026-07-19 12:26:56,791 : INFO : SwitchController : <<<<<<< 's_left_flipper' inactive >>>>>>>
2026-07-19 12:26:57,040 : INFO : SwitchController : <<<<<<< 's_right_flipper' active >>>>>>>
2026-07-19 12:26:57,040 : INFO : EventManager : Event: ======'s_right_flipper_active'====== Args={}
2026-07-19 12:26:57,041 : INFO : EventManager : Event: ======'carousel_item_highlighted'====== Args={'carousel': 'attract', 'direction': 'forwards', 'item': 'title'}
2026-07-19 12:26:57,044 : INFO : EventManager : Event: ======'timer_attract_carousel_timer_tick'====== Args={'ticks': 0, 'ticks_remaining': 1}
2026-07-19 12:26:57,156 : INFO : SwitchController : <<<<<<< 's_right_flipper' inactive >>>>>>>
2026-07-19 12:26:57,292 : INFO : SwitchController : <<<<<<< 's_right_flipper' active >>>>>>>
2026-07-19 12:26:57,292 : INFO : EventManager : Event: ======'s_right_flipper_active'====== Args={}
2026-07-19 12:26:57,293 : INFO : EventManager : Event: ======'carousel_item_highlighted'====== Args={'carousel': 'attract', 'direction': 'forwards', 'item': 'credits'}
2026-07-19 12:26:57,293 : INFO : EventManager : Event: ======'timer_attract_carousel_timer_tick'====== Args={'ticks': 0, 'ticks_remaining': 1}
2026-07-19 12:26:57,373 : INFO : SwitchController : <<<<<<< 's_right_flipper' inactive >>>>>>>
2026-07-19 12:26:57,770 : INFO : SwitchController : <<<<<<< 's_right_flipper' active >>>>>>>
2026-07-19 12:26:57,771 : INFO : EventManager : Event: ======'s_right_flipper_active'====== Args={}
2026-07-19 12:26:57,771 : INFO : EventManager : Event: ======'carousel_item_highlighted'====== Args={'carousel': 'attract', 'direction': 'forwards', 'item': 'mpf_logo'}
2026-07-19 12:26:57,772 : INFO : EventManager : Event: ======'timer_attract_carousel_timer_tick'====== Args={'ticks': 0, 'ticks_remaining': 1}
2026-07-19 12:26:57,838 : INFO : SwitchController : <<<<<<< 's_right_flipper' inactive >>>>>>>
2026-07-19 12:26:59,589 : INFO : SwitchController : <<<<<<< 's_right_flipper' active >>>>>>>
2026-07-19 12:26:59,589 : INFO : EventManager : Event: ======'s_right_flipper_active'====== Args={}
2026-07-19 12:26:59,589 : INFO : EventManager : Event: ======'carousel_item_highlighted'====== Args={'carousel': 'attract', 'direction': 'forwards', 'item': 'title'}
2026-07-19 12:26:59,590 : INFO : EventManager : Event: ======'timer_attract_carousel_timer_tick'====== Args={'ticks': 0, 'ticks_remaining': 1}
2026-07-19 12:26:59,672 : INFO : SwitchController : <<<<<<< 's_right_flipper' inactive >>>>>>>
2026-07-19 12:27:01,103 : INFO : SwitchController : <<<<<<< 's_start' active >>>>>>>
2026-07-19 12:27:01,188 : INFO : SwitchController : <<<<<<< 's_start' inactive >>>>>>>
2026-07-19 12:27:01,189 : INFO : EventManager : Event: ======'request_to_start_game'====== Args={}
2026-07-19 12:27:01,189 : INFO : EventManager : Event: ======'game_start'====== Args={'buttons': [], 'hold_time': 0.07799999974668026}
2026-07-19 12:27:01,189 : INFO : EventManager : Event: ======'mode_game_will_start'====== Args={'buttons': [], 'hold_time': 0.07799999974668026}
2026-07-19 12:27:01,193 : INFO : EventManager : Event: ======'mode_game_starting'====== Args={'buttons': [], 'hold_time': 0.07799999974668026}
2026-07-19 12:27:01,193 : INFO : EventManager : Event: ======'mode_attract_will_stop'====== Args={}
2026-07-19 12:27:01,193 : INFO : EventManager : Event: ======'mode_attract_stopping'====== Args={}
2026-07-19 12:27:01,193 : INFO : Mode.attract : Stopped.
2026-07-19 12:27:01,193 : INFO : EventManager : Event: ======'modes_active_modes_changed'====== Args={}
2026-07-19 12:27:01,194 : INFO : EventManager : Event: ======'mode_attract_stopped'====== Args={}
2026-07-19 12:27:01,194 : INFO : EventManager : Event: ======'clear'====== Args={'key': 'attract'}
2026-07-19 12:27:01,194 : INFO : Timer.attract_carousel_timer : Stopping Timer
2026-07-19 12:27:01,194 : INFO : EventManager : Event: ======'timer_attract_carousel_timer_stopped'====== Args={'ticks': 0, 'ticks_remaining': 1}
2026-07-19 12:27:01,194 : INFO : Mode.game : Started. Priority: 20
2026-07-19 12:27:01,195 : INFO : EventManager : Event: ======'modes_active_modes_changed'====== Args={}
2026-07-19 12:27:01,195 : INFO : EventManager : Event: ======'mode_game_started'====== Args={'buttons': [], 'hold_time': 0.07799999974668026}
2026-07-19 12:27:01,196 : INFO : EventManager : Event: ======'game_will_start'====== Args={}
2026-07-19 12:27:01,196 : INFO : EventManager : Event: ======'game_starting'====== Args={'game': <Mode.game>}
2026-07-19 12:27:01,197 : INFO : EventManager : Unordered handler for class <Auditor> on event game_ended with priority 1. Handlers: [RegisteredHandler(callback=<bound method Auditor.disable of <Auditor>>, priority=1, kwargs={}, key=UUID('1f4fafc1-43ca-48ad-827b-3124341d52f9'), condition=None, blocking_facility=None), RegisteredHandler(callback=<bound method Auditor._save_audits of <Auditor>>, priority=1, kwargs={}, key=UUID('fa95f64b-24b0-403d-b70c-090e75b91684'), condition=None, blocking_facility=None)]. The order of those handlers is not defined and they will be executed in random order. This might lead to race conditions and potential bugs.
2026-07-19 12:27:01,197 : INFO : EventManager : Event: ======'player_add_request'====== Args={}
2026-07-19 12:27:01,198 : INFO : EventManager : Event: ======'player_will_add'====== Args={'number': 1}
2026-07-19 12:27:01,198 : INFO : EventManager : Event: ======'player_adding'====== Args={'player': <Player 1>, 'number': 1}
2026-07-19 12:27:01,198 : INFO : EventManager : Event: ======'player_added'====== Args={'player': <Player 1>, 'num': 1}
2026-07-19 12:27:01,198 : INFO : Mode.game : Player added successfully. Total players: 1
2026-07-19 12:27:01,199 : INFO : EventManager : Event: ======'player_index'====== Args={'value': 0, 'prev_value': 0, 'change': 0, 'player_num': 1}
2026-07-19 12:27:01,199 : INFO : EventManager : Event: ======'player_number'====== Args={'value': 1, 'prev_value': 1, 'change': 0, 'player_num': 1}
2026-07-19 12:27:01,199 : INFO : EventManager : Event: ======'player_score'====== Args={'value': 0, 'prev_value': 0, 'change': 0, 'player_num': 1}
2026-07-19 12:27:01,200 : INFO : EventManager : Event: ======'game_started'====== Args={}
2026-07-19 12:27:01,201 : INFO : EventManager : Event: ======'player_turn_will_start'====== Args={'player': <Player 1>, 'number': 1}
2026-07-19 12:27:01,201 : INFO : EventManager : Event: ======'player_turn_starting'====== Args={'player': <Player 1>, 'number': 1}
2026-07-19 12:27:01,202 : INFO : EventManager : Event: ======'player_ball'====== Args={'value': 1, 'prev_value': 0, 'change': 1, 'player_num': 1}
2026-07-19 12:27:01,202 : INFO : EventManager : Event: ======'player_turn_started'====== Args={'player': <Player 1>, 'number': 1}
2026-07-19 12:27:01,203 : INFO : EventManager : Event: ======'ball_will_start'====== Args={'player': 1, 'ball': 1, 'balls_remaining': 2, 'is_extra_ball': False}
2026-07-19 12:27:01,204 : INFO : EventManager : Event: ======'ball_starting'====== Args={'player': 1, 'ball': 1, 'balls_remaining': 2, 'is_extra_ball': False}
2026-07-19 12:27:01,204 : INFO : EventManager : Event: ======'mode_base_will_start'====== Args={'queue': <QueuedEvent>, 'player': 1, 'ball': 1, 'balls_remaining': 2, 'is_extra_ball': False}
2026-07-19 12:27:01,206 : INFO : EventManager : Event: ======'mode_base_starting'====== Args={'queue': <QueuedEvent>, 'player': 1, 'ball': 1, 'balls_remaining': 2, 'is_extra_ball': False}
2026-07-19 12:27:01,206 : INFO : Mode.base : Started. Priority: 100
2026-07-19 12:27:01,206 : INFO : EventManager : Event: ======'modes_active_modes_changed'====== Args={}
2026-07-19 12:27:01,207 : INFO : EventManager : Event: ======'mode_base_started'====== Args={'queue': <QueuedEvent>, 'player': 1, 'ball': 1, 'balls_remaining': 2, 'is_extra_ball': False}
2026-07-19 12:27:01,215 : INFO : EventManager : Event: ======'balls_in_play'====== Args={'balls': 1}
2026-07-19 12:27:01,216 : INFO : EventManager : Event: ======'ball_started'====== Args={'player': 1, 'ball': 1, 'balls_remaining': 2, 'is_extra_ball': False}
2026-07-19 12:27:01,222 : INFO : EventManager : Event: ======'single_player_ball_started'====== Args={}
2026-07-19 12:27:01,222 : INFO : EventManager : Event: ======'ball_start_target'====== Args={'target': 'playfield'}
2026-07-19 12:27:01,223 : INFO : ball_device.bd_trough : Setting up player-controlled eject. Balls: 1, Target: <playfield.playfield>, player_controlled_eject_event: None
2026-07-19 12:27:01,223 : INFO : ball_device.bd_trough : Adding 1 ball(s) to the eject_queue with target <playfield.playfield>.
2026-07-19 12:27:01,223 : INFO : EventManager : Event: ======'balldevice_balls_available'====== Args={}
2026-07-19 12:27:01,223 : INFO : ball_device.bd_trough : State: waiting_for_target_ready
2026-07-19 12:27:01,224 : INFO : EventManager : Event: ======'balldevice_bd_trough_ball_eject_attempt'====== Args={'balls': 1, 'target': <ball_device.bd_plunger>, 'source': <ball_device.bd_trough>, 'mechanical_eject': False, 'num_attempts': 0}
2026-07-19 12:27:01,224 : INFO : ball_device.bd_plunger : State: waiting_for_ball
2026-07-19 12:27:01,224 : INFO : ball_device.bd_trough : State: ejecting
2026-07-19 12:27:01,224 : INFO : ball_device.bd_trough : Ejecting ball to <ball_device.bd_plunger>
2026-07-19 12:27:01,224 : INFO : EventManager : Event: ======'balldevice_bd_trough_ejecting_ball'====== Args={'balls': 1, 'target': <ball_device.bd_plunger>, 'source': <ball_device.bd_trough>, 'mechanical_eject': False, 'num_attempts': 0}
2026-07-19 12:27:01,225 : INFO : ball_device.bd_trough : Wait for ball to leave device
2026-07-19 12:27:01,225 : INFO : coil.c_trough_eject : Pulsing Driver for 10ms (1.0 pulse_power)
2026-07-19 12:27:11,222 : INFO : EventManager : Event: ======'balldevice_bd_trough_ball_eject_failed'====== Args={'target': <ball_device.bd_plunger>, 'balls': 1, 'retry': True, 'num_attempts': 1}
2026-07-19 12:27:11,223 : INFO : ball_device.bd_trough : State: waiting_for_target_ready
2026-07-19 12:27:11,224 : INFO : EventManager : Event: ======'balldevice_bd_trough_ball_eject_attempt'====== Args={'balls': 1, 'target': <ball_device.bd_plunger>, 'source': <ball_device.bd_trough>, 'mechanical_eject': False, 'num_attempts': 1}
2026-07-19 12:27:11,225 : INFO : ball_device.bd_trough : State: ejecting
2026-07-19 12:27:11,225 : INFO : ball_device.bd_trough : Ejecting ball to <ball_device.bd_plunger>
2026-07-19 12:27:11,225 : INFO : EventManager : Event: ======'balldevice_bd_trough_ejecting_ball'====== Args={'balls': 1, 'target': <ball_device.bd_plunger>, 'source': <ball_device.bd_trough>, 'mechanical_eject': False, 'num_attempts': 1}
2026-07-19 12:27:11,226 : INFO : ball_device.bd_trough : Wait for ball to leave device
2026-07-19 12:27:11,226 : INFO : coil.c_trough_eject : Pulsing Driver for 10ms (1.0 pulse_power)
2026-07-19 12:27:21,239 : INFO : EventManager : Event: ======'balldevice_bd_trough_ball_eject_failed'====== Args={'target': <ball_device.bd_plunger>, 'balls': 1, 'retry': True, 'num_attempts': 2}
2026-07-19 12:27:21,240 : INFO : ball_device.bd_trough : State: waiting_for_target_ready
2026-07-19 12:27:21,240 : INFO : EventManager : Event: ======'balldevice_bd_trough_ball_eject_attempt'====== Args={'balls': 1, 'target': <ball_device.bd_plunger>, 'source': <ball_device.bd_trough>, 'mechanical_eject': False, 'num_attempts': 2}
2026-07-19 12:27:21,241 : INFO : ball_device.bd_trough : State: ejecting
2026-07-19 12:27:21,241 : INFO : ball_device.bd_trough : Ejecting ball to <ball_device.bd_plunger>
2026-07-19 12:27:21,242 : INFO : EventManager : Event: ======'balldevice_bd_trough_ejecting_ball'====== Args={'balls': 1, 'target': <ball_device.bd_plunger>, 'source': <ball_device.bd_trough>, 'mechanical_eject': False, 'num_attempts': 2}
2026-07-19 12:27:21,242 : INFO : ball_device.bd_trough : Wait for ball to leave device
2026-07-19 12:27:21,243 : INFO : coil.c_trough_eject : Pulsing Driver for 10ms (1.0 pulse_power)
2026-07-19 12:27:31,246 : INFO : EventManager : Event: ======'balldevice_bd_trough_ball_eject_failed'====== Args={'target': <ball_device.bd_plunger>, 'balls': 1, 'retry': True, 'num_attempts': 3}
2026-07-19 12:27:31,247 : INFO : ball_device.bd_trough : State: waiting_for_target_ready
2026-07-19 12:27:31,247 : INFO : EventManager : Event: ======'balldevice_bd_trough_ball_eject_attempt'====== Args={'balls': 1, 'target': <ball_device.bd_plunger>, 'source': <ball_device.bd_trough>, 'mechanical_eject': False, 'num_attempts': 3}
2026-07-19 12:27:31,248 : INFO : ball_device.bd_trough : State: ejecting
2026-07-19 12:27:31,248 : INFO : ball_device.bd_trough : Ejecting ball to <ball_device.bd_plunger>
2026-07-19 12:27:31,248 : INFO : EventManager : Event: ======'balldevice_bd_trough_ejecting_ball'====== Args={'balls': 1, 'target': <ball_device.bd_plunger>, 'source': <ball_device.bd_trough>, 'mechanical_eject': False, 'num_attempts': 3}
2026-07-19 12:27:31,248 : INFO : ball_device.bd_trough : Wait for ball to leave device
2026-07-19 12:27:31,248 : INFO : coil.c_trough_eject : Pulsing Driver for 10ms (1.0 pulse_power)
2026-07-19 12:27:31,309 : INFO : Machine : Shutting down...
2026-07-19 12:27:31,309 : INFO : EventManager : Event: ======'shutdown'====== Args={}
2026-07-19 12:27:31,310 : INFO : EventManager : Event: ======'mode_game_will_stop'====== Args={}
2026-07-19 12:27:31,310 : INFO : EventManager : Event: ======'mode_game_stopping'====== Args={}
2026-07-19 12:27:31,310 : INFO : EventManager : Event: ======'mode_base_will_stop'====== Args={}
2026-07-19 12:27:31,310 : INFO : EventManager : Event: ======'mode_base_stopping'====== Args={}
2026-07-19 12:27:31,310 : INFO : Mode.base : Stopped.
2026-07-19 12:27:31,311 : INFO : EventManager : Event: ======'modes_active_modes_changed'====== Args={}
2026-07-19 12:27:31,311 : INFO : EventManager : Event: ======'mode_base_stopped'====== Args={}
2026-07-19 12:27:31,311 : INFO : EventManager : Event: ======'clear'====== Args={'key': 'base'}
2026-07-19 12:27:31,311 : INFO : Mode.game : Stopped.
2026-07-19 12:27:31,311 : INFO : EventManager : Event: ======'modes_active_modes_changed'====== Args={}
2026-07-19 12:27:31,311 : INFO : EventManager : Event: ======'mode_game_stopped'====== Args={}
2026-07-19 12:27:31,311 : INFO : EventManager : Event: ======'clear'====== Args={'key': 'game'}
2026-07-19 12:27:31,315 : INFO : root : MPF run loop ended.
