2026-06-20 16:40:05,647 : INFO : root : Loading config.
2026-06-20 16:40:05,647 : INFO : YamlMultifileConfigLoader : Machine config file #1: config.yaml
2026-06-20 16:40:05,647 : INFO : ConfigProcessor : Loading config from cache: C:\Users\yorel\AppData\Local\Temp\e4574a669b04b9b63f2509acba37fa15.mpf_cache
2026-06-20 16:40:05,691 : INFO : ConfigProcessor : Loading config from cache: C:\Users\yorel\AppData\Local\Temp\a3b95e4c04a1ac62e5a55f9ea03887d0.mpf_cache
2026-06-20 16:40:05,691 : INFO : ConfigProcessor : Loading config from cache: C:\Users\yorel\AppData\Local\Temp\e52c7621daabe5c520004c2331533e7f.mpf_cache
2026-06-20 16:40:05,691 : INFO : ConfigProcessor : Loading config from cache: C:\Users\yorel\AppData\Local\Temp\a3b95e4c04a1ac62e5a55f9ea03887d0.mpf_cache
2026-06-20 16:40:05,691 : INFO : ConfigProcessor : Loading config from cache: C:\Users\yorel\AppData\Local\Temp\adec83306147c6c0299d94bb4067de98.mpf_cache
2026-06-20 16:40:05,691 : INFO : Machine : Mission Pinball Framework Core Engine v0.81.0.dev2
2026-06-20 16:40:05,691 : INFO : Machine : Command line arguments: {'no_load_cache': False, 'create_config_cache': True, 'bcp': False, 'configfile': ['config.yaml'], 'force_assets_load': False, 'platform_integration_test': False, 'jsonlogging': False, 'logfile': 'logs\\2026-06-20-16-40-05-mpf-MSI.log', 'pause': False, 'production': False, 'text_ui': True, 'loglevel': 15, 'consoleloglevel': 20, 'force_platform': None, 'syslog_address': None, 'full_logfile_path': 'C:\\Users\\yorel\\Documents\\KMF\\KMF Code\\logs\\2026-06-20-16-40-05-mpf-MSI.log'}
2026-06-20 16:40:05,691 : INFO : Machine : MPF path: C:\Users\yorel\Documents\mpf-env-80\Lib\site-packages\mpf
2026-06-20 16:40:05,691 : INFO : Machine : Machine path: C:\Users\yorel\Documents\KMF\KMF Code
2026-06-20 16:40:05,691 : INFO : Machine : Platform: win32
2026-06-20 16:40:05,691 : INFO : Machine : Python executable location: C:\Users\yorel\Documents\mpf-env-80\Scripts\python.exe
2026-06-20 16:40:05,691 : INFO : Machine : Python version: 3.11.5 (64-bit)
2026-06-20 16:40:05,691 : INFO : Machine : Initializing MPF...
2026-06-20 16:40:05,804 : INFO : EventManager : Event: ======'machine_var_credits_string'====== Args={'value': 'FREE PLAY', 'prev_value': None, 'change': True}
2026-06-20 16:40:05,812 : INFO : EventManager : Event: ======'machine_var_master_volume'====== Args={'value': 0.5, 'prev_value': None, 'change': True}
2026-06-20 16:40:05,812 : INFO : EventManager : Event: ======'machine_var_mpf_version'====== Args={'value': 'Mission Pinball Framework v0.81.0.dev2', 'prev_value': None, 'change': True}
2026-06-20 16:40:05,812 : INFO : EventManager : Event: ======'machine_var_mpf_extended_version'====== Args={'value': 'Mission Pinball Framework v0.81.0.dev2, Config version:6, Show version: 6, BCP version:1.1', 'prev_value': None, 'change': True}
2026-06-20 16:40:05,812 : INFO : EventManager : Event: ======'machine_var_python_version'====== Args={'value': '3.11.5', 'prev_value': None, 'change': True}
2026-06-20 16:40:05,850 : INFO : EventManager : Event: ======'machine_var_platform'====== Args={'value': 'Windows-10-10.0.26200-SP0', 'prev_value': None, 'change': True}
2026-06-20 16:40:05,850 : INFO : EventManager : Event: ======'machine_var_platform_system'====== Args={'value': 'Windows', 'prev_value': None, 'change': True}
2026-06-20 16:40:05,850 : INFO : EventManager : Event: ======'machine_var_platform_release'====== Args={'value': '10', 'prev_value': None, 'change': True}
2026-06-20 16:40:05,850 : INFO : EventManager : Event: ======'machine_var_platform_version'====== Args={'value': '10.0.26200', 'prev_value': None, 'change': True}
2026-06-20 16:40:05,850 : INFO : EventManager : Event: ======'machine_var_platform_machine'====== Args={'value': 'AMD64', 'prev_value': None, 'change': True}
2026-06-20 16:40:05,850 : INFO : EventManager : Event: ======'machine_var_log_file_path'====== Args={'value': 'C:\\Users\\yorel\\Documents\\KMF\\KMF Code\\logs\\2026-06-20-16-40-05-mpf-MSI.log', 'prev_value': None, 'change': True}
2026-06-20 16:40:05,850 : INFO : EventManager : Event: ======'init_phase_1'====== Args={}
2026-06-20 16:40:05,861 : INFO : EventManager : Event: ======'init_phase_2'====== Args={}
2026-06-20 16:40:05,863 : INFO : EventManager : Event: ======'init_phase_3'====== Args={}
2026-06-20 16:40:05,865 : INFO : EventManager : Event: ======'init_phase_4'====== Args={}
2026-06-20 16:40:05,865 : INFO : EventManager : Event: ======'machine_var_audits_events_game_started'====== Args={'value': 0, 'prev_value': None, 'change': True}
2026-06-20 16:40:05,865 : INFO : EventManager : Event: ======'machine_var_audits_events_game_ended'====== Args={'value': 0, 'prev_value': None, 'change': True}
2026-06-20 16:40:05,865 : INFO : EventManager : Event: ======'machine_var_audits_player_score'====== Args={'value': {'top': [], 'average': 0, 'total': 0}, 'prev_value': None, 'change': True}
2026-06-20 16:40:05,865 : INFO : EventManager : Event: ======'init_phase_5'====== Args={}
2026-06-20 16:40:05,876 : INFO : EventManager : Event: ======'init_done'====== Args={}
2026-06-20 16:40:05,876 : INFO : EventManager : Event: ======'machine_reset_phase_1'====== Args={}
2026-06-20 16:40:05,876 : INFO : EventManager : Event: ======'machine_reset_phase_2'====== Args={}
2026-06-20 16:40:05,876 : INFO : EventManager : Event: ======'machine_reset_phase_3'====== Args={}
2026-06-20 16:40:05,876 : INFO : EventManager : Event: ======'reset_complete'====== Args={}
2026-06-20 16:40:05,876 : INFO : EventManager : Event: ======'mode_attract_will_start'====== Args={}
2026-06-20 16:40:05,876 : INFO : EventManager : Event: ======'mode_attract_starting'====== Args={}
2026-06-20 16:40:05,876 : INFO : Mode.attract : Started. Priority: 10
2026-06-20 16:40:05,876 : INFO : EventManager : Event: ======'modes_active_modes_changed'====== Args={}
2026-06-20 16:40:05,876 : INFO : EventManager : Event: ======'mode_attract_started'====== Args={}
2026-06-20 16:40:05,876 : INFO : EventManager : Event: ======'collecting_balls_complete'====== Args={}
2026-06-20 16:40:05,881 : INFO : Machine : Starting the main run loop with active modes: [<Mode.attract>]
2026-06-20 16:44:21,637 : INFO : Machine : Shutting down...
2026-06-20 16:44:21,637 : INFO : EventManager : Event: ======'shutdown'====== Args={}
2026-06-20 16:44:21,640 : INFO : root : MPF run loop ended.
