2026-07-15 13:06:44,176 : INFO : root : Loading config.
2026-07-15 13:06:44,179 : INFO : YamlMultifileConfigLoader : Machine config file #1: config.yaml
2026-07-15 13:06:44,180 : INFO : ConfigProcessor : Loading config from cache: C:\Users\yorel\AppData\Local\Temp\e4574a669b04b9b63f2509acba37fa15.mpf_cache
2026-07-15 13:06:44,248 : INFO : ConfigProcessor : Loading config from cache: C:\Users\yorel\AppData\Local\Temp\a3b95e4c04a1ac62e5a55f9ea03887d0.mpf_cache
2026-07-15 13:06:44,249 : INFO : ConfigProcessor : Loading config from cache: C:\Users\yorel\AppData\Local\Temp\e52c7621daabe5c520004c2331533e7f.mpf_cache
2026-07-15 13:06:44,250 : INFO : ConfigProcessor : Loading config from cache: C:\Users\yorel\AppData\Local\Temp\a3b95e4c04a1ac62e5a55f9ea03887d0.mpf_cache
2026-07-15 13:06:44,250 : INFO : ConfigProcessor : Loading config from cache: C:\Users\yorel\AppData\Local\Temp\adec83306147c6c0299d94bb4067de98.mpf_cache
2026-07-15 13:06:44,253 : INFO : Machine : Mission Pinball Framework Core Engine v0.81.0.dev2
2026-07-15 13:06:44,253 : INFO : Machine : Command line arguments: {'no_load_cache': False, 'create_config_cache': True, 'bcp': False, 'configfile': ['config.yaml'], 'force_assets_load': False, 'platform_integration_test': False, 'jsonlogging': False, 'logfile': 'logs\\2026-07-15-13-06-44-mpf-MSI.log', 'pause': False, 'production': False, 'text_ui': False, 'loglevel': 15, 'consoleloglevel': 20, 'force_platform': None, 'syslog_address': None, 'full_logfile_path': 'C:\\Users\\yorel\\Documents\\KMF\\KMF Code\\logs\\2026-07-15-13-06-44-mpf-MSI.log'}
2026-07-15 13:06:44,253 : INFO : Machine : MPF path: C:\Users\yorel\Documents\mpf-env-80\Lib\site-packages\mpf
2026-07-15 13:06:44,253 : INFO : Machine : Machine path: C:\Users\yorel\Documents\KMF\KMF Code
2026-07-15 13:06:44,253 : INFO : Machine : Platform: win32
2026-07-15 13:06:44,253 : INFO : Machine : Python executable location: C:\Users\yorel\Documents\mpf-env-80\Scripts\python.exe
2026-07-15 13:06:44,253 : INFO : Machine : Python version: 3.11.5 (64-bit)
2026-07-15 13:06:44,255 : INFO : Machine : Initializing MPF...
2026-07-15 13:06:44,354 : INFO : FAST : Auto-detecting ports for the following connections: ['net']
2026-07-15 13:06:44,386 : INFO : FAST : Detected NET on port COM4
2026-07-15 13:06:44,506 : INFO : FAST [NET] : Trying to connect to COM4 at 921600bps
2026-07-15 13:06:44,522 : INFO : FAST [NET] : Connected to COM4 at 921600bps
2026-07-15 13:06:44,533 : INFO : FAST [NET] : Connected to FP-CPU-2000 with firmware v02.26
2026-07-15 13:06:44,564 : INFO : FAST [NET] : Registered I/O Board 0: Model: FP-I/O-0024, Firmware: 01.10, Switches: 24, Drivers: 8
2026-07-15 13:06:44,579 : INFO : FAST [NET] : Registered I/O Board 1: Model: FP-I/O-3208, Firmware: 01.10, Switches: 32, Drivers: 8
2026-07-15 13:06:44,594 : INFO : FAST [NET] : Registered I/O Board 2: Model: FP-I/O-1616, Firmware: 01.10, Switches: 16, Drivers: 16
2026-07-15 13:06:44,610 : INFO : FAST [NET] : Registered I/O Board 3: Model: FP-I/O-0804, Firmware: 01.10, Switches: 8, Drivers: 4
2026-07-15 13:06:44,610 : INFO : EventManager : Event: ======'machine_var_credits_string'====== Args={'value': 'FREE PLAY', 'prev_value': None, 'change': True}
2026-07-15 13:06:44,656 : INFO : EventManager : Event: ======'machine_var_master_volume'====== Args={'value': 0.5, 'prev_value': None, 'change': True}
2026-07-15 13:06:44,656 : INFO : EventManager : Event: ======'machine_var_mpf_version'====== Args={'value': 'Mission Pinball Framework v0.81.0.dev2', 'prev_value': None, 'change': True}
2026-07-15 13:06:44,656 : INFO : EventManager : Event: ======'machine_var_mpf_extended_version'====== Args={'value': 'Mission Pinball Framework v0.81.0.dev2, Config version:6, Show version: 6, BCP version:1.1', 'prev_value': None, 'change': True}
2026-07-15 13:06:44,657 : INFO : EventManager : Event: ======'machine_var_python_version'====== Args={'value': '3.11.5', 'prev_value': None, 'change': True}
2026-07-15 13:06:44,755 : INFO : EventManager : Event: ======'machine_var_platform'====== Args={'value': 'Windows-10-10.0.26200-SP0', 'prev_value': None, 'change': True}
2026-07-15 13:06:44,755 : INFO : EventManager : Event: ======'machine_var_platform_system'====== Args={'value': 'Windows', 'prev_value': None, 'change': True}
2026-07-15 13:06:44,755 : INFO : EventManager : Event: ======'machine_var_platform_release'====== Args={'value': '10', 'prev_value': None, 'change': True}
2026-07-15 13:06:44,755 : INFO : EventManager : Event: ======'machine_var_platform_version'====== Args={'value': '10.0.26200', 'prev_value': None, 'change': True}
2026-07-15 13:06:44,756 : INFO : EventManager : Event: ======'machine_var_platform_machine'====== Args={'value': 'AMD64', 'prev_value': None, 'change': True}
2026-07-15 13:06:44,756 : INFO : EventManager : Event: ======'machine_var_log_file_path'====== Args={'value': 'C:\\Users\\yorel\\Documents\\KMF\\KMF Code\\logs\\2026-07-15-13-06-44-mpf-MSI.log', 'prev_value': None, 'change': True}
2026-07-15 13:06:44,756 : INFO : EventManager : Event: ======'init_phase_1'====== Args={}
2026-07-15 13:06:48,610 : INFO : SwitchController : <<<<<<< 's_ left_spinner_opto' active >>>>>>>
2026-07-15 13:06:48,610 : INFO : SwitchController : <<<<<<< 's_right_spinner_opto' active >>>>>>>
2026-07-15 13:06:48,610 : INFO : SwitchController : <<<<<<< 's_left_drop' active >>>>>>>
2026-07-15 13:06:48,610 : INFO : SwitchController : <<<<<<< 's_right_drop' active >>>>>>>
2026-07-15 13:06:48,610 : INFO : SwitchController : <<<<<<< 's_center_drop' active >>>>>>>
2026-07-15 13:06:48,611 : INFO : SwitchController : <<<<<<< 's_trough_1_opto' active >>>>>>>
2026-07-15 13:06:48,611 : INFO : SwitchController : <<<<<<< 's_trough_2_opto' active >>>>>>>
2026-07-15 13:06:48,611 : INFO : SwitchController : <<<<<<< 's_trough_3_opto' active >>>>>>>
2026-07-15 13:06:48,612 : INFO : EventManager : Event: ======'init_phase_2'====== Args={}
2026-07-15 13:06:48,613 : INFO : SwitchController : Found active switch: (57, [FAST Platform Interface]) <switch.s_ left_spinner_opto>
2026-07-15 13:06:48,613 : INFO : SwitchController : Found active switch: (56, [FAST Platform Interface]) <switch.s_right_spinner_opto>
2026-07-15 13:06:48,613 : INFO : SwitchController : Found active switch: (64, [FAST Platform Interface]) <switch.s_left_drop>
2026-07-15 13:06:48,613 : INFO : SwitchController : Found active switch: (47, [FAST Platform Interface]) <switch.s_right_drop>
2026-07-15 13:06:48,613 : INFO : SwitchController : Found active switch: (43, [FAST Platform Interface]) <switch.s_center_drop>
2026-07-15 13:06:48,613 : INFO : SwitchController : Found active switch: (24, [FAST Platform Interface]) <switch.s_trough_1_opto>
2026-07-15 13:06:48,613 : INFO : SwitchController : Found active switch: (25, [FAST Platform Interface]) <switch.s_trough_2_opto>
2026-07-15 13:06:48,613 : INFO : SwitchController : Found active switch: (26, [FAST Platform Interface]) <switch.s_trough_3_opto>
2026-07-15 13:06:48,634 : INFO : EventManager : Event: ======'init_phase_3'====== Args={}
2026-07-15 13:06:48,637 : INFO : EventManager : Event: ======'init_phase_4'====== Args={}
2026-07-15 13:06:48,640 : INFO : EventManager : Event: ======'machine_var_audits_switches_s_left_rear_pop'====== Args={'value': 0, 'prev_value': None, 'change': True}
2026-07-15 13:06:48,640 : INFO : EventManager : Event: ======'machine_var_audits_switches_s_left_upper_level_flipper'====== Args={'value': 0, 'prev_value': None, 'change': True}
2026-07-15 13:06:48,640 : INFO : EventManager : Event: ======'machine_var_audits_switches_s_right_sling'====== Args={'value': 0, 'prev_value': None, 'change': True}
2026-07-15 13:06:48,640 : INFO : EventManager : Event: ======'machine_var_audits_switches_s_wireform_exit_right_opto'====== Args={'value': 0, 'prev_value': None, 'change': True}
2026-07-15 13:06:48,640 : INFO : EventManager : Event: ======'machine_var_audits_switches_s_start'====== Args={'value': 0, 'prev_value': None, 'change': True}
2026-07-15 13:06:48,640 : INFO : EventManager : Event: ======'machine_var_audits_switches_s_left_drop'====== Args={'value': 0, 'prev_value': None, 'change': True}
2026-07-15 13:06:48,640 : INFO : EventManager : Event: ======'machine_var_audits_switches_s_right_eos'====== Args={'value': 0, 'prev_value': None, 'change': True}
2026-07-15 13:06:48,640 : INFO : EventManager : Event: ======'machine_var_audits_switches_s_right_3_bank_standup_1_lowest'====== Args={'value': 0, 'prev_value': None, 'change': True}
2026-07-15 13:06:48,640 : INFO : EventManager : Event: ======'machine_var_audits_switches_s_left_ramp_exit'====== Args={'value': 0, 'prev_value': None, 'change': True}
2026-07-15 13:06:48,640 : INFO : EventManager : Event: ======'machine_var_audits_switches_s_star_rollover_3'====== Args={'value': 0, 'prev_value': None, 'change': True}
2026-07-15 13:06:48,640 : INFO : EventManager : Event: ======'machine_var_audits_switches_s_left_3_bank_standup_3_highest'====== Args={'value': 0, 'prev_value': None, 'change': True}
2026-07-15 13:06:48,640 : INFO : EventManager : Event: ======'machine_var_audits_switches_s_left_3_bank_standup_1_lowest'====== Args={'value': 0, 'prev_value': None, 'change': True}
2026-07-15 13:06:48,640 : INFO : EventManager : Event: ======'machine_var_audits_switches_s_left_upper_level_flipper_eos'====== Args={'value': 0, 'prev_value': None, 'change': True}
2026-07-15 13:06:48,640 : INFO : EventManager : Event: ======'machine_var_audits_switches_s_star_rollover_4'====== Args={'value': 0, 'prev_value': None, 'change': True}
2026-07-15 13:06:48,640 : INFO : EventManager : Event: ======'machine_var_audits_switches_s_eject_hole'====== Args={'value': 0, 'prev_value': None, 'change': True}
2026-07-15 13:06:48,640 : INFO : EventManager : Event: ======'machine_var_audits_switches_s_right_upper_level_flipper_eos'====== Args={'value': 0, 'prev_value': None, 'change': True}
2026-07-15 13:06:48,640 : INFO : EventManager : Event: ======'machine_var_audits_switches_s_trough_1_opto'====== Args={'value': 0, 'prev_value': None, 'change': True}
2026-07-15 13:06:48,640 : INFO : EventManager : Event: ======'machine_var_audits_switches_s_rollover_lane_b'====== Args={'value': 0, 'prev_value': None, 'change': True}
2026-07-15 13:06:48,640 : INFO : EventManager : Event: ======'machine_var_audits_switches_s_left_standup_target_at_ramp_entry'====== Args={'value': 0, 'prev_value': None, 'change': True}
2026-07-15 13:06:48,640 : INFO : EventManager : Event: ======'machine_var_audits_switches_s_left_eos'====== Args={'value': 0, 'prev_value': None, 'change': True}
2026-07-15 13:06:48,640 : INFO : EventManager : Event: ======'machine_var_audits_switches_s_rollover_lane_a'====== Args={'value': 0, 'prev_value': None, 'change': True}
2026-07-15 13:06:48,640 : INFO : EventManager : Event: ======'machine_var_audits_switches_s_right_spinner_opto'====== Args={'value': 0, 'prev_value': None, 'change': True}
2026-07-15 13:06:48,640 : INFO : EventManager : Event: ======'machine_var_audits_switches_s_right_inlane'====== Args={'value': 0, 'prev_value': None, 'change': True}
2026-07-15 13:06:48,640 : INFO : EventManager : Event: ======'machine_var_audits_switches_s_right_rear_pop'====== Args={'value': 0, 'prev_value': None, 'change': True}
2026-07-15 13:06:48,640 : INFO : EventManager : Event: ======'machine_var_audits_switches_s_right_ramp_exit'====== Args={'value': 0, 'prev_value': None, 'change': True}
2026-07-15 13:06:48,640 : INFO : EventManager : Event: ======'machine_var_audits_switches_s_right_outlane'====== Args={'value': 0, 'prev_value': None, 'change': True}
2026-07-15 13:06:48,641 : INFO : EventManager : Event: ======'machine_var_audits_switches_s_left_front_pop'====== Args={'value': 0, 'prev_value': None, 'change': True}
2026-07-15 13:06:48,641 : INFO : EventManager : Event: ======'machine_var_audits_switches_s_wireform_exit_left_opto'====== Args={'value': 0, 'prev_value': None, 'change': True}
2026-07-15 13:06:48,641 : INFO : EventManager : Event: ======'machine_var_audits_switches_s_left_outlane'====== Args={'value': 0, 'prev_value': None, 'change': True}
2026-07-15 13:06:48,641 : INFO : EventManager : Event: ======'machine_var_audits_switches_s_right_front_pop'====== Args={'value': 0, 'prev_value': None, 'change': True}
2026-07-15 13:06:48,641 : INFO : EventManager : Event: ======'machine_var_audits_switches_s_star_rollover_9'====== Args={'value': 0, 'prev_value': None, 'change': True}
2026-07-15 13:06:48,641 : INFO : EventManager : Event: ======'machine_var_audits_switches_s_star_rollover_8'====== Args={'value': 0, 'prev_value': None, 'change': True}
2026-07-15 13:06:48,641 : INFO : EventManager : Event: ======'machine_var_audits_switches_s_star_rollover_7'====== Args={'value': 0, 'prev_value': None, 'change': True}
2026-07-15 13:06:48,641 : INFO : EventManager : Event: ======'machine_var_audits_switches_s_ bogieland_drain'====== Args={'value': 0, 'prev_value': None, 'change': True}
2026-07-15 13:06:48,641 : INFO : EventManager : Event: ======'machine_var_audits_switches_s_trough_2_opto'====== Args={'value': 0, 'prev_value': None, 'change': True}
2026-07-15 13:06:48,641 : INFO : EventManager : Event: ======'machine_var_audits_switches_s_left_inlane'====== Args={'value': 0, 'prev_value': None, 'change': True}
2026-07-15 13:06:48,641 : INFO : EventManager : Event: ======'machine_var_audits_switches_s_right_flipper'====== Args={'value': 0, 'prev_value': None, 'change': True}
2026-07-15 13:06:48,641 : INFO : EventManager : Event: ======'machine_var_audits_switches_s_right_3_bank_standup_2_middle'====== Args={'value': 0, 'prev_value': None, 'change': True}
2026-07-15 13:06:48,641 : INFO : EventManager : Event: ======'machine_var_audits_switches_s_right_standup_target_at_ramp_entry'====== Args={'value': 0, 'prev_value': None, 'change': True}
2026-07-15 13:06:48,641 : INFO : EventManager : Event: ======'machine_var_audits_switches_s_star_rollover_6'====== Args={'value': 0, 'prev_value': None, 'change': True}
2026-07-15 13:06:48,642 : INFO : EventManager : Event: ======'machine_var_audits_switches_s_star_rollover_5'====== Args={'value': 0, 'prev_value': None, 'change': True}
2026-07-15 13:06:48,642 : INFO : EventManager : Event: ======'machine_var_audits_switches_s_right_balcony_bow'====== Args={'value': 0, 'prev_value': None, 'change': True}
2026-07-15 13:06:48,642 : INFO : EventManager : Event: ======'machine_var_audits_switches_s_KMF_center_target'====== Args={'value': 0, 'prev_value': None, 'change': True}
2026-07-15 13:06:48,642 : INFO : EventManager : Event: ======'machine_var_audits_switches_s_star_rollover_2'====== Args={'value': 0, 'prev_value': None, 'change': True}
2026-07-15 13:06:48,642 : INFO : EventManager : Event: ======'machine_var_audits_switches_s_rollover_lane_c'====== Args={'value': 0, 'prev_value': None, 'change': True}
2026-07-15 13:06:48,642 : INFO : EventManager : Event: ======'machine_var_audits_switches_s_center_drop'====== Args={'value': 0, 'prev_value': None, 'change': True}
2026-07-15 13:06:48,642 : INFO : EventManager : Event: ======'machine_var_audits_switches_s_left_flipper'====== Args={'value': 0, 'prev_value': None, 'change': True}
2026-07-15 13:06:48,642 : INFO : EventManager : Event: ======'machine_var_audits_switches_s_left_3_bank_standup_2_middle'====== Args={'value': 0, 'prev_value': None, 'change': True}
2026-07-15 13:06:48,642 : INFO : EventManager : Event: ======'machine_var_audits_switches_s_trough_3_opto'====== Args={'value': 0, 'prev_value': None, 'change': True}
2026-07-15 13:06:48,642 : INFO : EventManager : Event: ======'machine_var_audits_switches_s_ left_spinner_opto'====== Args={'value': 0, 'prev_value': None, 'change': True}
2026-07-15 13:06:48,642 : INFO : EventManager : Event: ======'machine_var_audits_switches_s_left_balcony_bow'====== Args={'value': 0, 'prev_value': None, 'change': True}
2026-07-15 13:06:48,642 : INFO : EventManager : Event: ======'machine_var_audits_switches_s_right_upper_level_flipper'====== Args={'value': 0, 'prev_value': None, 'change': True}
2026-07-15 13:06:48,642 : INFO : EventManager : Event: ======'machine_var_audits_switches_s_star_rollover_1'====== Args={'value': 0, 'prev_value': None, 'change': True}
2026-07-15 13:06:48,642 : INFO : EventManager : Event: ======'machine_var_audits_switches_s_left_sling'====== Args={'value': 0, 'prev_value': None, 'change': True}
2026-07-15 13:06:48,642 : INFO : EventManager : Event: ======'machine_var_audits_switches_s_right_drop'====== Args={'value': 0, 'prev_value': None, 'change': True}
2026-07-15 13:06:48,642 : INFO : EventManager : Event: ======'machine_var_audits_switches_s_right_3_bank_standup_3_highest'====== Args={'value': 0, 'prev_value': None, 'change': True}
2026-07-15 13:06:48,642 : INFO : EventManager : Event: ======'machine_var_audits_events_game_started'====== Args={'value': 0, 'prev_value': None, 'change': True}
2026-07-15 13:06:48,642 : INFO : EventManager : Event: ======'machine_var_audits_events_game_ended'====== Args={'value': 0, 'prev_value': None, 'change': True}
2026-07-15 13:06:48,642 : INFO : EventManager : Event: ======'machine_var_audits_player_score'====== Args={'value': {'top': [], 'average': 0, 'total': 0}, 'prev_value': None, 'change': True}
2026-07-15 13:06:48,642 : INFO : EventManager : Event: ======'init_phase_5'====== Args={}
2026-07-15 13:06:48,643 : INFO : EventManager : Event: ======'init_done'====== Args={}
2026-07-15 13:06:48,643 : INFO : EventManager : Event: ======'machine_reset_phase_1'====== Args={}
2026-07-15 13:06:48,643 : INFO : EventManager : Event: ======'machine_reset_phase_2'====== Args={}
2026-07-15 13:06:48,645 : INFO : EventManager : Event: ======'machine_reset_phase_3'====== Args={}
2026-07-15 13:06:48,646 : INFO : EventManager : Event: ======'reset_complete'====== Args={}
2026-07-15 13:06:48,646 : INFO : EventManager : Event: ======'mode_attract_will_start'====== Args={}
2026-07-15 13:06:48,646 : INFO : EventManager : Event: ======'mode_attract_starting'====== Args={}
2026-07-15 13:06:48,646 : INFO : Mode.attract : Started. Priority: 10
2026-07-15 13:06:48,646 : INFO : EventManager : Event: ======'modes_active_modes_changed'====== Args={}
2026-07-15 13:06:48,646 : INFO : EventManager : Event: ======'mode_attract_started'====== Args={}
2026-07-15 13:06:48,646 : INFO : EventManager : Event: ======'collecting_balls_complete'====== Args={}
2026-07-15 13:06:48,648 : INFO : Machine : Starting the main run loop with active modes: [<Mode.attract>]
2026-07-15 13:09:21,137 : INFO : BcpServer : New client connected.
2026-07-15 13:09:21,156 : INFO : service : Entered service mode. Resetting game if running. Resetting hardware interface now.
2026-07-15 13:09:21,157 : INFO : EventManager : Event: ======'mode_attract_will_stop'====== Args={}
2026-07-15 13:09:21,158 : INFO : EventManager : Event: ======'mode_attract_stopping'====== Args={}
2026-07-15 13:09:21,158 : INFO : EventManager : Event: ======'service_mode_entered'====== Args={}
2026-07-15 13:09:21,164 : INFO : Mode.attract : Stopped.
2026-07-15 13:09:21,165 : INFO : EventManager : Event: ======'modes_active_modes_changed'====== Args={}
2026-07-15 13:09:21,166 : INFO : EventManager : Event: ======'mode_attract_stopped'====== Args={}
2026-07-15 13:09:21,167 : INFO : EventManager : Event: ======'clear'====== Args={'key': 'attract'}
2026-07-15 13:11:41,732 : INFO : coil.c_flipper_left_main : Pulsing Driver for 10ms (1.0 pulse_power)
2026-07-15 13:12:31,630 : INFO : coil.c_flipper_left_main : Pulsing Driver for 10ms (1.0 pulse_power)
2026-07-15 13:12:48,010 : INFO : coil.c_flipper_left_main : Pulsing Driver for 10ms (1.0 pulse_power)
2026-07-15 13:12:52,024 : INFO : coil.c_flipper_left_main : Pulsing Driver for 10ms (1.0 pulse_power)
2026-07-15 13:12:53,340 : INFO : coil.c_flipper_left_main : Pulsing Driver for 10ms (1.0 pulse_power)
2026-07-15 13:12:54,090 : INFO : coil.c_flipper_left_main : Pulsing Driver for 10ms (1.0 pulse_power)
2026-07-15 13:13:20,298 : INFO : coil.c_flipper_left_main : Pulsing Driver for 10ms (1.0 pulse_power)
2026-07-15 13:13:23,503 : INFO : coil.c_flipper_left_main : Pulsing Driver for 10ms (1.0 pulse_power)
2026-07-15 13:13:24,251 : INFO : coil.c_flipper_left_main : Pulsing Driver for 10ms (1.0 pulse_power)
2026-07-15 13:13:32,677 : INFO : coil.c_flipper_left_main : Pulsing Driver for 10ms (1.0 pulse_power)
2026-07-15 13:13:33,328 : INFO : coil.c_flipper_left_main : Pulsing Driver for 10ms (1.0 pulse_power)
2026-07-15 13:13:35,737 : INFO : coil.c_flipper_left_main : Pulsing Driver for 10ms (1.0 pulse_power)
2026-07-15 13:15:33,913 : INFO : coil.c_flipper_left_hold : Enabling Driver with power 1.0 (pulse_ms 10ms and pulse_power 1.0)
2026-07-15 13:15:54,471 : INFO : coil.c_flipper_left_hold : Disabling Driver
2026-07-15 13:16:33,735 : INFO : SwitchController : <<<<<<< 's_trough_1_opto' inactive >>>>>>>
2026-07-15 13:16:33,736 : INFO : SwitchController : <<<<<<< 's_trough_3_opto' inactive >>>>>>>
2026-07-15 13:16:33,736 : INFO : SwitchController : <<<<<<< 's_trough_2_opto' inactive >>>>>>>
2026-07-15 13:16:33,767 : INFO : SwitchController : <<<<<<< 's_wireform_exit_left_opto' active >>>>>>>
2026-07-15 13:16:33,768 : INFO : EventManager : Event: ======'s_wireform_exit_left_opto_active'====== Args={}
2026-07-15 13:16:33,768 : INFO : SwitchController : <<<<<<< 's_left_upper_level_flipper' active >>>>>>>
2026-07-15 13:16:33,769 : INFO : SwitchController : <<<<<<< 's_right_flipper' active >>>>>>>
2026-07-15 13:16:33,772 : INFO : SwitchController : <<<<<<< 's_right_upper_level_flipper' active >>>>>>>
2026-07-15 13:16:33,773 : INFO : SwitchController : <<<<<<< 's_left_flipper' active >>>>>>>
2026-07-15 13:16:33,773 : INFO : EventManager : Event: ======'flipper_cancel'====== Args={'triggering_group': 1, 'triggering_switch': 's_left_flipper'}
2026-07-15 13:16:33,774 : INFO : SwitchController : <<<<<<< 's_start' active >>>>>>>
2026-07-15 13:16:33,775 : INFO : SwitchController : <<<<<<< 's_right_sling' active >>>>>>>
2026-07-15 13:16:33,777 : INFO : SwitchController : <<<<<<< 's_left_sling' active >>>>>>>
2026-07-15 13:16:33,778 : INFO : SwitchController : <<<<<<< 's_wireform_exit_left_opto' inactive >>>>>>>
2026-07-15 13:16:33,779 : INFO : SwitchController : <<<<<<< 's_right_eos' active >>>>>>>
2026-07-15 13:16:33,779 : INFO : SwitchController : <<<<<<< 's_left_front_pop' active >>>>>>>
2026-07-15 13:16:33,780 : INFO : SwitchController : <<<<<<< 's_left_rear_pop' active >>>>>>>
2026-07-15 13:16:33,780 : INFO : SwitchController : <<<<<<< 's_right_rear_pop' active >>>>>>>
2026-07-15 13:16:33,780 : INFO : SwitchController : <<<<<<< 's_right_upper_level_flipper_eos' active >>>>>>>
2026-07-15 13:16:33,788 : INFO : SwitchController : <<<<<<< 's_right_standup_target_at_ramp_entry' active >>>>>>>
2026-07-15 13:16:33,789 : INFO : SwitchController : <<<<<<< 's_right_3_bank_standup_3_highest' active >>>>>>>
2026-07-15 13:16:33,790 : INFO : SwitchController : <<<<<<< 's_left_3_bank_standup_1_lowest' active >>>>>>>
2026-07-15 13:16:33,790 : INFO : SwitchController : <<<<<<< 's_rollover_lane_c' active >>>>>>>
2026-07-15 13:16:33,791 : INFO : SwitchController : <<<<<<< 's_left_ramp_exit' active >>>>>>>
2026-07-15 13:16:33,791 : INFO : EventManager : Event: ======'s_left_ramp_exit_active'====== Args={}
2026-07-15 13:16:33,792 : INFO : SwitchController : <<<<<<< 's_right_ramp_exit' active >>>>>>>
2026-07-15 13:16:33,792 : INFO : EventManager : Event: ======'s_right_ramp_exit_active'====== Args={}
2026-07-15 13:16:33,793 : INFO : SwitchController : <<<<<<< 's_KMF_center_target' active >>>>>>>
2026-07-15 13:16:33,793 : INFO : SwitchController : <<<<<<< 's_left_balcony_bow' active >>>>>>>
2026-07-15 13:16:33,794 : INFO : SwitchController : <<<<<<< 's_right_balcony_bow' active >>>>>>>
2026-07-15 13:16:33,795 : INFO : SwitchController : <<<<<<< 's_trough_1_opto' active >>>>>>>
2026-07-15 13:16:33,795 : INFO : SwitchController : <<<<<<< 's_trough_2_opto' active >>>>>>>
2026-07-15 13:16:33,796 : INFO : SwitchController : <<<<<<< 's_trough_3_opto' active >>>>>>>
2026-07-15 13:16:33,796 : INFO : SwitchController : <<<<<<< 's_left_eos' active >>>>>>>
2026-07-15 13:16:33,797 : INFO : SwitchController : <<<<<<< 's_left_inlane' active >>>>>>>
2026-07-15 13:16:33,797 : INFO : SwitchController : <<<<<<< 's_left_outlane' active >>>>>>>
2026-07-15 13:16:33,800 : INFO : SwitchController : <<<<<<< 's_right_outlane' active >>>>>>>
2026-07-15 13:16:33,801 : INFO : SwitchController : <<<<<<< 's_right_inlane' active >>>>>>>
2026-07-15 13:16:33,801 : INFO : SwitchController : <<<<<<< 's_left_upper_level_flipper_eos' active >>>>>>>
2026-07-15 13:16:33,803 : INFO : SwitchController : <<<<<<< 's_right_front_pop' active >>>>>>>
2026-07-15 13:16:33,804 : INFO : SwitchController : <<<<<<< 's_right_3_bank_standup_1_lowest' active >>>>>>>
2026-07-15 13:16:33,805 : INFO : SwitchController : <<<<<<< 's_right_3_bank_standup_2_middle' active >>>>>>>
2026-07-15 13:16:33,805 : INFO : SwitchController : <<<<<<< 's_left_standup_target_at_ramp_entry' active >>>>>>>
2026-07-15 13:16:33,805 : INFO : SwitchController : <<<<<<< 's_left_3_bank_standup_3_highest' active >>>>>>>
2026-07-15 13:16:33,805 : INFO : SwitchController : <<<<<<< 's_left_3_bank_standup_2_middle' active >>>>>>>
2026-07-15 13:16:33,805 : INFO : SwitchController : <<<<<<< 's_right_spinner_opto' inactive >>>>>>>
2026-07-15 13:16:33,806 : INFO : SwitchController : <<<<<<< 's_ left_spinner_opto' inactive >>>>>>>
2026-07-15 13:16:33,806 : INFO : SwitchController : <<<<<<< 's_star_rollover_5' active >>>>>>>
2026-07-15 13:16:33,806 : INFO : SwitchController : <<<<<<< 's_star_rollover_6' active >>>>>>>
2026-07-15 13:16:33,806 : INFO : SwitchController : <<<<<<< 's_star_rollover_3' active >>>>>>>
2026-07-15 13:16:33,806 : INFO : SwitchController : <<<<<<< 's_eject_hole' active >>>>>>>
2026-07-15 13:16:33,806 : INFO : SwitchController : <<<<<<< 's_rollover_lane_a' active >>>>>>>
2026-07-15 13:16:33,807 : INFO : SwitchController : <<<<<<< 's_rollover_lane_b' active >>>>>>>
2026-07-15 13:16:33,807 : INFO : SwitchController : <<<<<<< 's_star_rollover_8' active >>>>>>>
2026-07-15 13:16:33,807 : INFO : SwitchController : <<<<<<< 's_star_rollover_9' active >>>>>>>
2026-07-15 13:16:33,807 : INFO : SwitchController : <<<<<<< 's_star_rollover_7' active >>>>>>>
2026-07-15 13:16:33,807 : INFO : SwitchController : <<<<<<< 's_star_rollover_4' active >>>>>>>
2026-07-15 13:16:33,807 : INFO : SwitchController : <<<<<<< 's_ bogieland_drain' active >>>>>>>
2026-07-15 13:16:33,808 : INFO : SwitchController : <<<<<<< 's_star_rollover_2' active >>>>>>>
2026-07-15 13:16:33,808 : INFO : SwitchController : <<<<<<< 's_star_rollover_1' active >>>>>>>
2026-07-15 13:16:33,864 : ERROR : asyncio : Fatal write error on serial transport
protocol: <asyncio.streams.StreamReaderProtocol object at 0x000002AA6152BC90>
transport: SerialTransport(<ProactorEventLoop running=True closed=False debug=False>, <asyncio.streams.StreamReaderProtocol object at 0x000002AA6152BC90>, Serial<id=0x2aa61894400, open=True>(port='COM4', baudrate=921600, bytesize=8, parity='N', stopbits=1, timeout=0, xonxoff=False, rtscts=False, dsrdtr=False))
Traceback (most recent call last):
  File "C:\Users\yorel\Documents\mpf-env-80\Lib\site-packages\serial_asyncio\__init__.py", line 290, in _poll_read
    if self.serial.in_waiting:
       ^^^^^^^^^^^^^^^^^^^^^^
  File "C:\Users\yorel\Documents\mpf-env-80\Lib\site-packages\serial\serialwin32.py", line 259, in in_waiting
    raise SerialException("ClearCommError failed ({!r})".format(ctypes.WinError()))
serial.serialutil.SerialException: ClearCommError failed (PermissionError(13, 'The device does not recognize the command.', None, 22))
2026-07-15 13:16:33,927 : WARNING : FAST [NET] : Serial error: ClearCommError failed (PermissionError(13, 'The device does not recognize the command.', None, 22))
2026-07-15 13:16:33,934 : INFO : Machine : Shutting down...
2026-07-15 13:16:33,936 : INFO : EventManager : Event: ======'shutdown'====== Args={}
2026-07-15 13:16:34,048 : ERROR : root : ClearCommError failed (PermissionError(13, 'The device does not recognize the command.', None, 22))
Traceback (most recent call last):
  File "C:\Users\yorel\Documents\mpf-env-80\Lib\site-packages\mpf\commands\game.py", line 229, in __init__
    self.machine.run()
  File "C:\Users\yorel\Documents\mpf-env-80\Lib\site-packages\mpf\core\machine.py", line 706, in run
    self._run_loop()
  File "C:\Users\yorel\Documents\mpf-env-80\Lib\site-packages\mpf\core\machine.py", line 806, in _run_loop
    self._crash_shutdown()
  File "C:\Users\yorel\Documents\mpf-env-80\Lib\site-packages\mpf\core\machine.py", line 751, in _crash_shutdown
    self._do_stop()
  File "C:\Users\yorel\Documents\mpf-env-80\Lib\site-packages\mpf\core\machine.py", line 742, in _do_stop
    self.shutdown()
  File "C:\Users\yorel\Documents\mpf-env-80\Lib\site-packages\mpf\core\machine.py", line 772, in shutdown
    self._platform_stop()
  File "C:\Users\yorel\Documents\mpf-env-80\Lib\site-packages\mpf\core\machine.py", line 822, in _platform_stop
    hardware_platform.stop()
  File "C:\Users\yorel\Documents\mpf-env-80\Lib\site-packages\mpf\platforms\fast\fast.py", line 176, in stop
    connection.stop()
  File "C:\Users\yorel\Documents\mpf-env-80\Lib\site-packages\mpf\platforms\fast\communicators\base.py", line 244, in stop
    self.machine.clock.loop.run_until_complete(self.writer.wait_closed())
  File "C:\Users\yorel\AppData\Local\Programs\Python\Python311\Lib\asyncio\base_events.py", line 653, in run_until_complete
    return future.result()
           ^^^^^^^^^^^^^^^
  File "C:\Users\yorel\AppData\Local\Programs\Python\Python311\Lib\asyncio\streams.py", line 350, in wait_closed
    await self._protocol._get_close_waiter(self)
  File "C:\Users\yorel\Documents\mpf-env-80\Lib\site-packages\serial_asyncio\__init__.py", line 290, in _poll_read
    if self.serial.in_waiting:
       ^^^^^^^^^^^^^^^^^^^^^^
  File "C:\Users\yorel\Documents\mpf-env-80\Lib\site-packages\serial\serialwin32.py", line 259, in in_waiting
    raise SerialException("ClearCommError failed ({!r})".format(ctypes.WinError()))
serial.serialutil.SerialException: ClearCommError failed (PermissionError(13, 'The device does not recognize the command.', None, 22))
