2026-07-19 12:21:08,456 : INFO : root : Loading config.
2026-07-19 12:21:08,462 : INFO : YamlMultifileConfigLoader : Machine config file #1: config.yaml
2026-07-19 12:21:08,462 : INFO : ConfigProcessor : Loading config from cache: C:\Users\yorel\AppData\Local\Temp\e4574a669b04b9b63f2509acba37fa15.mpf_cache
2026-07-19 12:21:08,612 : INFO : ConfigProcessor : Loading config from cache: C:\Users\yorel\AppData\Local\Temp\a3b95e4c04a1ac62e5a55f9ea03887d0.mpf_cache
2026-07-19 12:21:08,616 : INFO : ConfigProcessor : Loading config from cache: C:\Users\yorel\AppData\Local\Temp\e52c7621daabe5c520004c2331533e7f.mpf_cache
2026-07-19 12:21:08,619 : INFO : ConfigProcessor : Loading config from cache: C:\Users\yorel\AppData\Local\Temp\a3b95e4c04a1ac62e5a55f9ea03887d0.mpf_cache
2026-07-19 12:21:08,623 : INFO : ConfigProcessor : Loading config from cache: C:\Users\yorel\AppData\Local\Temp\adec83306147c6c0299d94bb4067de98.mpf_cache
2026-07-19 12:21:08,625 : INFO : Machine : Mission Pinball Framework Core Engine v0.81.0.dev2
2026-07-19 12:21:08,625 : INFO : Machine : Command line arguments: {'no_load_cache': False, 'create_config_cache': True, 'bcp': True, 'configfile': ['config.yaml'], 'force_assets_load': False, 'platform_integration_test': False, 'jsonlogging': False, 'logfile': 'logs\\2026-07-19-12-21-08-mpf-MSI.log', 'pause': False, 'production': False, 'text_ui': False, 'loglevel': 15, 'consoleloglevel': 20, 'force_platform': 'virtual', 'syslog_address': None, 'full_logfile_path': 'C:\\Users\\yorel\\Documents\\KMF\\KMF Code\\logs\\2026-07-19-12-21-08-mpf-MSI.log'}
2026-07-19 12:21:08,625 : INFO : Machine : MPF path: C:\Users\yorel\Documents\mpf-env-80\Lib\site-packages\mpf
2026-07-19 12:21:08,625 : INFO : Machine : Machine path: C:\Users\yorel\Documents\KMF\KMF Code
2026-07-19 12:21:08,625 : INFO : Machine : Platform: win32
2026-07-19 12:21:08,625 : INFO : Machine : Python executable location: C:\Users\yorel\Documents\mpf-env-80\Scripts\python.exe
2026-07-19 12:21:08,625 : INFO : Machine : Python version: 3.11.5 (64-bit)
2026-07-19 12:21:08,628 : INFO : Machine : Initializing MPF...
2026-07-19 12:21:08,807 : INFO : EventManager : Event: ======'machine_var_credits_string'====== Args={'value': 'FREE PLAY', 'prev_value': None, 'change': True}
2026-07-19 12:21:08,840 : INFO : EventManager : Event: ======'machine_var_master_volume'====== Args={'value': 0.5, 'prev_value': None, 'change': True}
2026-07-19 12:21:08,840 : INFO : EventManager : Event: ======'machine_var_mpf_version'====== Args={'value': 'Mission Pinball Framework v0.81.0.dev2', 'prev_value': None, 'change': True}
2026-07-19 12:21:08,840 : INFO : EventManager : Event: ======'machine_var_mpf_extended_version'====== Args={'value': 'Mission Pinball Framework v0.81.0.dev2, Config version:6, Show version: 6, BCP version:1.1', 'prev_value': None, 'change': True}
2026-07-19 12:21:08,840 : INFO : EventManager : Event: ======'machine_var_python_version'====== Args={'value': '3.11.5', 'prev_value': None, 'change': True}
2026-07-19 12:21:08,902 : INFO : EventManager : Event: ======'machine_var_platform'====== Args={'value': 'Windows-10-10.0.26200-SP0', 'prev_value': None, 'change': True}
2026-07-19 12:21:08,903 : INFO : EventManager : Event: ======'machine_var_platform_system'====== Args={'value': 'Windows', 'prev_value': None, 'change': True}
2026-07-19 12:21:08,903 : INFO : EventManager : Event: ======'machine_var_platform_release'====== Args={'value': '10', 'prev_value': None, 'change': True}
2026-07-19 12:21:08,903 : INFO : EventManager : Event: ======'machine_var_platform_version'====== Args={'value': '10.0.26200', 'prev_value': None, 'change': True}
2026-07-19 12:21:08,903 : INFO : EventManager : Event: ======'machine_var_platform_machine'====== Args={'value': 'AMD64', 'prev_value': None, 'change': True}
2026-07-19 12:21:08,903 : INFO : EventManager : Event: ======'machine_var_log_file_path'====== Args={'value': 'C:\\Users\\yorel\\Documents\\KMF\\KMF Code\\logs\\2026-07-19-12-21-08-mpf-MSI.log', 'prev_value': None, 'change': True}
2026-07-19 12:21:08,903 : INFO : EventManager : Event: ======'init_phase_1'====== Args={}
2026-07-19 12:21:08,936 : INFO : EventManager : Event: ======'init_phase_2'====== Args={}
2026-07-19 12:21:08,938 : INFO : EventManager : Event: ======'bcp_connection_attempt'====== Args={'name': 'local_display', 'host': 'localhost', 'port': 5050}
2026-07-19 12:21:08,940 : INFO : BCPClientSocket : Connecting BCP to 'local_display' at localhost:5050...
2026-07-19 12:21:18,833 : INFO : BCPClientSocket : Connected BCP to 'local_display' localhost:5050
2026-07-19 12:21:18,836 : INFO : EventManager : Event: ======'bcp_clients_connected'====== Args={}
2026-07-19 12:21:18,837 : INFO : ball_device.bd_plunger : BCH: Initial count: 0
2026-07-19 12:21:18,838 : INFO : ball_device.bd_plunger : State: idle
2026-07-19 12:21:18,840 : INFO : ball_device.bd_trough : BCH: Initial count: 0
2026-07-19 12:21:18,842 : INFO : ball_device.bd_trough : State: idle
2026-07-19 12:21:18,877 : INFO : EventManager : Event: ======'init_phase_3'====== Args={}
2026-07-19 12:21:18,881 : INFO : EventManager : Event: ======'init_phase_4'====== Args={}
2026-07-19 12:21:18,881 : INFO : BallController : Initial balls found: 0
2026-07-19 12:21:18,883 : INFO : EventManager : Event: ======'machine_var_audits_switches_s_left_3_bank_standup_1_lowest'====== Args={'value': 0, 'prev_value': None, 'change': True}
2026-07-19 12:21:18,883 : INFO : EventManager : Event: ======'machine_var_audits_switches_s_right_sling'====== Args={'value': 0, 'prev_value': None, 'change': True}
2026-07-19 12:21:18,883 : INFO : EventManager : Event: ======'machine_var_audits_switches_s_right_drop'====== Args={'value': 0, 'prev_value': None, 'change': True}
2026-07-19 12:21:18,883 : INFO : EventManager : Event: ======'machine_var_audits_switches_s_left_eos'====== Args={'value': 0, 'prev_value': None, 'change': True}
2026-07-19 12:21:18,883 : INFO : EventManager : Event: ======'machine_var_audits_switches_s_right_eos'====== Args={'value': 0, 'prev_value': None, 'change': True}
2026-07-19 12:21:18,885 : INFO : EventManager : Event: ======'machine_var_audits_switches_s_left_rear_pop'====== Args={'value': 0, 'prev_value': None, 'change': True}
2026-07-19 12:21:18,885 : INFO : EventManager : Event: ======'machine_var_audits_switches_s_trough_3_opto'====== Args={'value': 0, 'prev_value': None, 'change': True}
2026-07-19 12:21:18,885 : INFO : EventManager : Event: ======'machine_var_audits_switches_s_right_balcony_bow'====== Args={'value': 0, 'prev_value': None, 'change': True}
2026-07-19 12:21:18,885 : INFO : EventManager : Event: ======'machine_var_audits_switches_s_left_upper_level_flipper'====== Args={'value': 0, 'prev_value': None, 'change': True}
2026-07-19 12:21:18,885 : INFO : EventManager : Event: ======'machine_var_audits_switches_s_star_rollover_5'====== Args={'value': 0, 'prev_value': None, 'change': True}
2026-07-19 12:21:18,885 : INFO : EventManager : Event: ======'machine_var_audits_switches_s_center_drop'====== Args={'value': 0, 'prev_value': None, 'change': True}
2026-07-19 12:21:18,885 : INFO : EventManager : Event: ======'machine_var_audits_switches_s_rollover_lane_a'====== Args={'value': 0, 'prev_value': None, 'change': True}
2026-07-19 12:21:18,885 : INFO : EventManager : Event: ======'machine_var_audits_switches_s_left_upper_level_flipper_eos'====== Args={'value': 0, 'prev_value': None, 'change': True}
2026-07-19 12:21:18,885 : INFO : EventManager : Event: ======'machine_var_audits_switches_s_right_ramp_exit'====== Args={'value': 0, 'prev_value': None, 'change': True}
2026-07-19 12:21:18,885 : INFO : EventManager : Event: ======'machine_var_audits_switches_s_right_standup_target_at_ramp_entry'====== Args={'value': 0, 'prev_value': None, 'change': True}
2026-07-19 12:21:18,886 : INFO : EventManager : Event: ======'machine_var_audits_switches_s_right_3_bank_standup_3_highest'====== Args={'value': 0, 'prev_value': None, 'change': True}
2026-07-19 12:21:18,886 : INFO : EventManager : Event: ======'machine_var_audits_switches_s_right_outlane'====== Args={'value': 0, 'prev_value': None, 'change': True}
2026-07-19 12:21:18,886 : INFO : EventManager : Event: ======'machine_var_audits_switches_s_star_rollover_6'====== Args={'value': 0, 'prev_value': None, 'change': True}
2026-07-19 12:21:18,888 : INFO : EventManager : Event: ======'machine_var_audits_switches_s_star_rollover_3'====== Args={'value': 0, 'prev_value': None, 'change': True}
2026-07-19 12:21:18,888 : INFO : EventManager : Event: ======'machine_var_audits_switches_s_KMF_center_target'====== Args={'value': 0, 'prev_value': None, 'change': True}
2026-07-19 12:21:18,888 : INFO : EventManager : Event: ======'machine_var_audits_switches_s_trough_2_opto'====== Args={'value': 0, 'prev_value': None, 'change': True}
2026-07-19 12:21:18,889 : INFO : EventManager : Event: ======'machine_var_audits_switches_s_star_rollover_2'====== Args={'value': 0, 'prev_value': None, 'change': True}
2026-07-19 12:21:18,889 : INFO : EventManager : Event: ======'machine_var_audits_switches_s_right_upper_level_flipper_eos'====== Args={'value': 0, 'prev_value': None, 'change': True}
2026-07-19 12:21:18,889 : INFO : EventManager : Event: ======'machine_var_audits_switches_s_left_inlane'====== Args={'value': 0, 'prev_value': None, 'change': True}
2026-07-19 12:21:18,889 : INFO : EventManager : Event: ======'machine_var_audits_switches_s_ left_spinner_opto'====== Args={'value': 0, 'prev_value': None, 'change': True}
2026-07-19 12:21:18,889 : INFO : EventManager : Event: ======'machine_var_audits_switches_s_star_rollover_7'====== Args={'value': 0, 'prev_value': None, 'change': True}
2026-07-19 12:21:18,889 : INFO : EventManager : Event: ======'machine_var_audits_switches_s_right_rear_pop'====== Args={'value': 0, 'prev_value': None, 'change': True}
2026-07-19 12:21:18,889 : INFO : EventManager : Event: ======'machine_var_audits_switches_s_trough_1_opto'====== Args={'value': 0, 'prev_value': None, 'change': True}
2026-07-19 12:21:18,889 : INFO : EventManager : Event: ======'machine_var_audits_switches_s_rollover_lane_b'====== Args={'value': 0, 'prev_value': None, 'change': True}
2026-07-19 12:21:18,889 : INFO : EventManager : Event: ======'machine_var_audits_switches_s_right_3_bank_standup_1_lowest'====== Args={'value': 0, 'prev_value': None, 'change': True}
2026-07-19 12:21:18,889 : INFO : EventManager : Event: ======'machine_var_audits_switches_s_wireform_exit_left_opto'====== Args={'value': 0, 'prev_value': None, 'change': True}
2026-07-19 12:21:18,889 : INFO : EventManager : Event: ======'machine_var_audits_switches_s_start'====== Args={'value': 0, 'prev_value': None, 'change': True}
2026-07-19 12:21:18,889 : INFO : EventManager : Event: ======'machine_var_audits_switches_s_left_3_bank_standup_3_highest'====== Args={'value': 0, 'prev_value': None, 'change': True}
2026-07-19 12:21:18,889 : INFO : EventManager : Event: ======'machine_var_audits_switches_s_left_drop'====== Args={'value': 0, 'prev_value': None, 'change': True}
2026-07-19 12:21:18,890 : INFO : EventManager : Event: ======'machine_var_audits_switches_s_right_spinner_opto'====== Args={'value': 0, 'prev_value': None, 'change': True}
2026-07-19 12:21:18,890 : INFO : EventManager : Event: ======'machine_var_audits_switches_s_left_standup_target_at_ramp_entry'====== Args={'value': 0, 'prev_value': None, 'change': True}
2026-07-19 12:21:18,890 : INFO : EventManager : Event: ======'machine_var_audits_switches_s_star_rollover_8'====== Args={'value': 0, 'prev_value': None, 'change': True}
2026-07-19 12:21:18,890 : INFO : EventManager : Event: ======'machine_var_audits_switches_s_left_outlane'====== Args={'value': 0, 'prev_value': None, 'change': True}
2026-07-19 12:21:18,890 : INFO : EventManager : Event: ======'machine_var_audits_switches_s_right_inlane'====== Args={'value': 0, 'prev_value': None, 'change': True}
2026-07-19 12:21:18,890 : INFO : EventManager : Event: ======'machine_var_audits_switches_s_wireform_exit_right_opto'====== Args={'value': 0, 'prev_value': None, 'change': True}
2026-07-19 12:21:18,890 : INFO : EventManager : Event: ======'machine_var_audits_switches_s_left_3_bank_standup_2_middle'====== Args={'value': 0, 'prev_value': None, 'change': True}
2026-07-19 12:21:18,890 : INFO : EventManager : Event: ======'machine_var_audits_switches_s_left_ramp_exit'====== Args={'value': 0, 'prev_value': None, 'change': True}
2026-07-19 12:21:18,890 : INFO : EventManager : Event: ======'machine_var_audits_switches_s_right_3_bank_standup_2_middle'====== Args={'value': 0, 'prev_value': None, 'change': True}
2026-07-19 12:21:18,890 : INFO : EventManager : Event: ======'machine_var_audits_switches_s_rollover_lane_c'====== Args={'value': 0, 'prev_value': None, 'change': True}
2026-07-19 12:21:18,891 : INFO : EventManager : Event: ======'machine_var_audits_switches_s_left_front_pop'====== Args={'value': 0, 'prev_value': None, 'change': True}
2026-07-19 12:21:18,892 : INFO : EventManager : Event: ======'machine_var_audits_switches_s_star_rollover_4'====== Args={'value': 0, 'prev_value': None, 'change': True}
2026-07-19 12:21:18,893 : INFO : EventManager : Event: ======'machine_var_audits_switches_s_left_sling'====== Args={'value': 0, 'prev_value': None, 'change': True}
2026-07-19 12:21:18,893 : INFO : EventManager : Event: ======'machine_var_audits_switches_s_star_rollover_1'====== Args={'value': 0, 'prev_value': None, 'change': True}
2026-07-19 12:21:18,893 : INFO : EventManager : Event: ======'machine_var_audits_switches_s_ bogieland_drain'====== Args={'value': 0, 'prev_value': None, 'change': True}
2026-07-19 12:21:18,893 : INFO : EventManager : Event: ======'machine_var_audits_switches_s_plunger_lane'====== Args={'value': 0, 'prev_value': None, 'change': True}
2026-07-19 12:21:18,893 : INFO : EventManager : Event: ======'machine_var_audits_switches_s_left_balcony_bow'====== Args={'value': 0, 'prev_value': None, 'change': True}
2026-07-19 12:21:18,893 : INFO : EventManager : Event: ======'machine_var_audits_switches_s_eject_hole'====== Args={'value': 0, 'prev_value': None, 'change': True}
2026-07-19 12:21:18,893 : INFO : EventManager : Event: ======'machine_var_audits_switches_s_right_front_pop'====== Args={'value': 0, 'prev_value': None, 'change': True}
2026-07-19 12:21:18,893 : INFO : EventManager : Event: ======'machine_var_audits_switches_s_right_upper_level_flipper'====== Args={'value': 0, 'prev_value': None, 'change': True}
2026-07-19 12:21:18,893 : INFO : EventManager : Event: ======'machine_var_audits_switches_s_left_flipper'====== Args={'value': 0, 'prev_value': None, 'change': True}
2026-07-19 12:21:18,893 : INFO : EventManager : Event: ======'machine_var_audits_switches_s_star_rollover_9'====== Args={'value': 0, 'prev_value': None, 'change': True}
2026-07-19 12:21:18,893 : INFO : EventManager : Event: ======'machine_var_audits_switches_s_right_flipper'====== Args={'value': 0, 'prev_value': None, 'change': True}
2026-07-19 12:21:18,893 : INFO : EventManager : Event: ======'machine_var_audits_events_game_started'====== Args={'value': 0, 'prev_value': None, 'change': True}
2026-07-19 12:21:18,893 : INFO : EventManager : Event: ======'machine_var_audits_events_game_ended'====== Args={'value': 0, 'prev_value': None, 'change': True}
2026-07-19 12:21:18,894 : INFO : EventManager : Event: ======'machine_var_audits_player_score'====== Args={'value': {'top': [], 'average': 0, 'total': 0}, 'prev_value': None, 'change': True}
2026-07-19 12:21:18,894 : INFO : EventManager : Event: ======'init_phase_5'====== Args={}
2026-07-19 12:21:18,894 : INFO : EventManager : Event: ======'init_done'====== Args={}
2026-07-19 12:21:18,895 : INFO : EventManager : Event: ======'machine_reset_phase_1'====== Args={}
2026-07-19 12:21:18,907 : INFO : EventManager : Event: ======'machine_reset_phase_2'====== Args={}
2026-07-19 12:21:18,907 : INFO : EventManager : Event: ======'machine_reset_phase_3'====== Args={}
2026-07-19 12:21:18,909 : INFO : EventManager : Event: ======'reset_complete'====== Args={}
2026-07-19 12:21:18,909 : INFO : EventManager : Event: ======'mode_attract_will_start'====== Args={}
2026-07-19 12:21:18,910 : INFO : Timer.attract_carousel_timer : Starting Timer.
2026-07-19 12:21:18,910 : INFO : EventManager : Event: ======'timer_attract_carousel_timer_started'====== Args={'ticks': 0, 'ticks_remaining': 1}
2026-07-19 12:21:18,911 : INFO : EventManager : Event: ======'timer_attract_carousel_timer_tick'====== Args={'ticks': 0, 'ticks_remaining': 1}
2026-07-19 12:21:18,913 : INFO : EventManager : Event: ======'mode_attract_starting'====== Args={}
2026-07-19 12:21:18,913 : INFO : Mode.attract : Started. Priority: 10
2026-07-19 12:21:18,914 : INFO : EventManager : Event: ======'modes_active_modes_changed'====== Args={}
2026-07-19 12:21:18,914 : INFO : EventManager : Event: ======'mode_attract_started'====== Args={}
2026-07-19 12:21:18,915 : INFO : EventManager : Event: ======'collecting_balls_complete'====== Args={}
2026-07-19 12:21:18,915 : INFO : EventManager : Event: ======'carousel_item_highlighted'====== Args={'carousel': 'attract', 'direction': None, 'item': 'title'}
2026-07-19 12:21:18,916 : INFO : EventManager : Event: ======'timer_attract_carousel_timer_tick'====== Args={'ticks': 0, 'ticks_remaining': 1}
2026-07-19 12:21:18,917 : INFO : Machine : Starting the main run loop with active modes: [<Mode.attract>]
2026-07-19 12:21:18,949 : INFO : EventManager : Event: ======'slide_attract_created'====== Args={'_from_bcp': True}
2026-07-19 12:21:18,951 : INFO : EventManager : Event: ======'slide__removed'====== Args={'_from_bcp': True}
2026-07-19 12:21:18,951 : INFO : EventManager : Event: ======'slide_attract_active'====== Args={'original_context': 'attract', 'original_calling_context': 'mode_attract_started', 'priority': 10.0, 'cmd': 'slides_play', '_from_bcp': True}
2026-07-19 12:21:23,915 : INFO : Timer.attract_carousel_timer : Timer Complete
2026-07-19 12:21:23,915 : INFO : Timer.attract_carousel_timer : Stopping Timer
2026-07-19 12:21:23,915 : INFO : EventManager : Event: ======'timer_attract_carousel_timer_stopped'====== Args={'ticks': 1, 'ticks_remaining': 1}
2026-07-19 12:21:23,915 : INFO : EventManager : Event: ======'timer_attract_carousel_timer_complete'====== Args={'ticks': 1, 'ticks_remaining': 1}
2026-07-19 12:21:23,915 : INFO : EventManager : Event: ======'carousel_item_highlighted'====== Args={'carousel': 'attract', 'direction': 'forwards', 'item': 'credits'}
2026-07-19 12:21:23,916 : INFO : Timer.attract_carousel_timer : Starting Timer.
2026-07-19 12:21:23,916 : INFO : EventManager : Event: ======'timer_attract_carousel_timer_started'====== Args={'ticks': 0, 'ticks_remaining': 1}
2026-07-19 12:21:23,917 : INFO : EventManager : Event: ======'timer_attract_carousel_timer_tick'====== Args={'ticks': 0, 'ticks_remaining': 1}
2026-07-19 12:21:28,924 : INFO : Timer.attract_carousel_timer : Timer Complete
2026-07-19 12:21:28,924 : INFO : Timer.attract_carousel_timer : Stopping Timer
2026-07-19 12:21:28,925 : INFO : EventManager : Event: ======'timer_attract_carousel_timer_stopped'====== Args={'ticks': 1, 'ticks_remaining': 1}
2026-07-19 12:21:28,925 : INFO : EventManager : Event: ======'timer_attract_carousel_timer_complete'====== Args={'ticks': 1, 'ticks_remaining': 1}
2026-07-19 12:21:28,925 : INFO : EventManager : Event: ======'carousel_item_highlighted'====== Args={'carousel': 'attract', 'direction': 'forwards', 'item': 'mpf_logo'}
2026-07-19 12:21:28,926 : INFO : Timer.attract_carousel_timer : Starting Timer.
2026-07-19 12:21:28,927 : INFO : EventManager : Event: ======'timer_attract_carousel_timer_started'====== Args={'ticks': 0, 'ticks_remaining': 1}
2026-07-19 12:21:28,927 : INFO : EventManager : Event: ======'timer_attract_carousel_timer_tick'====== Args={'ticks': 0, 'ticks_remaining': 1}
2026-07-19 12:21:32,007 : INFO : SwitchController : <<<<<<< 's_start' active >>>>>>>
2026-07-19 12:21:32,091 : INFO : SwitchController : <<<<<<< 's_start' inactive >>>>>>>
2026-07-19 12:21:33,933 : INFO : Timer.attract_carousel_timer : Timer Complete
2026-07-19 12:21:33,934 : INFO : Timer.attract_carousel_timer : Stopping Timer
2026-07-19 12:21:33,934 : INFO : EventManager : Event: ======'timer_attract_carousel_timer_stopped'====== Args={'ticks': 1, 'ticks_remaining': 1}
2026-07-19 12:21:33,934 : INFO : EventManager : Event: ======'timer_attract_carousel_timer_complete'====== Args={'ticks': 1, 'ticks_remaining': 1}
2026-07-19 12:21:33,935 : INFO : EventManager : Event: ======'carousel_item_highlighted'====== Args={'carousel': 'attract', 'direction': 'forwards', 'item': 'title'}
2026-07-19 12:21:33,937 : INFO : Timer.attract_carousel_timer : Starting Timer.
2026-07-19 12:21:33,937 : INFO : EventManager : Event: ======'timer_attract_carousel_timer_started'====== Args={'ticks': 0, 'ticks_remaining': 1}
2026-07-19 12:21:33,938 : INFO : EventManager : Event: ======'timer_attract_carousel_timer_tick'====== Args={'ticks': 0, 'ticks_remaining': 1}
2026-07-19 12:21:34,773 : INFO : SwitchController : <<<<<<< 's_start' active >>>>>>>
2026-07-19 12:21:34,942 : INFO : SwitchController : <<<<<<< 's_start' inactive >>>>>>>
2026-07-19 12:21:38,945 : INFO : Timer.attract_carousel_timer : Timer Complete
2026-07-19 12:21:38,945 : INFO : Timer.attract_carousel_timer : Stopping Timer
2026-07-19 12:21:38,945 : INFO : EventManager : Event: ======'timer_attract_carousel_timer_stopped'====== Args={'ticks': 1, 'ticks_remaining': 1}
2026-07-19 12:21:38,946 : INFO : EventManager : Event: ======'timer_attract_carousel_timer_complete'====== Args={'ticks': 1, 'ticks_remaining': 1}
2026-07-19 12:21:38,946 : INFO : EventManager : Event: ======'carousel_item_highlighted'====== Args={'carousel': 'attract', 'direction': 'forwards', 'item': 'credits'}
2026-07-19 12:21:38,946 : INFO : Timer.attract_carousel_timer : Starting Timer.
2026-07-19 12:21:38,947 : INFO : EventManager : Event: ======'timer_attract_carousel_timer_started'====== Args={'ticks': 0, 'ticks_remaining': 1}
2026-07-19 12:21:38,947 : INFO : EventManager : Event: ======'timer_attract_carousel_timer_tick'====== Args={'ticks': 0, 'ticks_remaining': 1}
2026-07-19 12:21:43,960 : INFO : Timer.attract_carousel_timer : Timer Complete
2026-07-19 12:21:43,960 : INFO : Timer.attract_carousel_timer : Stopping Timer
2026-07-19 12:21:43,960 : INFO : EventManager : Event: ======'timer_attract_carousel_timer_stopped'====== Args={'ticks': 1, 'ticks_remaining': 1}
2026-07-19 12:21:43,960 : INFO : EventManager : Event: ======'timer_attract_carousel_timer_complete'====== Args={'ticks': 1, 'ticks_remaining': 1}
2026-07-19 12:21:43,960 : INFO : EventManager : Event: ======'carousel_item_highlighted'====== Args={'carousel': 'attract', 'direction': 'forwards', 'item': 'mpf_logo'}
2026-07-19 12:21:43,963 : INFO : Timer.attract_carousel_timer : Starting Timer.
2026-07-19 12:21:43,963 : INFO : EventManager : Event: ======'timer_attract_carousel_timer_started'====== Args={'ticks': 0, 'ticks_remaining': 1}
2026-07-19 12:21:43,964 : INFO : EventManager : Event: ======'timer_attract_carousel_timer_tick'====== Args={'ticks': 0, 'ticks_remaining': 1}
2026-07-19 12:21:48,978 : INFO : Timer.attract_carousel_timer : Timer Complete
2026-07-19 12:21:48,979 : INFO : Timer.attract_carousel_timer : Stopping Timer
2026-07-19 12:21:48,979 : INFO : EventManager : Event: ======'timer_attract_carousel_timer_stopped'====== Args={'ticks': 1, 'ticks_remaining': 1}
2026-07-19 12:21:48,979 : INFO : EventManager : Event: ======'timer_attract_carousel_timer_complete'====== Args={'ticks': 1, 'ticks_remaining': 1}
2026-07-19 12:21:48,979 : INFO : EventManager : Event: ======'carousel_item_highlighted'====== Args={'carousel': 'attract', 'direction': 'forwards', 'item': 'title'}
2026-07-19 12:21:48,980 : INFO : Timer.attract_carousel_timer : Starting Timer.
2026-07-19 12:21:48,980 : INFO : EventManager : Event: ======'timer_attract_carousel_timer_started'====== Args={'ticks': 0, 'ticks_remaining': 1}
2026-07-19 12:21:48,980 : INFO : EventManager : Event: ======'timer_attract_carousel_timer_tick'====== Args={'ticks': 0, 'ticks_remaining': 1}
2026-07-19 12:21:53,987 : INFO : Timer.attract_carousel_timer : Timer Complete
2026-07-19 12:21:53,987 : INFO : Timer.attract_carousel_timer : Stopping Timer
2026-07-19 12:21:53,988 : INFO : EventManager : Event: ======'timer_attract_carousel_timer_stopped'====== Args={'ticks': 1, 'ticks_remaining': 1}
2026-07-19 12:21:53,989 : INFO : EventManager : Event: ======'timer_attract_carousel_timer_complete'====== Args={'ticks': 1, 'ticks_remaining': 1}
2026-07-19 12:21:53,989 : INFO : EventManager : Event: ======'carousel_item_highlighted'====== Args={'carousel': 'attract', 'direction': 'forwards', 'item': 'credits'}
2026-07-19 12:21:53,990 : INFO : Timer.attract_carousel_timer : Starting Timer.
2026-07-19 12:21:53,990 : INFO : EventManager : Event: ======'timer_attract_carousel_timer_started'====== Args={'ticks': 0, 'ticks_remaining': 1}
2026-07-19 12:21:53,990 : INFO : EventManager : Event: ======'timer_attract_carousel_timer_tick'====== Args={'ticks': 0, 'ticks_remaining': 1}
2026-07-19 12:21:58,996 : INFO : Timer.attract_carousel_timer : Timer Complete
2026-07-19 12:21:58,997 : INFO : Timer.attract_carousel_timer : Stopping Timer
2026-07-19 12:21:58,997 : INFO : EventManager : Event: ======'timer_attract_carousel_timer_stopped'====== Args={'ticks': 1, 'ticks_remaining': 1}
2026-07-19 12:21:58,998 : INFO : EventManager : Event: ======'timer_attract_carousel_timer_complete'====== Args={'ticks': 1, 'ticks_remaining': 1}
2026-07-19 12:21:58,998 : INFO : EventManager : Event: ======'carousel_item_highlighted'====== Args={'carousel': 'attract', 'direction': 'forwards', 'item': 'mpf_logo'}
2026-07-19 12:21:58,999 : INFO : Timer.attract_carousel_timer : Starting Timer.
2026-07-19 12:21:58,999 : INFO : EventManager : Event: ======'timer_attract_carousel_timer_started'====== Args={'ticks': 0, 'ticks_remaining': 1}
2026-07-19 12:21:58,999 : INFO : EventManager : Event: ======'timer_attract_carousel_timer_tick'====== Args={'ticks': 0, 'ticks_remaining': 1}
2026-07-19 12:22:03,616 : INFO : Machine : Shutting down...
2026-07-19 12:22:03,616 : INFO : EventManager : Event: ======'shutdown'====== Args={}
2026-07-19 12:22:03,619 : INFO : root : MPF run loop ended.
