2026-07-05 10:13:15,256 : INFO : root : Loading config.
2026-07-05 10:13:15,259 : INFO : YamlMultifileConfigLoader : Machine config file #1: config.yaml
2026-07-05 10:13:15,259 : INFO : ConfigProcessor : Loading config from cache: C:\Users\yorel\AppData\Local\Temp\e4574a669b04b9b63f2509acba37fa15.mpf_cache
2026-07-05 10:13:15,324 : INFO : ConfigProcessor : Loading config from cache: C:\Users\yorel\AppData\Local\Temp\a3b95e4c04a1ac62e5a55f9ea03887d0.mpf_cache
2026-07-05 10:13:15,325 : INFO : ConfigProcessor : Loading config from cache: C:\Users\yorel\AppData\Local\Temp\e52c7621daabe5c520004c2331533e7f.mpf_cache
2026-07-05 10:13:15,326 : INFO : ConfigProcessor : Loading config from cache: C:\Users\yorel\AppData\Local\Temp\a3b95e4c04a1ac62e5a55f9ea03887d0.mpf_cache
2026-07-05 10:13:15,327 : INFO : ConfigProcessor : Loading config from cache: C:\Users\yorel\AppData\Local\Temp\adec83306147c6c0299d94bb4067de98.mpf_cache
2026-07-05 10:13:15,327 : INFO : Machine : Mission Pinball Framework Core Engine v0.81.0.dev2
2026-07-05 10:13:15,327 : INFO : Machine : Command line arguments: {'no_load_cache': False, 'create_config_cache': True, 'bcp': True, 'configfile': ['config.yaml'], 'force_assets_load': False, 'platform_integration_test': False, 'jsonlogging': False, 'logfile': 'logs\\2026-07-05-10-13-15-mpf-MSI.log', 'pause': False, 'production': False, 'text_ui': True, 'loglevel': 15, 'consoleloglevel': 20, 'force_platform': 'virtual', 'syslog_address': None, 'full_logfile_path': 'C:\\Users\\yorel\\Documents\\KMF\\KMF Code\\logs\\2026-07-05-10-13-15-mpf-MSI.log'}
2026-07-05 10:13:15,327 : INFO : Machine : MPF path: C:\Users\yorel\Documents\mpf-env-80\Lib\site-packages\mpf
2026-07-05 10:13:15,327 : INFO : Machine : Machine path: C:\Users\yorel\Documents\KMF\KMF Code
2026-07-05 10:13:15,327 : INFO : Machine : Platform: win32
2026-07-05 10:13:15,327 : INFO : Machine : Python executable location: C:\Users\yorel\Documents\mpf-env-80\Scripts\python.exe
2026-07-05 10:13:15,327 : INFO : Machine : Python version: 3.11.5 (64-bit)
2026-07-05 10:13:15,329 : INFO : Machine : Initializing MPF...
2026-07-05 10:13:15,618 : INFO : EventManager : Event: ======'machine_var_credits_string'====== Args={'value': 'FREE PLAY', 'prev_value': None, 'change': True}
2026-07-05 10:13:15,634 : INFO : EventManager : Event: ======'machine_var_master_volume'====== Args={'value': 0.5, 'prev_value': None, 'change': True}
2026-07-05 10:13:15,634 : INFO : EventManager : Event: ======'machine_var_mpf_version'====== Args={'value': 'Mission Pinball Framework v0.81.0.dev2', 'prev_value': None, 'change': True}
2026-07-05 10:13:15,634 : INFO : EventManager : Event: ======'machine_var_mpf_extended_version'====== Args={'value': 'Mission Pinball Framework v0.81.0.dev2, Config version:6, Show version: 6, BCP version:1.1', 'prev_value': None, 'change': True}
2026-07-05 10:13:15,634 : INFO : EventManager : Event: ======'machine_var_python_version'====== Args={'value': '3.11.5', 'prev_value': None, 'change': True}
2026-07-05 10:13:15,676 : INFO : EventManager : Event: ======'machine_var_platform'====== Args={'value': 'Windows-10-10.0.26200-SP0', 'prev_value': None, 'change': True}
2026-07-05 10:13:15,676 : INFO : EventManager : Event: ======'machine_var_platform_system'====== Args={'value': 'Windows', 'prev_value': None, 'change': True}
2026-07-05 10:13:15,676 : INFO : EventManager : Event: ======'machine_var_platform_release'====== Args={'value': '10', 'prev_value': None, 'change': True}
2026-07-05 10:13:15,676 : INFO : EventManager : Event: ======'machine_var_platform_version'====== Args={'value': '10.0.26200', 'prev_value': None, 'change': True}
2026-07-05 10:13:15,676 : INFO : EventManager : Event: ======'machine_var_platform_machine'====== Args={'value': 'AMD64', 'prev_value': None, 'change': True}
2026-07-05 10:13:15,676 : INFO : EventManager : Event: ======'machine_var_log_file_path'====== Args={'value': 'C:\\Users\\yorel\\Documents\\KMF\\KMF Code\\logs\\2026-07-05-10-13-15-mpf-MSI.log', 'prev_value': None, 'change': True}
2026-07-05 10:13:15,676 : INFO : EventManager : Event: ======'init_phase_1'====== Args={}
2026-07-05 10:13:15,686 : ERROR : asyncio : Exception in callback EventManager._async_handler_done(<QueuedEvent>)(<Task finishe...pty config.")>) at C:\Users\yorel\Documents\mpf-env-80\Lib\site-packages\mpf\core\events.py:124
handle: <Handle EventManager._async_handler_done(<QueuedEvent>)(<Task finishe...pty config.")>) at C:\Users\yorel\Documents\mpf-env-80\Lib\site-packages\mpf\core\events.py:124>
Traceback (most recent call last):
  File "C:\Users\yorel\AppData\Local\Programs\Python\Python311\Lib\asyncio\events.py", line 80, in _run
    self._context.run(self._callback, *self._args)
  File "C:\Users\yorel\Documents\mpf-env-80\Lib\site-packages\mpf\core\events.py", line 127, in _async_handler_done
    future.result()
  File "C:\Users\yorel\Documents\mpf-env-80\Lib\site-packages\mpf\core\device_manager.py", line 83, in _load_device_modules
    self.create_devices(collection_name, config)
  File "C:\Users\yorel\Documents\mpf-env-80\Lib\site-packages\mpf\core\device_manager.py", line 119, in create_devices
    self.raise_config_error("Device {}:'{}' has an empty config.".format(collection_name, device_name), 2,
  File "C:\Users\yorel\Documents\mpf-env-80\Lib\site-packages\mpf\core\logging.py", line 175, in raise_config_error
    raise ConfigFileError(msg, error_no, self.log.name if self.log else "", context, self._url_base) \
mpf.exceptions.config_file_error.ConfigFileError: Config File Error in DeviceManager: Device playfields:'playfield' has an empty config. Context: playfields.playfield Error Code: CFE-DeviceManager-2 (https://missionpinball.org/latest/logs)
2026-07-05 10:13:15,688 : INFO : Machine : Starting the main run loop with active modes: []
2026-07-05 10:13:15,688 : WARNING : Machine : Attract mode is not active, game will not be playable. Please check your attract mode configuration.
2026-07-05 10:13:15,688 : INFO : Machine : Shutting down...
2026-07-05 10:13:15,689 : INFO : EventManager : Event: ======'shutdown'====== Args={}
2026-07-05 10:13:16,724 : ERROR : Machine : Runtime Exception
Traceback (most recent call last):
  File "C:\Users\yorel\Documents\mpf-env-80\Lib\site-packages\mpf\core\machine.py", line 810, in _run_loop
    raise self._exception['exception']
  File "C:\Users\yorel\AppData\Local\Programs\Python\Python311\Lib\asyncio\events.py", line 80, in _run
    self._context.run(self._callback, *self._args)
  File "C:\Users\yorel\Documents\mpf-env-80\Lib\site-packages\mpf\core\events.py", line 127, in _async_handler_done
    future.result()
  File "C:\Users\yorel\Documents\mpf-env-80\Lib\site-packages\mpf\core\device_manager.py", line 83, in _load_device_modules
    self.create_devices(collection_name, config)
  File "C:\Users\yorel\Documents\mpf-env-80\Lib\site-packages\mpf\core\device_manager.py", line 119, in create_devices
    self.raise_config_error("Device {}:'{}' has an empty config.".format(collection_name, device_name), 2,
  File "C:\Users\yorel\Documents\mpf-env-80\Lib\site-packages\mpf\core\logging.py", line 175, in raise_config_error
    raise ConfigFileError(msg, error_no, self.log.name if self.log else "", context, self._url_base) \
mpf.exceptions.config_file_error.ConfigFileError: Config File Error in DeviceManager: Device playfields:'playfield' has an empty config. Context: playfields.playfield Error Code: CFE-DeviceManager-2 (https://missionpinball.org/latest/logs)
2026-07-05 10:13:16,728 : INFO : root : MPF run loop ended.
