2026-07-15 12:38:43,173 : INFO : root : Loading config.
2026-07-15 12:38:43,176 : INFO : YamlMultifileConfigLoader : Machine config file #1: config.yaml
2026-07-15 12:38:43,176 : INFO : ConfigProcessor : Loading config from cache: C:\Users\yorel\AppData\Local\Temp\e4574a669b04b9b63f2509acba37fa15.mpf_cache
2026-07-15 12:38:43,232 : DEBUG : YamlMultifileConfigLoader : Loading mode attract from C:\Users\yorel\Documents\mpf-env-80\Lib\site-packages\mpf\modes\attract\config\attract.yaml
2026-07-15 12:38:43,232 : DEBUG : YamlMultifileConfigLoader : Loading mode attract from C:\Users\yorel\Documents\mpf-env-80\Lib\site-packages\mpf\modes\attract\config\attract.yaml
2026-07-15 12:38:43,233 : INFO : ConfigProcessor : Loading config from cache: C:\Users\yorel\AppData\Local\Temp\a3b95e4c04a1ac62e5a55f9ea03887d0.mpf_cache
2026-07-15 12:38:43,233 : DEBUG : YamlMultifileConfigLoader : Loading mode game from C:\Users\yorel\Documents\mpf-env-80\Lib\site-packages\mpf\modes\game\config\game.yaml
2026-07-15 12:38:43,233 : INFO : ConfigProcessor : Loading config from cache: C:\Users\yorel\AppData\Local\Temp\e52c7621daabe5c520004c2331533e7f.mpf_cache
2026-07-15 12:38:43,234 : DEBUG : YamlMultifileConfigLoader : Loading mode attract from C:\Users\yorel\Documents\mpf-env-80\Lib\site-packages\mpf\modes\attract\config\attract.yaml
2026-07-15 12:38:43,234 : DEBUG : YamlMultifileConfigLoader : Loading mode attract from C:\Users\yorel\Documents\mpf-env-80\Lib\site-packages\mpf\modes\attract\config\attract.yaml
2026-07-15 12:38:43,234 : INFO : ConfigProcessor : Loading config from cache: C:\Users\yorel\AppData\Local\Temp\a3b95e4c04a1ac62e5a55f9ea03887d0.mpf_cache
2026-07-15 12:38:43,234 : DEBUG : YamlMultifileConfigLoader : Loading mode base from C:\Users\yorel\Documents\mpf-env-80\Lib\site-packages\mpf\modes\base\config\base.yaml
2026-07-15 12:38:43,235 : INFO : ConfigProcessor : Loading config from cache: C:\Users\yorel\AppData\Local\Temp\adec83306147c6c0299d94bb4067de98.mpf_cache
2026-07-15 12:38:43,235 : INFO : Machine : Mission Pinball Framework Core Engine v0.81.0.dev2
2026-07-15 12:38:43,235 : INFO : Machine : Command line arguments: {'no_load_cache': False, 'create_config_cache': True, 'bcp': False, 'configfile': ['config.yaml'], 'force_assets_load': False, 'platform_integration_test': False, 'jsonlogging': False, 'logfile': 'logs\\2026-07-15-12-38-43-mpf-MSI.log', 'pause': False, 'production': False, 'text_ui': False, 'loglevel': 10, 'consoleloglevel': 10, 'force_platform': None, 'syslog_address': None, 'full_logfile_path': 'C:\\Users\\yorel\\Documents\\KMF\\KMF Code\\logs\\2026-07-15-12-38-43-mpf-MSI.log'}
2026-07-15 12:38:43,235 : INFO : Machine : MPF path: C:\Users\yorel\Documents\mpf-env-80\Lib\site-packages\mpf
2026-07-15 12:38:43,235 : INFO : Machine : Machine path: C:\Users\yorel\Documents\KMF\KMF Code
2026-07-15 12:38:43,235 : INFO : Machine : Platform: win32
2026-07-15 12:38:43,235 : INFO : Machine : Python executable location: C:\Users\yorel\Documents\mpf-env-80\Scripts\python.exe
2026-07-15 12:38:43,235 : INFO : Machine : Python version: 3.11.5 (64-bit)
2026-07-15 12:38:43,236 : DEBUG : asyncio : Using proactor: IocpProactor
2026-07-15 12:38:43,237 : INFO : Machine : Initializing MPF...
2026-07-15 12:38:43,307 : DEBUG : TextUi : Text UI is disabled. TUI option setting: False, Asciimatics loaded: <class 'asciimatics.scene.Scene'>
2026-07-15 12:38:43,314 : INFO : FAST : Auto-detecting ports for the following connections: ['net']
2026-07-15 12:38:43,321 : DEBUG : FAST : Port COM3 is connected to a FAST Neuron Controller.
2026-07-15 12:38:43,321 : DEBUG : FAST : Port COM4 is connected to a FAST Neuron Controller.
2026-07-15 12:38:43,321 : DEBUG : FAST : Port COM5 is connected to a FAST Neuron Controller.
2026-07-15 12:38:43,338 : INFO : FAST : Detected NET on port COM4
2026-07-15 12:38:43,449 : INFO : FAST [NET] : Trying to connect to COM4 at 921600bps
2026-07-15 12:38:43,460 : INFO : FAST [NET] : Connected to COM4 at 921600bps
2026-07-15 12:38:43,461 : INFO : FAST [NET] : Connected to FP-CPU-2000 with firmware v02.26
2026-07-15 12:38:43,479 : INFO : FAST [NET] : Registered I/O Board 0: Model: FP-I/O-0024, Firmware: 01.10, Switches: 24, Drivers: 8
2026-07-15 12:38:43,494 : INFO : FAST [NET] : Registered I/O Board 1: Model: FP-I/O-3208, Firmware: 01.10, Switches: 32, Drivers: 8
2026-07-15 12:38:43,510 : INFO : FAST [NET] : Registered I/O Board 2: Model: FP-I/O-1616, Firmware: 01.10, Switches: 16, Drivers: 16
2026-07-15 12:38:43,513 : INFO : FAST [NET] : Registered I/O Board 3: Model: FP-I/O-0804, Firmware: 01.10, Switches: 8, Drivers: 4
2026-07-15 12:38:43,514 : INFO : EventManager : Event: ======'machine_var_credits_string'====== Args={'value': 'FREE PLAY', 'prev_value': None, 'change': True}
2026-07-15 12:38:43,539 : INFO : EventManager : Event: ======'machine_var_master_volume'====== Args={'value': 0.5, 'prev_value': None, 'change': True}
2026-07-15 12:38:43,539 : INFO : EventManager : Event: ======'machine_var_mpf_version'====== Args={'value': 'Mission Pinball Framework v0.81.0.dev2', 'prev_value': None, 'change': True}
2026-07-15 12:38:43,539 : INFO : EventManager : Event: ======'machine_var_mpf_extended_version'====== Args={'value': 'Mission Pinball Framework v0.81.0.dev2, Config version:6, Show version: 6, BCP version:1.1', 'prev_value': None, 'change': True}
2026-07-15 12:38:43,539 : INFO : EventManager : Event: ======'machine_var_python_version'====== Args={'value': '3.11.5', 'prev_value': None, 'change': True}
2026-07-15 12:38:43,598 : INFO : EventManager : Event: ======'machine_var_platform'====== Args={'value': 'Windows-10-10.0.26200-SP0', 'prev_value': None, 'change': True}
2026-07-15 12:38:43,598 : INFO : EventManager : Event: ======'machine_var_platform_system'====== Args={'value': 'Windows', 'prev_value': None, 'change': True}
2026-07-15 12:38:43,598 : INFO : EventManager : Event: ======'machine_var_platform_release'====== Args={'value': '10', 'prev_value': None, 'change': True}
2026-07-15 12:38:43,598 : INFO : EventManager : Event: ======'machine_var_platform_version'====== Args={'value': '10.0.26200', 'prev_value': None, 'change': True}
2026-07-15 12:38:43,598 : INFO : EventManager : Event: ======'machine_var_platform_machine'====== Args={'value': 'AMD64', 'prev_value': None, 'change': True}
2026-07-15 12:38:43,598 : INFO : EventManager : Event: ======'machine_var_log_file_path'====== Args={'value': 'C:\\Users\\yorel\\Documents\\KMF\\KMF Code\\logs\\2026-07-15-12-38-43-mpf-MSI.log', 'prev_value': None, 'change': True}
2026-07-15 12:38:43,598 : INFO : EventManager : Event: ======'init_phase_1'====== Args={}
2026-07-15 12:38:43,598 : DEBUG : ModeController : Loaded mode base
2026-07-15 12:38:43,603 : DEBUG : ModeController : Loaded mode game
2026-07-15 12:38:43,607 : DEBUG : ModeController : Loaded mode attract
2026-07-15 12:38:45,216 : DEBUG : FAST Driver : Sending config to driver 10 (0x0A). one_shot: False. wait_to_confirm: False
2026-07-15 12:38:45,247 : DEBUG : FAST Driver : Sending config to driver 11 (0x0B). one_shot: False. wait_to_confirm: False
2026-07-15 12:38:45,278 : DEBUG : FAST Driver : Sending config to driver 12 (0x0C). one_shot: False. wait_to_confirm: False
2026-07-15 12:38:45,326 : DEBUG : FAST Driver : Sending config to driver 14 (0x0E). one_shot: False. wait_to_confirm: False
2026-07-15 12:38:45,449 : DEBUG : FAST Driver : Sending config to driver 24 (0x18). one_shot: False. wait_to_confirm: False
2026-07-15 12:38:45,482 : DEBUG : FAST Driver : Sending config to driver 25 (0x19). one_shot: False. wait_to_confirm: False
2026-07-15 12:38:45,542 : DEBUG : FAST Driver : Sending config to driver 28 (0x1C). one_shot: False. wait_to_confirm: False
2026-07-15 12:38:45,573 : DEBUG : FAST Driver : Sending config to driver 29 (0x1D). one_shot: False. wait_to_confirm: False
2026-07-15 12:38:45,821 : INFO : SwitchController : <<<<<<< 's_ left_spinner_opto' active >>>>>>>
2026-07-15 12:38:45,821 : INFO : SwitchController : <<<<<<< 's_right_spinner_opto' active >>>>>>>
2026-07-15 12:38:45,822 : INFO : SwitchController : <<<<<<< 's_left_drop' active >>>>>>>
2026-07-15 12:38:45,822 : INFO : SwitchController : <<<<<<< 's_right_drop' active >>>>>>>
2026-07-15 12:38:45,822 : INFO : SwitchController : <<<<<<< 's_center_drop' active >>>>>>>
2026-07-15 12:38:45,822 : INFO : SwitchController : <<<<<<< 's_trough_1_opto' active >>>>>>>
2026-07-15 12:38:45,822 : INFO : SwitchController : <<<<<<< 's_trough_2_opto' active >>>>>>>
2026-07-15 12:38:45,822 : INFO : SwitchController : <<<<<<< 's_trough_3_opto' active >>>>>>>
2026-07-15 12:38:45,825 : INFO : EventManager : Event: ======'init_phase_2'====== Args={}
2026-07-15 12:38:45,826 : INFO : SwitchController : Found active switch: (57, [FAST Platform Interface]) <switch.s_ left_spinner_opto>
2026-07-15 12:38:45,826 : INFO : SwitchController : Found active switch: (56, [FAST Platform Interface]) <switch.s_right_spinner_opto>
2026-07-15 12:38:45,826 : INFO : SwitchController : Found active switch: (64, [FAST Platform Interface]) <switch.s_left_drop>
2026-07-15 12:38:45,826 : INFO : SwitchController : Found active switch: (47, [FAST Platform Interface]) <switch.s_right_drop>
2026-07-15 12:38:45,826 : INFO : SwitchController : Found active switch: (43, [FAST Platform Interface]) <switch.s_center_drop>
2026-07-15 12:38:45,826 : INFO : SwitchController : Found active switch: (24, [FAST Platform Interface]) <switch.s_trough_1_opto>
2026-07-15 12:38:45,826 : INFO : SwitchController : Found active switch: (25, [FAST Platform Interface]) <switch.s_trough_2_opto>
2026-07-15 12:38:45,826 : INFO : SwitchController : Found active switch: (26, [FAST Platform Interface]) <switch.s_trough_3_opto>
2026-07-15 12:38:45,830 : DEBUG : Machine : "info_lights:" section not found in machine configuration, so the InfoLights will not be used.
2026-07-15 12:38:45,831 : DEBUG : Machine : "switch_player:" section not found in machine configuration, so the SwitchPlayer will not be used.
2026-07-15 12:38:45,834 : DEBUG : Machine : "twitch_client:" section not found in machine configuration, so the TwitchBot will not be used.
2026-07-15 12:38:45,834 : DEBUG : Machine : "virtual_segment_display_connector:" section not found in machine configuration, so the VirtualSegmentDisplayConnector will not be used.
2026-07-15 12:38:45,834 : INFO : EventManager : Event: ======'init_phase_3'====== Args={}
2026-07-15 12:38:45,835 : DEBUG : ShowController : Loading show: flash
2026-07-15 12:38:45,835 : DEBUG : ShowController : Loading show: on
2026-07-15 12:38:45,835 : DEBUG : ShowController : Loading show: off
2026-07-15 12:38:45,835 : DEBUG : ShowController : Loading show: led_color
2026-07-15 12:38:45,836 : DEBUG : ShowController : Loading show: bl_color
2026-07-15 12:38:45,836 : DEBUG : ShowController : Loading show: flash_color
2026-07-15 12:38:45,836 : INFO : EventManager : Event: ======'init_phase_4'====== Args={}
2026-07-15 12:38:45,837 : INFO : EventManager : Event: ======'machine_var_audits_switches_s_ bogieland_drain'====== Args={'value': 0, 'prev_value': None, 'change': True}
2026-07-15 12:38:45,837 : INFO : EventManager : Event: ======'machine_var_audits_switches_s_wireform_exit_right_opto'====== Args={'value': 0, 'prev_value': None, 'change': True}
2026-07-15 12:38:45,837 : INFO : EventManager : Event: ======'machine_var_audits_switches_s_left_3_bank_standup_1_lowest'====== Args={'value': 0, 'prev_value': None, 'change': True}
2026-07-15 12:38:45,837 : INFO : EventManager : Event: ======'machine_var_audits_switches_s_star_rollover_7'====== Args={'value': 0, 'prev_value': None, 'change': True}
2026-07-15 12:38:45,837 : INFO : EventManager : Event: ======'machine_var_audits_switches_s_star_rollover_1'====== Args={'value': 0, 'prev_value': None, 'change': True}
2026-07-15 12:38:45,837 : INFO : EventManager : Event: ======'machine_var_audits_switches_s_right_3_bank_standup_3_highest'====== Args={'value': 0, 'prev_value': None, 'change': True}
2026-07-15 12:38:45,837 : INFO : EventManager : Event: ======'machine_var_audits_switches_s_star_rollover_3'====== Args={'value': 0, 'prev_value': None, 'change': True}
2026-07-15 12:38:45,837 : INFO : EventManager : Event: ======'machine_var_audits_switches_s_left_rear_pop'====== Args={'value': 0, 'prev_value': None, 'change': True}
2026-07-15 12:38:45,837 : INFO : EventManager : Event: ======'machine_var_audits_switches_s_star_rollover_9'====== Args={'value': 0, 'prev_value': None, 'change': True}
2026-07-15 12:38:45,837 : INFO : EventManager : Event: ======'machine_var_audits_switches_s_right_3_bank_standup_1_lowest'====== Args={'value': 0, 'prev_value': None, 'change': True}
2026-07-15 12:38:45,837 : INFO : EventManager : Event: ======'machine_var_audits_switches_s_rollover_lane_a'====== Args={'value': 0, 'prev_value': None, 'change': True}
2026-07-15 12:38:45,837 : INFO : EventManager : Event: ======'machine_var_audits_switches_s_star_rollover_2'====== Args={'value': 0, 'prev_value': None, 'change': True}
2026-07-15 12:38:45,837 : INFO : EventManager : Event: ======'machine_var_audits_switches_s_right_ramp_exit'====== Args={'value': 0, 'prev_value': None, 'change': True}
2026-07-15 12:38:45,837 : INFO : EventManager : Event: ======'machine_var_audits_switches_s_center_drop'====== Args={'value': 0, 'prev_value': None, 'change': True}
2026-07-15 12:38:45,837 : INFO : EventManager : Event: ======'machine_var_audits_switches_s_left_upper_level_flipper_eos'====== Args={'value': 0, 'prev_value': None, 'change': True}
2026-07-15 12:38:45,837 : INFO : EventManager : Event: ======'machine_var_audits_switches_s_left_balcony_bow'====== Args={'value': 0, 'prev_value': None, 'change': True}
2026-07-15 12:38:45,837 : INFO : EventManager : Event: ======'machine_var_audits_switches_s_right_rear_pop'====== Args={'value': 0, 'prev_value': None, 'change': True}
2026-07-15 12:38:45,837 : INFO : EventManager : Event: ======'machine_var_audits_switches_s_right_sling'====== Args={'value': 0, 'prev_value': None, 'change': True}
2026-07-15 12:38:45,837 : INFO : EventManager : Event: ======'machine_var_audits_switches_s_right_standup_target_at_ramp_entry'====== Args={'value': 0, 'prev_value': None, 'change': True}
2026-07-15 12:38:45,837 : INFO : EventManager : Event: ======'machine_var_audits_switches_s_star_rollover_8'====== Args={'value': 0, 'prev_value': None, 'change': True}
2026-07-15 12:38:45,837 : INFO : EventManager : Event: ======'machine_var_audits_switches_s_star_rollover_4'====== Args={'value': 0, 'prev_value': None, 'change': True}
2026-07-15 12:38:45,837 : INFO : EventManager : Event: ======'machine_var_audits_switches_s_left_inlane'====== Args={'value': 0, 'prev_value': None, 'change': True}
2026-07-15 12:38:45,837 : INFO : EventManager : Event: ======'machine_var_audits_switches_s_right_inlane'====== Args={'value': 0, 'prev_value': None, 'change': True}
2026-07-15 12:38:45,837 : INFO : EventManager : Event: ======'machine_var_audits_switches_s_trough_1_opto'====== Args={'value': 0, 'prev_value': None, 'change': True}
2026-07-15 12:38:45,837 : INFO : EventManager : Event: ======'machine_var_audits_switches_s_trough_2_opto'====== Args={'value': 0, 'prev_value': None, 'change': True}
2026-07-15 12:38:45,837 : INFO : EventManager : Event: ======'machine_var_audits_switches_s_KMF_center_target'====== Args={'value': 0, 'prev_value': None, 'change': True}
2026-07-15 12:38:45,837 : INFO : EventManager : Event: ======'machine_var_audits_switches_s_left_outlane'====== Args={'value': 0, 'prev_value': None, 'change': True}
2026-07-15 12:38:45,837 : INFO : EventManager : Event: ======'machine_var_audits_switches_s_right_3_bank_standup_2_middle'====== Args={'value': 0, 'prev_value': None, 'change': True}
2026-07-15 12:38:45,837 : INFO : EventManager : Event: ======'machine_var_audits_switches_s_right_spinner_opto'====== Args={'value': 0, 'prev_value': None, 'change': True}
2026-07-15 12:38:45,837 : INFO : EventManager : Event: ======'machine_var_audits_switches_s_trough_3_opto'====== Args={'value': 0, 'prev_value': None, 'change': True}
2026-07-15 12:38:45,837 : INFO : EventManager : Event: ======'machine_var_audits_switches_s_right_balcony_bow'====== Args={'value': 0, 'prev_value': None, 'change': True}
2026-07-15 12:38:45,837 : INFO : EventManager : Event: ======'machine_var_audits_switches_s_right_eos'====== Args={'value': 0, 'prev_value': None, 'change': True}
2026-07-15 12:38:45,837 : INFO : EventManager : Event: ======'machine_var_audits_switches_s_left_flipper'====== Args={'value': 0, 'prev_value': None, 'change': True}
2026-07-15 12:38:45,837 : INFO : EventManager : Event: ======'machine_var_audits_switches_s_right_flipper'====== Args={'value': 0, 'prev_value': None, 'change': True}
2026-07-15 12:38:45,837 : INFO : EventManager : Event: ======'machine_var_audits_switches_s_right_drop'====== Args={'value': 0, 'prev_value': None, 'change': True}
2026-07-15 12:38:45,837 : INFO : EventManager : Event: ======'machine_var_audits_switches_s_left_upper_level_flipper'====== Args={'value': 0, 'prev_value': None, 'change': True}
2026-07-15 12:38:45,837 : INFO : EventManager : Event: ======'machine_var_audits_switches_s_ left_spinner_opto'====== Args={'value': 0, 'prev_value': None, 'change': True}
2026-07-15 12:38:45,837 : INFO : EventManager : Event: ======'machine_var_audits_switches_s_right_upper_level_flipper_eos'====== Args={'value': 0, 'prev_value': None, 'change': True}
2026-07-15 12:38:45,837 : INFO : EventManager : Event: ======'machine_var_audits_switches_s_rollover_lane_b'====== Args={'value': 0, 'prev_value': None, 'change': True}
2026-07-15 12:38:45,837 : INFO : EventManager : Event: ======'machine_var_audits_switches_s_left_sling'====== Args={'value': 0, 'prev_value': None, 'change': True}
2026-07-15 12:38:45,837 : INFO : EventManager : Event: ======'machine_var_audits_switches_s_start'====== Args={'value': 0, 'prev_value': None, 'change': True}
2026-07-15 12:38:45,839 : INFO : EventManager : Event: ======'machine_var_audits_switches_s_eject_hole'====== Args={'value': 0, 'prev_value': None, 'change': True}
2026-07-15 12:38:45,839 : INFO : EventManager : Event: ======'machine_var_audits_switches_s_star_rollover_5'====== Args={'value': 0, 'prev_value': None, 'change': True}
2026-07-15 12:38:45,839 : INFO : EventManager : Event: ======'machine_var_audits_switches_s_star_rollover_6'====== Args={'value': 0, 'prev_value': None, 'change': True}
2026-07-15 12:38:45,839 : INFO : EventManager : Event: ======'machine_var_audits_switches_s_left_ramp_exit'====== Args={'value': 0, 'prev_value': None, 'change': True}
2026-07-15 12:38:45,839 : INFO : EventManager : Event: ======'machine_var_audits_switches_s_left_3_bank_standup_3_highest'====== Args={'value': 0, 'prev_value': None, 'change': True}
2026-07-15 12:38:45,839 : INFO : EventManager : Event: ======'machine_var_audits_switches_s_left_standup_target_at_ramp_entry'====== Args={'value': 0, 'prev_value': None, 'change': True}
2026-07-15 12:38:45,839 : INFO : EventManager : Event: ======'machine_var_audits_switches_s_left_drop'====== Args={'value': 0, 'prev_value': None, 'change': True}
2026-07-15 12:38:45,839 : INFO : EventManager : Event: ======'machine_var_audits_switches_s_right_upper_level_flipper'====== Args={'value': 0, 'prev_value': None, 'change': True}
2026-07-15 12:38:45,839 : INFO : EventManager : Event: ======'machine_var_audits_switches_s_wireform_exit_left_opto'====== Args={'value': 0, 'prev_value': None, 'change': True}
2026-07-15 12:38:45,839 : INFO : EventManager : Event: ======'machine_var_audits_switches_s_right_front_pop'====== Args={'value': 0, 'prev_value': None, 'change': True}
2026-07-15 12:38:45,839 : INFO : EventManager : Event: ======'machine_var_audits_switches_s_left_front_pop'====== Args={'value': 0, 'prev_value': None, 'change': True}
2026-07-15 12:38:45,839 : INFO : EventManager : Event: ======'machine_var_audits_switches_s_right_outlane'====== Args={'value': 0, 'prev_value': None, 'change': True}
2026-07-15 12:38:45,839 : INFO : EventManager : Event: ======'machine_var_audits_switches_s_rollover_lane_c'====== Args={'value': 0, 'prev_value': None, 'change': True}
2026-07-15 12:38:45,839 : INFO : EventManager : Event: ======'machine_var_audits_switches_s_left_3_bank_standup_2_middle'====== Args={'value': 0, 'prev_value': None, 'change': True}
2026-07-15 12:38:45,839 : INFO : EventManager : Event: ======'machine_var_audits_switches_s_left_eos'====== Args={'value': 0, 'prev_value': None, 'change': True}
2026-07-15 12:38:45,839 : INFO : EventManager : Event: ======'machine_var_audits_events_game_started'====== Args={'value': 0, 'prev_value': None, 'change': True}
2026-07-15 12:38:45,839 : INFO : EventManager : Event: ======'machine_var_audits_events_game_ended'====== Args={'value': 0, 'prev_value': None, 'change': True}
2026-07-15 12:38:45,839 : INFO : EventManager : Event: ======'machine_var_audits_player_score'====== Args={'value': {'top': [], 'average': 0, 'total': 0}, 'prev_value': None, 'change': True}
2026-07-15 12:38:45,839 : INFO : EventManager : Event: ======'init_phase_5'====== Args={}
2026-07-15 12:38:45,839 : INFO : EventManager : Event: ======'init_done'====== Args={}
2026-07-15 12:38:45,840 : INFO : EventManager : Event: ======'machine_reset_phase_1'====== Args={}
2026-07-15 12:38:45,840 : INFO : EventManager : Event: ======'machine_reset_phase_2'====== Args={}
2026-07-15 12:38:45,840 : INFO : EventManager : Event: ======'machine_reset_phase_3'====== Args={}
2026-07-15 12:38:45,841 : DEBUG : FAST Driver : Setting hardware rule for driver 11. Mode: 75. Switch: 0A. coil_settings: DriverSettings(hw_driver=<mpf.platforms.fast.fast_driver.FASTDriver object at 0x000002103980E340>, pulse_settings=PulseSettings(power=1.0, duration=10), hold_settings=None, recycle=False). kwargs: {'off_switch': '20'}.
2026-07-15 12:38:45,841 : DEBUG : FAST Driver : Sending config to driver 11 (0x0B). one_shot: False. wait_to_confirm: False
2026-07-15 12:38:45,841 : DEBUG : FAST Driver : Setting hardware rule for driver 10. Mode: 18. Switch: 0A. coil_settings: DriverSettings(hw_driver=<mpf.platforms.fast.fast_driver.FASTDriver object at 0x000002103980E2D0>, pulse_settings=PulseSettings(power=1.0, duration=10), hold_settings=HoldSettings(power=1.0, duration=None), recycle=False). kwargs: {}.
2026-07-15 12:38:45,842 : DEBUG : FAST Driver : Sending config to driver 10 (0x0A). one_shot: False. wait_to_confirm: False
2026-07-15 12:38:45,842 : DEBUG : FAST Driver : Setting hardware rule for driver 14. Mode: 75. Switch: 12. coil_settings: DriverSettings(hw_driver=<mpf.platforms.fast.fast_driver.FASTDriver object at 0x000002103980E490>, pulse_settings=PulseSettings(power=1.0, duration=10), hold_settings=None, recycle=False). kwargs: {'off_switch': '24'}.
2026-07-15 12:38:45,842 : DEBUG : FAST Driver : Sending config to driver 14 (0x0E). one_shot: False. wait_to_confirm: False
2026-07-15 12:38:45,842 : DEBUG : FAST Driver : Setting hardware rule for driver 12. Mode: 18. Switch: 12. coil_settings: DriverSettings(hw_driver=<mpf.platforms.fast.fast_driver.FASTDriver object at 0x000002103980E3B0>, pulse_settings=PulseSettings(power=1.0, duration=10), hold_settings=HoldSettings(power=1.0, duration=None), recycle=False). kwargs: {}.
2026-07-15 12:38:45,842 : DEBUG : FAST Driver : Sending config to driver 12 (0x0C). one_shot: False. wait_to_confirm: False
2026-07-15 12:38:45,842 : INFO : EventManager : Event: ======'reset_complete'====== Args={}
2026-07-15 12:38:45,842 : INFO : EventManager : Event: ======'mode_attract_will_start'====== Args={}
2026-07-15 12:38:45,842 : INFO : EventManager : Event: ======'mode_attract_starting'====== Args={}
2026-07-15 12:38:45,842 : INFO : Mode.attract : Started. Priority: 10
2026-07-15 12:38:45,842 : INFO : EventManager : Event: ======'modes_active_modes_changed'====== Args={}
2026-07-15 12:38:45,842 : INFO : EventManager : Event: ======'mode_attract_started'====== Args={}
2026-07-15 12:38:45,843 : INFO : EventManager : Event: ======'collecting_balls_complete'====== Args={}
2026-07-15 12:38:45,843 : INFO : Machine : Starting the main run loop with active modes: [<Mode.attract>]
2026-07-15 12:38:55,260 : INFO : SwitchController : <<<<<<< 's_left_upper_level_flipper' active >>>>>>>
2026-07-15 12:38:55,260 : INFO : SwitchController : <<<<<<< 's_left_flipper' active >>>>>>>
2026-07-15 12:38:55,431 : INFO : SwitchController : <<<<<<< 's_left_flipper' inactive >>>>>>>
2026-07-15 12:38:55,431 : INFO : SwitchController : <<<<<<< 's_left_upper_level_flipper' inactive >>>>>>>
2026-07-15 12:38:58,860 : INFO : SwitchController : <<<<<<< 's_left_upper_level_flipper' active >>>>>>>
2026-07-15 12:38:58,861 : INFO : SwitchController : <<<<<<< 's_left_flipper' active >>>>>>>
2026-07-15 12:38:59,081 : INFO : SwitchController : <<<<<<< 's_left_flipper' inactive >>>>>>>
2026-07-15 12:38:59,081 : INFO : SwitchController : <<<<<<< 's_left_upper_level_flipper' inactive >>>>>>>
2026-07-15 12:38:59,747 : INFO : SwitchController : <<<<<<< 's_left_upper_level_flipper' active >>>>>>>
2026-07-15 12:38:59,747 : INFO : SwitchController : <<<<<<< 's_left_flipper' active >>>>>>>
2026-07-15 12:38:59,982 : INFO : SwitchController : <<<<<<< 's_left_flipper' inactive >>>>>>>
2026-07-15 12:38:59,983 : INFO : SwitchController : <<<<<<< 's_left_upper_level_flipper' inactive >>>>>>>
2026-07-15 12:39:01,151 : INFO : SwitchController : <<<<<<< 's_left_upper_level_flipper' active >>>>>>>
2026-07-15 12:39:01,151 : INFO : SwitchController : <<<<<<< 's_left_flipper' active >>>>>>>
2026-07-15 12:39:01,338 : INFO : SwitchController : <<<<<<< 's_left_flipper' inactive >>>>>>>
2026-07-15 12:39:01,338 : INFO : SwitchController : <<<<<<< 's_left_upper_level_flipper' inactive >>>>>>>
2026-07-15 12:39:03,410 : INFO : SwitchController : <<<<<<< 's_left_upper_level_flipper' active >>>>>>>
2026-07-15 12:39:03,410 : INFO : SwitchController : <<<<<<< 's_left_flipper' active >>>>>>>
2026-07-15 12:39:03,627 : INFO : SwitchController : <<<<<<< 's_left_flipper' inactive >>>>>>>
2026-07-15 12:39:03,627 : INFO : SwitchController : <<<<<<< 's_left_upper_level_flipper' inactive >>>>>>>
2026-07-15 12:39:06,187 : INFO : SwitchController : <<<<<<< 's_left_flipper' active >>>>>>>
2026-07-15 12:39:06,187 : INFO : SwitchController : <<<<<<< 's_left_upper_level_flipper' active >>>>>>>
2026-07-15 12:39:06,421 : INFO : SwitchController : <<<<<<< 's_left_flipper' inactive >>>>>>>
2026-07-15 12:39:06,422 : INFO : SwitchController : <<<<<<< 's_left_upper_level_flipper' inactive >>>>>>>
2026-07-15 12:39:08,212 : INFO : SwitchController : <<<<<<< 's_left_upper_level_flipper' active >>>>>>>
2026-07-15 12:39:08,212 : INFO : SwitchController : <<<<<<< 's_left_flipper' active >>>>>>>
2026-07-15 12:39:08,416 : INFO : SwitchController : <<<<<<< 's_left_flipper' inactive >>>>>>>
2026-07-15 12:39:08,416 : INFO : SwitchController : <<<<<<< 's_left_upper_level_flipper' inactive >>>>>>>
2026-07-15 12:39:19,054 : INFO : SwitchController : <<<<<<< 's_left_upper_level_flipper' active >>>>>>>
2026-07-15 12:39:19,054 : INFO : SwitchController : <<<<<<< 's_left_flipper' active >>>>>>>
2026-07-15 12:39:19,368 : INFO : SwitchController : <<<<<<< 's_left_flipper' inactive >>>>>>>
2026-07-15 12:39:19,368 : INFO : SwitchController : <<<<<<< 's_left_upper_level_flipper' inactive >>>>>>>
2026-07-15 12:39:23,251 : INFO : SwitchController : <<<<<<< 's_left_flipper' active >>>>>>>
2026-07-15 12:39:23,251 : INFO : SwitchController : <<<<<<< 's_left_upper_level_flipper' active >>>>>>>
2026-07-15 12:39:23,482 : INFO : SwitchController : <<<<<<< 's_left_flipper' inactive >>>>>>>
2026-07-15 12:39:23,482 : INFO : SwitchController : <<<<<<< 's_left_upper_level_flipper' inactive >>>>>>>
2026-07-15 12:39:29,439 : INFO : SwitchController : <<<<<<< 's_left_upper_level_flipper' active >>>>>>>
2026-07-15 12:39:29,439 : INFO : SwitchController : <<<<<<< 's_left_flipper' active >>>>>>>
2026-07-15 12:39:29,642 : INFO : SwitchController : <<<<<<< 's_left_flipper' inactive >>>>>>>
2026-07-15 12:39:29,642 : INFO : SwitchController : <<<<<<< 's_left_upper_level_flipper' inactive >>>>>>>
2026-07-15 12:40:03,930 : INFO : SwitchController : <<<<<<< 's_left_flipper' active >>>>>>>
2026-07-15 12:40:03,930 : INFO : SwitchController : <<<<<<< 's_left_upper_level_flipper' active >>>>>>>
2026-07-15 12:40:04,057 : INFO : SwitchController : <<<<<<< 's_left_flipper' inactive >>>>>>>
2026-07-15 12:40:04,057 : INFO : SwitchController : <<<<<<< 's_left_upper_level_flipper' inactive >>>>>>>
2026-07-15 12:40:35,295 : INFO : SwitchController : <<<<<<< 's_right_flipper' active >>>>>>>
2026-07-15 12:40:35,295 : INFO : SwitchController : <<<<<<< 's_right_upper_level_flipper' active >>>>>>>
2026-07-15 12:40:35,638 : INFO : SwitchController : <<<<<<< 's_right_upper_level_flipper' inactive >>>>>>>
2026-07-15 12:40:35,638 : INFO : SwitchController : <<<<<<< 's_right_flipper' inactive >>>>>>>
2026-07-15 12:41:14,011 : INFO : SwitchController : <<<<<<< 's_right_flipper' active >>>>>>>
2026-07-15 12:41:14,011 : INFO : SwitchController : <<<<<<< 's_right_upper_level_flipper' active >>>>>>>
2026-07-15 12:41:14,274 : INFO : SwitchController : <<<<<<< 's_right_upper_level_flipper' inactive >>>>>>>
2026-07-15 12:41:14,274 : INFO : SwitchController : <<<<<<< 's_right_flipper' inactive >>>>>>>
2026-07-15 12:42:56,568 : INFO : SwitchController : <<<<<<< 's_left_upper_level_flipper' active >>>>>>>
2026-07-15 12:42:56,568 : INFO : SwitchController : <<<<<<< 's_left_flipper' active >>>>>>>
2026-07-15 12:42:56,584 : INFO : SwitchController : <<<<<<< 's_left_flipper' inactive >>>>>>>
2026-07-15 12:42:56,584 : INFO : SwitchController : <<<<<<< 's_left_upper_level_flipper' inactive >>>>>>>
2026-07-15 12:42:56,910 : INFO : SwitchController : <<<<<<< 's_left_upper_level_flipper' active >>>>>>>
2026-07-15 12:42:56,910 : INFO : SwitchController : <<<<<<< 's_left_flipper' active >>>>>>>
2026-07-15 12:42:57,146 : INFO : SwitchController : <<<<<<< 's_left_flipper' inactive >>>>>>>
2026-07-15 12:42:57,146 : INFO : SwitchController : <<<<<<< 's_left_upper_level_flipper' inactive >>>>>>>
2026-07-15 12:42:59,958 : INFO : SwitchController : <<<<<<< 's_left_upper_level_flipper' active >>>>>>>
2026-07-15 12:42:59,960 : INFO : SwitchController : <<<<<<< 's_left_flipper' active >>>>>>>
2026-07-15 12:43:00,130 : INFO : SwitchController : <<<<<<< 's_left_flipper' inactive >>>>>>>
2026-07-15 12:43:00,131 : INFO : SwitchController : <<<<<<< 's_left_upper_level_flipper' inactive >>>>>>>
2026-07-15 12:43:25,995 : INFO : Machine : Shutting down...
2026-07-15 12:43:25,995 : INFO : EventManager : Event: ======'shutdown'====== Args={}
2026-07-15 12:43:26,096 : DEBUG : FAST [NET] : Stop called on serial connection NET
2026-07-15 12:43:26,101 : INFO : root : MPF run loop ended.
