2026-07-19 17:19:41,506 : INFO : root : Loading config.
2026-07-19 17:19:41,545 : INFO : ConfigProcessor : Config spec file cache created: C:\Users\yorel\AppData\Local\Temp\config_spec.mpf_cache
2026-07-19 17:19:41,546 : INFO : YamlMultifileConfigLoader : Machine config file #1: config.yaml
2026-07-19 17:19:41,546 : INFO : ConfigProcessor : Loading config from file C:\Users\yorel\Documents\mpf-env-80\Lib\site-packages\mpf\mpfconfig.yaml.
2026-07-19 17:19:41,554 : INFO : ConfigProcessor : Loading config: C:\Users\yorel\Documents\mpf-env-80\Lib\site-packages\mpf\mpfconfig.yaml
2026-07-19 17:19:41,554 : INFO : ConfigProcessor : Loading config from file C:\Users\yorel\Documents\KMF\KMF Code\config\config.yaml.
2026-07-19 17:19:41,560 : INFO : ConfigProcessor : Loading config: C:\Users\yorel\Documents\KMF\KMF Code\config\config.yaml
2026-07-19 17:19:41,561 : INFO : ConfigProcessor : Loading config: C:\Users\yorel\Documents\KMF\KMF Code\config\config_ball_devices.yaml
2026-07-19 17:19:41,564 : INFO : ConfigProcessor : Loading config: C:\Users\yorel\Documents\KMF\KMF Code\config\config_coils.yaml
2026-07-19 17:19:41,568 : INFO : ConfigProcessor : Loading config: C:\Users\yorel\Documents\KMF\KMF Code\config\config_switches.yaml
2026-07-19 17:19:41,570 : INFO : ConfigProcessor : Config file cache created: C:\Users\yorel\AppData\Local\Temp\e4574a669b04b9b63f2509acba37fa15.mpf_cache
2026-07-19 17:19:41,645 : INFO : ConfigProcessor : Loading config from file C:\Users\yorel\Documents\mpf-env-80\Lib\site-packages\mpf\modes\attract\config\attract.yaml.
2026-07-19 17:19:41,646 : INFO : ConfigProcessor : Loading config: C:\Users\yorel\Documents\mpf-env-80\Lib\site-packages\mpf\modes\attract\config\attract.yaml
2026-07-19 17:19:41,646 : INFO : ConfigProcessor : Loading config from file C:\Users\yorel\Documents\KMF\KMF Code\modes\attract\config\attract.yaml.
2026-07-19 17:19:41,648 : INFO : ConfigProcessor : Loading config: C:\Users\yorel\Documents\KMF\KMF Code\modes\attract\config\attract.yaml
2026-07-19 17:19:41,648 : INFO : ConfigProcessor : Config file cache created: C:\Users\yorel\AppData\Local\Temp\a3b95e4c04a1ac62e5a55f9ea03887d0.mpf_cache
2026-07-19 17:19:41,649 : INFO : ConfigProcessor : Loading config from file C:\Users\yorel\Documents\mpf-env-80\Lib\site-packages\mpf\modes\game\config\game.yaml.
2026-07-19 17:19:41,651 : INFO : ConfigProcessor : Loading config: C:\Users\yorel\Documents\mpf-env-80\Lib\site-packages\mpf\modes\game\config\game.yaml
2026-07-19 17:19:41,652 : INFO : ConfigProcessor : Config file cache created: C:\Users\yorel\AppData\Local\Temp\e52c7621daabe5c520004c2331533e7f.mpf_cache
2026-07-19 17:19:41,652 : INFO : ConfigProcessor : Loading config from file C:\Users\yorel\Documents\mpf-env-80\Lib\site-packages\mpf\modes\attract\config\attract.yaml.
2026-07-19 17:19:41,653 : INFO : ConfigProcessor : Loading config: C:\Users\yorel\Documents\mpf-env-80\Lib\site-packages\mpf\modes\attract\config\attract.yaml
2026-07-19 17:19:41,653 : INFO : ConfigProcessor : Loading config from file C:\Users\yorel\Documents\KMF\KMF Code\modes\attract\config\attract.yaml.
2026-07-19 17:19:41,654 : INFO : ConfigProcessor : Loading config: C:\Users\yorel\Documents\KMF\KMF Code\modes\attract\config\attract.yaml
2026-07-19 17:19:41,655 : INFO : ConfigProcessor : Config file cache created: C:\Users\yorel\AppData\Local\Temp\a3b95e4c04a1ac62e5a55f9ea03887d0.mpf_cache
2026-07-19 17:19:41,656 : INFO : ConfigProcessor : Loading config from file C:\Users\yorel\Documents\KMF\KMF Code\modes\base\config\base.yaml.
2026-07-19 17:19:41,657 : INFO : ConfigProcessor : Loading config: C:\Users\yorel\Documents\KMF\KMF Code\modes\base\config\base.yaml
2026-07-19 17:19:41,658 : INFO : ConfigProcessor : Config file cache created: C:\Users\yorel\AppData\Local\Temp\adec83306147c6c0299d94bb4067de98.mpf_cache
2026-07-19 17:19:41,658 : INFO : ConfigProcessor : Loading config from file C:\Users\yorel\Documents\KMF\KMF Code\modes\pops\config\pops.yaml.
2026-07-19 17:19:41,660 : INFO : ConfigProcessor : Loading config: C:\Users\yorel\Documents\KMF\KMF Code\modes\pops\config\pops.yaml
2026-07-19 17:19:41,661 : INFO : ConfigProcessor : Config file cache created: C:\Users\yorel\AppData\Local\Temp\00c8d757238c2450cc6de420e2d1696f.mpf_cache
2026-07-19 17:19:41,662 : INFO : Machine : Mission Pinball Framework Core Engine v0.81.0.dev2
2026-07-19 17:19:41,662 : INFO : Machine : Command line arguments: {'no_load_cache': True, 'create_config_cache': True, 'bcp': True, 'configfile': ['config.yaml'], 'force_assets_load': False, 'platform_integration_test': False, 'jsonlogging': False, 'logfile': 'logs\\2026-07-19-17-19-41-mpf-MSI.log', 'pause': False, 'production': False, 'text_ui': False, 'loglevel': 15, 'consoleloglevel': 20, 'force_platform': 'virtual', 'syslog_address': None, 'full_logfile_path': 'C:\\Users\\yorel\\Documents\\KMF\\KMF Code\\logs\\2026-07-19-17-19-41-mpf-MSI.log'}
2026-07-19 17:19:41,662 : INFO : Machine : MPF path: C:\Users\yorel\Documents\mpf-env-80\Lib\site-packages\mpf
2026-07-19 17:19:41,662 : INFO : Machine : Machine path: C:\Users\yorel\Documents\KMF\KMF Code
2026-07-19 17:19:41,662 : INFO : Machine : Platform: win32
2026-07-19 17:19:41,662 : INFO : Machine : Python executable location: C:\Users\yorel\Documents\mpf-env-80\Scripts\python.exe
2026-07-19 17:19:41,662 : INFO : Machine : Python version: 3.11.5 (64-bit)
2026-07-19 17:19:41,664 : INFO : Machine : Initializing MPF...
2026-07-19 17:19:41,771 : INFO : EventManager : Event: ======'machine_var_credits_string'====== Args={'value': 'FREE PLAY', 'prev_value': None, 'change': True}
2026-07-19 17:19:41,789 : INFO : EventManager : Event: ======'machine_var_master_volume'====== Args={'value': 0.5, 'prev_value': None, 'change': True}
2026-07-19 17:19:41,789 : INFO : EventManager : Event: ======'machine_var_mpf_version'====== Args={'value': 'Mission Pinball Framework v0.81.0.dev2', 'prev_value': None, 'change': True}
2026-07-19 17:19:41,789 : INFO : EventManager : Event: ======'machine_var_mpf_extended_version'====== Args={'value': 'Mission Pinball Framework v0.81.0.dev2, Config version:6, Show version: 6, BCP version:1.1', 'prev_value': None, 'change': True}
2026-07-19 17:19:41,789 : INFO : EventManager : Event: ======'machine_var_python_version'====== Args={'value': '3.11.5', 'prev_value': None, 'change': True}
2026-07-19 17:19:41,839 : INFO : EventManager : Event: ======'machine_var_platform'====== Args={'value': 'Windows-10-10.0.26200-SP0', 'prev_value': None, 'change': True}
2026-07-19 17:19:41,839 : INFO : EventManager : Event: ======'machine_var_platform_system'====== Args={'value': 'Windows', 'prev_value': None, 'change': True}
2026-07-19 17:19:41,839 : INFO : EventManager : Event: ======'machine_var_platform_release'====== Args={'value': '10', 'prev_value': None, 'change': True}
2026-07-19 17:19:41,839 : INFO : EventManager : Event: ======'machine_var_platform_version'====== Args={'value': '10.0.26200', 'prev_value': None, 'change': True}
2026-07-19 17:19:41,839 : INFO : EventManager : Event: ======'machine_var_platform_machine'====== Args={'value': 'AMD64', 'prev_value': None, 'change': True}
2026-07-19 17:19:41,839 : INFO : EventManager : Event: ======'machine_var_log_file_path'====== Args={'value': 'C:\\Users\\yorel\\Documents\\KMF\\KMF Code\\logs\\2026-07-19-17-19-41-mpf-MSI.log', 'prev_value': None, 'change': True}
2026-07-19 17:19:41,839 : INFO : EventManager : Event: ======'init_phase_1'====== Args={}
2026-07-19 17:19:41,861 : INFO : EventManager : Event: ======'init_phase_2'====== Args={}
2026-07-19 17:19:41,861 : INFO : SwitchController : Found active switch: ('3208-0', <Platform.Virtual>) <switch.s_trough_1_opto>
2026-07-19 17:19:41,861 : INFO : SwitchController : Found active switch: ('3208-1', <Platform.Virtual>) <switch.s_trough_2_opto>
2026-07-19 17:19:41,861 : INFO : SwitchController : Found active switch: ('3208-2', <Platform.Virtual>) <switch.s_trough_3_opto>
2026-07-19 17:19:41,864 : INFO : EventManager : Event: ======'bcp_connection_attempt'====== Args={'name': 'local_display', 'host': 'localhost', 'port': 5050}
2026-07-19 17:19:41,866 : INFO : BCPClientSocket : Connecting BCP to 'local_display' at localhost:5050...
2026-07-19 17:19:54,294 : INFO : Machine : Starting the main run loop with active modes: []
2026-07-19 17:19:54,296 : WARNING : Machine : Attract mode is not active, game will not be playable. Please check your attract mode configuration.
2026-07-19 17:19:54,297 : INFO : Machine : Shutting down...
2026-07-19 17:19:54,297 : INFO : EventManager : Event: ======'shutdown'====== Args={}
2026-07-19 17:19:55,311 : INFO : root : MPF run loop ended.
