2026-07-15 12:17:27,012 : INFO : root : Loading config.
2026-07-15 12:17:27,017 : INFO : YamlMultifileConfigLoader : Machine config file #1: config.yaml
2026-07-15 12:17:27,017 : WARNING : ConfigProcessor : Config file in cache changed: C:\Users\yorel\Documents\KMF\KMF Code\config\config.yaml
2026-07-15 12:17:27,018 : INFO : ConfigProcessor : Loading config from file C:\Users\yorel\Documents\mpf-env-80\Lib\site-packages\mpf\mpfconfig.yaml.
2026-07-15 12:17:27,029 : INFO : ConfigProcessor : Loading config: C:\Users\yorel\Documents\mpf-env-80\Lib\site-packages\mpf\mpfconfig.yaml
2026-07-15 12:17:27,030 : INFO : ConfigProcessor : Loading config from file C:\Users\yorel\Documents\KMF\KMF Code\config\config.yaml.
2026-07-15 12:17:27,037 : INFO : ConfigProcessor : Loading config: C:\Users\yorel\Documents\KMF\KMF Code\config\config.yaml
2026-07-15 12:17:27,039 : INFO : ConfigProcessor : Config file cache created: C:\Users\yorel\AppData\Local\Temp\e4574a669b04b9b63f2509acba37fa15.mpf_cache
2026-07-15 12:17:27,136 : INFO : ConfigProcessor : Loading config from cache: C:\Users\yorel\AppData\Local\Temp\a3b95e4c04a1ac62e5a55f9ea03887d0.mpf_cache
2026-07-15 12:17:27,138 : INFO : ConfigProcessor : Loading config from cache: C:\Users\yorel\AppData\Local\Temp\e52c7621daabe5c520004c2331533e7f.mpf_cache
2026-07-15 12:17:27,140 : INFO : ConfigProcessor : Loading config from cache: C:\Users\yorel\AppData\Local\Temp\a3b95e4c04a1ac62e5a55f9ea03887d0.mpf_cache
2026-07-15 12:17:27,141 : INFO : ConfigProcessor : Loading config from cache: C:\Users\yorel\AppData\Local\Temp\adec83306147c6c0299d94bb4067de98.mpf_cache
2026-07-15 12:17:27,142 : INFO : Machine : Mission Pinball Framework Core Engine v0.81.0.dev2
2026-07-15 12:17:27,143 : INFO : Machine : Command line arguments: {'no_load_cache': False, 'create_config_cache': True, 'bcp': False, 'configfile': ['config.yaml'], 'force_assets_load': False, 'platform_integration_test': False, 'jsonlogging': False, 'logfile': 'logs\\2026-07-15-12-17-27-mpf-MSI.log', 'pause': False, 'production': False, 'text_ui': False, 'loglevel': 15, 'consoleloglevel': 20, 'force_platform': None, 'syslog_address': None, 'full_logfile_path': 'C:\\Users\\yorel\\Documents\\KMF\\KMF Code\\logs\\2026-07-15-12-17-27-mpf-MSI.log'}
2026-07-15 12:17:27,143 : INFO : Machine : MPF path: C:\Users\yorel\Documents\mpf-env-80\Lib\site-packages\mpf
2026-07-15 12:17:27,143 : INFO : Machine : Machine path: C:\Users\yorel\Documents\KMF\KMF Code
2026-07-15 12:17:27,143 : INFO : Machine : Platform: win32
2026-07-15 12:17:27,143 : INFO : Machine : Python executable location: C:\Users\yorel\Documents\mpf-env-80\Scripts\python.exe
2026-07-15 12:17:27,143 : INFO : Machine : Python version: 3.11.5 (64-bit)
2026-07-15 12:17:27,145 : INFO : Machine : Initializing MPF...
2026-07-15 12:17:27,300 : INFO : FAST : Auto-detecting ports for the following connections: ['net']
2026-07-15 12:17:27,352 : INFO : FAST : Detected NET on port COM4
2026-07-15 12:17:27,466 : INFO : FAST [NET] : Trying to connect to COM4 at 921600bps
2026-07-15 12:17:27,485 : INFO : FAST [NET] : Connected to COM4 at 921600bps
2026-07-15 12:17:27,493 : INFO : FAST [NET] : Connected to FP-CPU-2000 with firmware v02.26
2026-07-15 12:17:27,500 : INFO : FAST [NET] : Registered I/O Board 0: Model: FP-I/O-0024, Firmware: 01.10, Switches: 24, Drivers: 8
2026-07-15 12:17:27,508 : INFO : FAST [NET] : Registered I/O Board 1: Model: FP-I/O-3208, Firmware: 01.10, Switches: 32, Drivers: 8
2026-07-15 12:17:27,512 : INFO : FAST [NET] : Registered I/O Board 2: Model: FP-I/O-1616, Firmware: 01.10, Switches: 16, Drivers: 16
2026-07-15 12:17:27,524 : INFO : FAST [NET] : Registered I/O Board 3: Model: FP-I/O-0804, Firmware: 01.10, Switches: 8, Drivers: 4
2026-07-15 12:17:27,526 : INFO : EventManager : Event: ======'machine_var_credits_string'====== Args={'value': 'FREE PLAY', 'prev_value': None, 'change': True}
2026-07-15 12:17:27,580 : INFO : EventManager : Event: ======'machine_var_master_volume'====== Args={'value': 0.5, 'prev_value': None, 'change': True}
2026-07-15 12:17:27,580 : INFO : EventManager : Event: ======'machine_var_mpf_version'====== Args={'value': 'Mission Pinball Framework v0.81.0.dev2', 'prev_value': None, 'change': True}
2026-07-15 12:17:27,580 : INFO : EventManager : Event: ======'machine_var_mpf_extended_version'====== Args={'value': 'Mission Pinball Framework v0.81.0.dev2, Config version:6, Show version: 6, BCP version:1.1', 'prev_value': None, 'change': True}
2026-07-15 12:17:27,580 : INFO : EventManager : Event: ======'machine_var_python_version'====== Args={'value': '3.11.5', 'prev_value': None, 'change': True}
2026-07-15 12:17:27,642 : INFO : EventManager : Event: ======'machine_var_platform'====== Args={'value': 'Windows-10-10.0.26200-SP0', 'prev_value': None, 'change': True}
2026-07-15 12:17:27,643 : INFO : EventManager : Event: ======'machine_var_platform_system'====== Args={'value': 'Windows', 'prev_value': None, 'change': True}
2026-07-15 12:17:27,643 : INFO : EventManager : Event: ======'machine_var_platform_release'====== Args={'value': '10', 'prev_value': None, 'change': True}
2026-07-15 12:17:27,643 : INFO : EventManager : Event: ======'machine_var_platform_version'====== Args={'value': '10.0.26200', 'prev_value': None, 'change': True}
2026-07-15 12:17:27,643 : INFO : EventManager : Event: ======'machine_var_platform_machine'====== Args={'value': 'AMD64', 'prev_value': None, 'change': True}
2026-07-15 12:17:27,643 : INFO : EventManager : Event: ======'machine_var_log_file_path'====== Args={'value': 'C:\\Users\\yorel\\Documents\\KMF\\KMF Code\\logs\\2026-07-15-12-17-27-mpf-MSI.log', 'prev_value': None, 'change': True}
2026-07-15 12:17:27,643 : INFO : EventManager : Event: ======'init_phase_1'====== Args={}
2026-07-15 12:17:31,176 : INFO : SwitchController : <<<<<<< 's_ left_spinner_opto' active >>>>>>>
2026-07-15 12:17:31,177 : INFO : SwitchController : <<<<<<< 's_right_spinner_opto' active >>>>>>>
2026-07-15 12:17:31,177 : INFO : SwitchController : <<<<<<< 's_left_drop' active >>>>>>>
2026-07-15 12:17:31,177 : INFO : SwitchController : <<<<<<< 's_right_drop' active >>>>>>>
2026-07-15 12:17:31,178 : INFO : SwitchController : <<<<<<< 's_center_drop' active >>>>>>>
2026-07-15 12:17:31,178 : INFO : SwitchController : <<<<<<< 's_trough_1_opto' active >>>>>>>
2026-07-15 12:17:31,178 : INFO : SwitchController : <<<<<<< 's_trough_2_opto' active >>>>>>>
2026-07-15 12:17:31,179 : INFO : SwitchController : <<<<<<< 's_trough_3_opto' active >>>>>>>
2026-07-15 12:17:31,181 : INFO : EventManager : Event: ======'init_phase_2'====== Args={}
2026-07-15 12:17:31,182 : INFO : SwitchController : Found active switch: (57, [FAST Platform Interface]) <switch.s_ left_spinner_opto>
2026-07-15 12:17:31,183 : INFO : SwitchController : Found active switch: (56, [FAST Platform Interface]) <switch.s_right_spinner_opto>
2026-07-15 12:17:31,184 : INFO : SwitchController : Found active switch: (64, [FAST Platform Interface]) <switch.s_left_drop>
2026-07-15 12:17:31,184 : INFO : SwitchController : Found active switch: (47, [FAST Platform Interface]) <switch.s_right_drop>
2026-07-15 12:17:31,184 : INFO : SwitchController : Found active switch: (43, [FAST Platform Interface]) <switch.s_center_drop>
2026-07-15 12:17:31,184 : INFO : SwitchController : Found active switch: (24, [FAST Platform Interface]) <switch.s_trough_1_opto>
2026-07-15 12:17:31,184 : INFO : SwitchController : Found active switch: (25, [FAST Platform Interface]) <switch.s_trough_2_opto>
2026-07-15 12:17:31,184 : INFO : SwitchController : Found active switch: (26, [FAST Platform Interface]) <switch.s_trough_3_opto>
2026-07-15 12:17:31,208 : INFO : EventManager : Event: ======'init_phase_3'====== Args={}
2026-07-15 12:17:31,210 : INFO : EventManager : Event: ======'init_phase_4'====== Args={}
2026-07-15 12:17:31,212 : INFO : EventManager : Event: ======'machine_var_audits_switches_s_left_outlane'====== Args={'value': 0, 'prev_value': None, 'change': True}
2026-07-15 12:17:31,212 : INFO : EventManager : Event: ======'machine_var_audits_switches_s_right_standup_target_at_ramp_entry'====== Args={'value': 0, 'prev_value': None, 'change': True}
2026-07-15 12:17:31,212 : INFO : EventManager : Event: ======'machine_var_audits_switches_s_star_rollover_3'====== Args={'value': 0, 'prev_value': None, 'change': True}
2026-07-15 12:17:31,212 : INFO : EventManager : Event: ======'machine_var_audits_switches_s_star_rollover_7'====== Args={'value': 0, 'prev_value': None, 'change': True}
2026-07-15 12:17:31,213 : INFO : EventManager : Event: ======'machine_var_audits_switches_s_center_drop'====== Args={'value': 0, 'prev_value': None, 'change': True}
2026-07-15 12:17:31,213 : INFO : EventManager : Event: ======'machine_var_audits_switches_s_left_ramp_exit'====== Args={'value': 0, 'prev_value': None, 'change': True}
2026-07-15 12:17:31,213 : INFO : EventManager : Event: ======'machine_var_audits_switches_s_left_rear_pop'====== Args={'value': 0, 'prev_value': None, 'change': True}
2026-07-15 12:17:31,213 : INFO : EventManager : Event: ======'machine_var_audits_switches_s_right_outlane'====== Args={'value': 0, 'prev_value': None, 'change': True}
2026-07-15 12:17:31,213 : INFO : EventManager : Event: ======'machine_var_audits_switches_s_star_rollover_9'====== Args={'value': 0, 'prev_value': None, 'change': True}
2026-07-15 12:17:31,213 : INFO : EventManager : Event: ======'machine_var_audits_switches_s_star_rollover_8'====== Args={'value': 0, 'prev_value': None, 'change': True}
2026-07-15 12:17:31,213 : INFO : EventManager : Event: ======'machine_var_audits_switches_s_left_drop'====== Args={'value': 0, 'prev_value': None, 'change': True}
2026-07-15 12:17:31,213 : INFO : EventManager : Event: ======'machine_var_audits_switches_s_trough_1_opto'====== Args={'value': 0, 'prev_value': None, 'change': True}
2026-07-15 12:17:31,213 : INFO : EventManager : Event: ======'machine_var_audits_switches_s_left_upper_level_flipper'====== Args={'value': 0, 'prev_value': None, 'change': True}
2026-07-15 12:17:31,213 : INFO : EventManager : Event: ======'machine_var_audits_switches_s_right_inlane'====== Args={'value': 0, 'prev_value': None, 'change': True}
2026-07-15 12:17:31,213 : INFO : EventManager : Event: ======'machine_var_audits_switches_s_right_3_bank_standup_3_highest'====== Args={'value': 0, 'prev_value': None, 'change': True}
2026-07-15 12:17:31,213 : INFO : EventManager : Event: ======'machine_var_audits_switches_s_rollover_lane_b'====== Args={'value': 0, 'prev_value': None, 'change': True}
2026-07-15 12:17:31,213 : INFO : EventManager : Event: ======'machine_var_audits_switches_s_left_sling'====== Args={'value': 0, 'prev_value': None, 'change': True}
2026-07-15 12:17:31,213 : INFO : EventManager : Event: ======'machine_var_audits_switches_s_KMF_center_target'====== Args={'value': 0, 'prev_value': None, 'change': True}
2026-07-15 12:17:31,214 : INFO : EventManager : Event: ======'machine_var_audits_switches_s_right_spinner_opto'====== Args={'value': 0, 'prev_value': None, 'change': True}
2026-07-15 12:17:31,214 : INFO : EventManager : Event: ======'machine_var_audits_switches_s_ left_spinner_opto'====== Args={'value': 0, 'prev_value': None, 'change': True}
2026-07-15 12:17:31,214 : INFO : EventManager : Event: ======'machine_var_audits_switches_s_left_front_pop'====== Args={'value': 0, 'prev_value': None, 'change': True}
2026-07-15 12:17:31,214 : INFO : EventManager : Event: ======'machine_var_audits_switches_s_star_rollover_6'====== Args={'value': 0, 'prev_value': None, 'change': True}
2026-07-15 12:17:31,214 : INFO : EventManager : Event: ======'machine_var_audits_switches_s_eject_hole'====== Args={'value': 0, 'prev_value': None, 'change': True}
2026-07-15 12:17:31,214 : INFO : EventManager : Event: ======'machine_var_audits_switches_s_rollover_lane_a'====== Args={'value': 0, 'prev_value': None, 'change': True}
2026-07-15 12:17:31,214 : INFO : EventManager : Event: ======'machine_var_audits_switches_s_trough_3_opto'====== Args={'value': 0, 'prev_value': None, 'change': True}
2026-07-15 12:17:31,214 : INFO : EventManager : Event: ======'machine_var_audits_switches_s_star_rollover_1'====== Args={'value': 0, 'prev_value': None, 'change': True}
2026-07-15 12:17:31,214 : INFO : EventManager : Event: ======'machine_var_audits_switches_s_right_front_pop'====== Args={'value': 0, 'prev_value': None, 'change': True}
2026-07-15 12:17:31,214 : INFO : EventManager : Event: ======'machine_var_audits_switches_s_left_balcony_bow'====== Args={'value': 0, 'prev_value': None, 'change': True}
2026-07-15 12:17:31,214 : INFO : EventManager : Event: ======'machine_var_audits_switches_s_star_rollover_5'====== Args={'value': 0, 'prev_value': None, 'change': True}
2026-07-15 12:17:31,214 : INFO : EventManager : Event: ======'machine_var_audits_switches_s_right_upper_level_flipper_eos'====== Args={'value': 0, 'prev_value': None, 'change': True}
2026-07-15 12:17:31,214 : INFO : EventManager : Event: ======'machine_var_audits_switches_s_right_upper_level_flipper'====== Args={'value': 0, 'prev_value': None, 'change': True}
2026-07-15 12:17:31,214 : INFO : EventManager : Event: ======'machine_var_audits_switches_s_left_3_bank_standup_1_lowest'====== Args={'value': 0, 'prev_value': None, 'change': True}
2026-07-15 12:17:31,214 : INFO : EventManager : Event: ======'machine_var_audits_switches_s_right_balcony_bow'====== Args={'value': 0, 'prev_value': None, 'change': True}
2026-07-15 12:17:31,214 : INFO : EventManager : Event: ======'machine_var_audits_switches_s_rollover_lane_c'====== Args={'value': 0, 'prev_value': None, 'change': True}
2026-07-15 12:17:31,215 : INFO : EventManager : Event: ======'machine_var_audits_switches_s_left_flipper'====== Args={'value': 0, 'prev_value': None, 'change': True}
2026-07-15 12:17:31,215 : INFO : EventManager : Event: ======'machine_var_audits_switches_s_left_eos'====== Args={'value': 0, 'prev_value': None, 'change': True}
2026-07-15 12:17:31,215 : INFO : EventManager : Event: ======'machine_var_audits_switches_s_right_3_bank_standup_2_middle'====== Args={'value': 0, 'prev_value': None, 'change': True}
2026-07-15 12:17:31,215 : INFO : EventManager : Event: ======'machine_var_audits_switches_s_right_eos'====== Args={'value': 0, 'prev_value': None, 'change': True}
2026-07-15 12:17:31,215 : INFO : EventManager : Event: ======'machine_var_audits_switches_s_ bogieland_drain'====== Args={'value': 0, 'prev_value': None, 'change': True}
2026-07-15 12:17:31,215 : INFO : EventManager : Event: ======'machine_var_audits_switches_s_right_sling'====== Args={'value': 0, 'prev_value': None, 'change': True}
2026-07-15 12:17:31,215 : INFO : EventManager : Event: ======'machine_var_audits_switches_s_wireform_exit_left_opto'====== Args={'value': 0, 'prev_value': None, 'change': True}
2026-07-15 12:17:31,215 : INFO : EventManager : Event: ======'machine_var_audits_switches_s_right_3_bank_standup_1_lowest'====== Args={'value': 0, 'prev_value': None, 'change': True}
2026-07-15 12:17:31,215 : INFO : EventManager : Event: ======'machine_var_audits_switches_s_trough_2_opto'====== Args={'value': 0, 'prev_value': None, 'change': True}
2026-07-15 12:17:31,215 : INFO : EventManager : Event: ======'machine_var_audits_switches_s_right_drop'====== Args={'value': 0, 'prev_value': None, 'change': True}
2026-07-15 12:17:31,215 : INFO : EventManager : Event: ======'machine_var_audits_switches_s_left_standup_target_at_ramp_entry'====== Args={'value': 0, 'prev_value': None, 'change': True}
2026-07-15 12:17:31,215 : INFO : EventManager : Event: ======'machine_var_audits_switches_s_left_3_bank_standup_2_middle'====== Args={'value': 0, 'prev_value': None, 'change': True}
2026-07-15 12:17:31,215 : INFO : EventManager : Event: ======'machine_var_audits_switches_s_left_inlane'====== Args={'value': 0, 'prev_value': None, 'change': True}
2026-07-15 12:17:31,215 : INFO : EventManager : Event: ======'machine_var_audits_switches_s_right_ramp_exit'====== Args={'value': 0, 'prev_value': None, 'change': True}
2026-07-15 12:17:31,215 : INFO : EventManager : Event: ======'machine_var_audits_switches_s_star_rollover_4'====== Args={'value': 0, 'prev_value': None, 'change': True}
2026-07-15 12:17:31,215 : INFO : EventManager : Event: ======'machine_var_audits_switches_s_star_rollover_2'====== Args={'value': 0, 'prev_value': None, 'change': True}
2026-07-15 12:17:31,215 : INFO : EventManager : Event: ======'machine_var_audits_switches_s_wireform_exit_right_opto'====== Args={'value': 0, 'prev_value': None, 'change': True}
2026-07-15 12:17:31,216 : INFO : EventManager : Event: ======'machine_var_audits_switches_s_right_rear_pop'====== Args={'value': 0, 'prev_value': None, 'change': True}
2026-07-15 12:17:31,216 : INFO : EventManager : Event: ======'machine_var_audits_switches_s_right_flipper'====== Args={'value': 0, 'prev_value': None, 'change': True}
2026-07-15 12:17:31,216 : INFO : EventManager : Event: ======'machine_var_audits_switches_s_start'====== Args={'value': 0, 'prev_value': None, 'change': True}
2026-07-15 12:17:31,216 : INFO : EventManager : Event: ======'machine_var_audits_switches_s_left_upper_level_flipper_eos'====== Args={'value': 0, 'prev_value': None, 'change': True}
2026-07-15 12:17:31,216 : INFO : EventManager : Event: ======'machine_var_audits_switches_s_left_3_bank_standup_3_highest'====== Args={'value': 0, 'prev_value': None, 'change': True}
2026-07-15 12:17:31,216 : INFO : EventManager : Event: ======'machine_var_audits_events_game_started'====== Args={'value': 0, 'prev_value': None, 'change': True}
2026-07-15 12:17:31,216 : INFO : EventManager : Event: ======'machine_var_audits_events_game_ended'====== Args={'value': 0, 'prev_value': None, 'change': True}
2026-07-15 12:17:31,216 : INFO : EventManager : Event: ======'machine_var_audits_player_score'====== Args={'value': {'top': [], 'average': 0, 'total': 0}, 'prev_value': None, 'change': True}
2026-07-15 12:17:31,217 : INFO : EventManager : Event: ======'init_phase_5'====== Args={}
2026-07-15 12:17:31,217 : INFO : EventManager : Event: ======'init_done'====== Args={}
2026-07-15 12:17:31,217 : INFO : EventManager : Event: ======'machine_reset_phase_1'====== Args={}
2026-07-15 12:17:31,219 : INFO : EventManager : Event: ======'machine_reset_phase_2'====== Args={}
2026-07-15 12:17:31,220 : INFO : EventManager : Event: ======'machine_reset_phase_3'====== Args={}
2026-07-15 12:17:31,221 : INFO : EventManager : Event: ======'reset_complete'====== Args={}
2026-07-15 12:17:31,221 : INFO : EventManager : Event: ======'mode_attract_will_start'====== Args={}
2026-07-15 12:17:31,222 : INFO : EventManager : Event: ======'mode_attract_starting'====== Args={}
2026-07-15 12:17:31,222 : INFO : Mode.attract : Started. Priority: 10
2026-07-15 12:17:31,222 : INFO : EventManager : Event: ======'modes_active_modes_changed'====== Args={}
2026-07-15 12:17:31,222 : INFO : EventManager : Event: ======'mode_attract_started'====== Args={}
2026-07-15 12:17:31,222 : INFO : EventManager : Event: ======'collecting_balls_complete'====== Args={}
2026-07-15 12:17:31,224 : INFO : Machine : Starting the main run loop with active modes: [<Mode.attract>]
2026-07-15 12:17:41,785 : INFO : SwitchController : <<<<<<< 's_left_upper_level_flipper' active >>>>>>>
2026-07-15 12:17:41,785 : INFO : SwitchController : <<<<<<< 's_left_flipper' active >>>>>>>
2026-07-15 12:17:41,877 : INFO : SwitchController : <<<<<<< 's_left_flipper' inactive >>>>>>>
2026-07-15 12:17:41,879 : INFO : SwitchController : <<<<<<< 's_left_upper_level_flipper' inactive >>>>>>>
2026-07-15 12:17:42,218 : INFO : SwitchController : <<<<<<< 's_left_upper_level_flipper' active >>>>>>>
2026-07-15 12:17:42,218 : INFO : SwitchController : <<<<<<< 's_left_flipper' active >>>>>>>
2026-07-15 12:17:42,312 : INFO : SwitchController : <<<<<<< 's_left_flipper' inactive >>>>>>>
2026-07-15 12:17:42,314 : INFO : SwitchController : <<<<<<< 's_left_upper_level_flipper' inactive >>>>>>>
2026-07-15 12:17:42,640 : INFO : SwitchController : <<<<<<< 's_left_flipper' active >>>>>>>
2026-07-15 12:17:42,642 : INFO : SwitchController : <<<<<<< 's_left_upper_level_flipper' active >>>>>>>
2026-07-15 12:17:42,763 : INFO : SwitchController : <<<<<<< 's_left_flipper' inactive >>>>>>>
2026-07-15 12:17:42,764 : INFO : SwitchController : <<<<<<< 's_left_upper_level_flipper' inactive >>>>>>>
2026-07-15 12:18:02,835 : INFO : SwitchController : <<<<<<< 's_left_upper_level_flipper' active >>>>>>>
2026-07-15 12:18:02,836 : INFO : SwitchController : <<<<<<< 's_left_flipper' active >>>>>>>
2026-07-15 12:18:02,929 : INFO : SwitchController : <<<<<<< 's_left_flipper' inactive >>>>>>>
2026-07-15 12:18:02,929 : INFO : SwitchController : <<<<<<< 's_left_upper_level_flipper' inactive >>>>>>>
2026-07-15 12:18:03,244 : INFO : SwitchController : <<<<<<< 's_left_upper_level_flipper' active >>>>>>>
2026-07-15 12:18:03,244 : INFO : SwitchController : <<<<<<< 's_left_flipper' active >>>>>>>
2026-07-15 12:18:03,369 : INFO : SwitchController : <<<<<<< 's_left_flipper' inactive >>>>>>>
2026-07-15 12:18:03,369 : INFO : SwitchController : <<<<<<< 's_left_upper_level_flipper' inactive >>>>>>>
2026-07-15 12:18:03,602 : INFO : SwitchController : <<<<<<< 's_left_upper_level_flipper' active >>>>>>>
2026-07-15 12:18:03,604 : INFO : SwitchController : <<<<<<< 's_left_flipper' active >>>>>>>
2026-07-15 12:18:03,744 : INFO : SwitchController : <<<<<<< 's_left_flipper' inactive >>>>>>>
2026-07-15 12:18:03,745 : INFO : SwitchController : <<<<<<< 's_left_upper_level_flipper' inactive >>>>>>>
2026-07-15 12:18:06,548 : INFO : SwitchController : <<<<<<< 's_right_upper_level_flipper' active >>>>>>>
2026-07-15 12:18:06,549 : INFO : SwitchController : <<<<<<< 's_right_flipper' active >>>>>>>
2026-07-15 12:18:06,737 : INFO : SwitchController : <<<<<<< 's_right_flipper' inactive >>>>>>>
2026-07-15 12:18:06,738 : INFO : SwitchController : <<<<<<< 's_right_upper_level_flipper' inactive >>>>>>>
2026-07-15 12:18:06,878 : INFO : SwitchController : <<<<<<< 's_right_upper_level_flipper' active >>>>>>>
2026-07-15 12:18:06,879 : INFO : SwitchController : <<<<<<< 's_right_flipper' active >>>>>>>
2026-07-15 12:18:07,067 : INFO : SwitchController : <<<<<<< 's_right_upper_level_flipper' inactive >>>>>>>
2026-07-15 12:18:07,067 : INFO : SwitchController : <<<<<<< 's_right_flipper' inactive >>>>>>>
2026-07-15 12:18:07,192 : INFO : SwitchController : <<<<<<< 's_right_flipper' active >>>>>>>
2026-07-15 12:18:07,193 : INFO : SwitchController : <<<<<<< 's_right_upper_level_flipper' active >>>>>>>
2026-07-15 12:18:07,365 : INFO : SwitchController : <<<<<<< 's_right_upper_level_flipper' inactive >>>>>>>
2026-07-15 12:18:07,368 : INFO : SwitchController : <<<<<<< 's_right_flipper' inactive >>>>>>>
2026-07-15 12:23:55,680 : INFO : SwitchController : <<<<<<< 's_left_upper_level_flipper' active >>>>>>>
2026-07-15 12:23:55,695 : INFO : SwitchController : <<<<<<< 's_left_flipper' active >>>>>>>
2026-07-15 12:23:55,820 : INFO : SwitchController : <<<<<<< 's_left_flipper' inactive >>>>>>>
2026-07-15 12:23:55,820 : INFO : SwitchController : <<<<<<< 's_left_upper_level_flipper' inactive >>>>>>>
2026-07-15 12:23:55,931 : INFO : SwitchController : <<<<<<< 's_left_flipper' active >>>>>>>
2026-07-15 12:23:55,931 : INFO : SwitchController : <<<<<<< 's_left_upper_level_flipper' active >>>>>>>
2026-07-15 12:23:56,075 : INFO : SwitchController : <<<<<<< 's_left_flipper' inactive >>>>>>>
2026-07-15 12:23:56,076 : INFO : SwitchController : <<<<<<< 's_left_upper_level_flipper' inactive >>>>>>>
2026-07-15 12:23:56,200 : INFO : SwitchController : <<<<<<< 's_left_flipper' active >>>>>>>
2026-07-15 12:23:56,202 : INFO : SwitchController : <<<<<<< 's_left_upper_level_flipper' active >>>>>>>
2026-07-15 12:23:56,371 : INFO : SwitchController : <<<<<<< 's_left_flipper' inactive >>>>>>>
2026-07-15 12:23:56,372 : INFO : SwitchController : <<<<<<< 's_left_upper_level_flipper' inactive >>>>>>>
2026-07-15 12:28:03,313 : INFO : SwitchController : <<<<<<< 's_start' active >>>>>>>
2026-07-15 12:28:03,423 : INFO : SwitchController : <<<<<<< 's_start' inactive >>>>>>>
2026-07-15 12:28:04,276 : INFO : SwitchController : <<<<<<< 's_left_flipper' active >>>>>>>
2026-07-15 12:28:04,276 : INFO : SwitchController : <<<<<<< 's_left_upper_level_flipper' active >>>>>>>
2026-07-15 12:28:04,372 : INFO : SwitchController : <<<<<<< 's_left_flipper' inactive >>>>>>>
2026-07-15 12:28:04,372 : INFO : SwitchController : <<<<<<< 's_left_upper_level_flipper' inactive >>>>>>>
2026-07-15 12:28:04,623 : INFO : SwitchController : <<<<<<< 's_left_upper_level_flipper' active >>>>>>>
2026-07-15 12:28:04,629 : INFO : SwitchController : <<<<<<< 's_left_flipper' active >>>>>>>
2026-07-15 12:28:04,729 : INFO : SwitchController : <<<<<<< 's_left_flipper' inactive >>>>>>>
2026-07-15 12:28:04,729 : INFO : SwitchController : <<<<<<< 's_left_upper_level_flipper' inactive >>>>>>>
2026-07-15 12:28:05,450 : INFO : SwitchController : <<<<<<< 's_start' active >>>>>>>
2026-07-15 12:28:05,590 : INFO : SwitchController : <<<<<<< 's_start' inactive >>>>>>>
2026-07-15 12:28:05,668 : INFO : SwitchController : <<<<<<< 's_start' active >>>>>>>
2026-07-15 12:28:05,807 : INFO : SwitchController : <<<<<<< 's_start' inactive >>>>>>>
2026-07-15 12:28:06,398 : INFO : SwitchController : <<<<<<< 's_left_flipper' active >>>>>>>
2026-07-15 12:28:06,398 : INFO : SwitchController : <<<<<<< 's_left_upper_level_flipper' active >>>>>>>
2026-07-15 12:28:06,523 : INFO : SwitchController : <<<<<<< 's_left_flipper' inactive >>>>>>>
2026-07-15 12:28:06,523 : INFO : SwitchController : <<<<<<< 's_left_upper_level_flipper' inactive >>>>>>>
2026-07-15 12:28:06,600 : INFO : SwitchController : <<<<<<< 's_left_upper_level_flipper' active >>>>>>>
2026-07-15 12:28:06,600 : INFO : SwitchController : <<<<<<< 's_left_flipper' active >>>>>>>
2026-07-15 12:28:06,785 : INFO : SwitchController : <<<<<<< 's_left_flipper' inactive >>>>>>>
2026-07-15 12:28:06,786 : INFO : SwitchController : <<<<<<< 's_left_upper_level_flipper' inactive >>>>>>>
2026-07-15 12:28:17,617 : INFO : Machine : Shutting down...
2026-07-15 12:28:17,617 : INFO : EventManager : Event: ======'shutdown'====== Args={}
2026-07-15 12:28:17,717 : INFO : root : MPF run loop ended.
