2026-05-25 13:17:53,642 : INFO : root : Loading config.
2026-05-25 13:17:53,673 : INFO : ConfigProcessor : Config spec file cache created: C:\Users\yorel\AppData\Local\Temp\config_spec.mpf_cache
2026-05-25 13:17:53,673 : INFO : YamlMultifileConfigLoader : Machine config file #1: config.yaml
2026-05-25 13:17:53,673 : INFO : ConfigProcessor : Loading config from file C:\Users\Yorel\Documents\mpf-env\Lib\site-packages\mpf\mpfconfig.yaml.
2026-05-25 13:17:53,687 : INFO : ConfigProcessor : Loading config: C:\Users\Yorel\Documents\mpf-env\Lib\site-packages\mpf\mpfconfig.yaml
2026-05-25 13:17:53,687 : INFO : ConfigProcessor : Loading config from file C:\Users\Yorel\Documents\KMF\KMF Code\config\config.yaml.
2026-05-25 13:17:53,694 : INFO : ConfigProcessor : Loading config: C:\Users\Yorel\Documents\KMF\KMF Code\config\config.yaml
2026-05-25 13:17:53,696 : INFO : ConfigProcessor : Config file cache created: C:\Users\yorel\AppData\Local\Temp\0c31672f7a0612ab0bb5f1c55252af82.mpf_cache
2026-05-25 13:17:53,868 : INFO : ConfigProcessor : Loading config from file C:\Users\Yorel\Documents\mpf-env\Lib\site-packages\mpf\modes\attract\config\attract.yaml.
2026-05-25 13:17:53,875 : INFO : ConfigProcessor : Loading config: C:\Users\Yorel\Documents\mpf-env\Lib\site-packages\mpf\modes\attract\config\attract.yaml
2026-05-25 13:17:53,875 : INFO : ConfigProcessor : Loading config from file C:\Users\Yorel\Documents\KMF\KMF Code\modes\attract\config\attract.yaml.
2026-05-25 13:17:53,883 : INFO : ConfigProcessor : Loading config: C:\Users\Yorel\Documents\KMF\KMF Code\modes\attract\config\attract.yaml
2026-05-25 13:17:53,884 : INFO : ConfigProcessor : Config file cache created: C:\Users\yorel\AppData\Local\Temp\680c977ad43264ea5d3c7b17af355a98.mpf_cache
2026-05-25 13:17:53,884 : INFO : ConfigProcessor : Loading config from file C:\Users\Yorel\Documents\mpf-env\Lib\site-packages\mpf\modes\game\config\game.yaml.
2026-05-25 13:17:53,892 : INFO : ConfigProcessor : Loading config: C:\Users\Yorel\Documents\mpf-env\Lib\site-packages\mpf\modes\game\config\game.yaml
2026-05-25 13:17:53,893 : INFO : ConfigProcessor : Config file cache created: C:\Users\yorel\AppData\Local\Temp\221e052e28df71100ca9dcf0ced8e44f.mpf_cache
2026-05-25 13:17:53,893 : INFO : ConfigProcessor : Loading config from cache: C:\Users\yorel\AppData\Local\Temp\680c977ad43264ea5d3c7b17af355a98.mpf_cache
2026-05-25 13:17:53,909 : INFO : ConfigProcessor : Loading config from file C:\Users\Yorel\Documents\KMF\KMF Code\modes\base\config\base.yaml.
2026-05-25 13:17:53,915 : INFO : ConfigProcessor : Loading config: C:\Users\Yorel\Documents\KMF\KMF Code\modes\base\config\base.yaml
2026-05-25 13:17:53,915 : INFO : ConfigProcessor : Config file cache created: C:\Users\yorel\AppData\Local\Temp\fc3f404e87707f04e4c1d490dd829d9e.mpf_cache
2026-05-25 13:17:53,916 : INFO : Machine : Mission Pinball Framework Core Engine v0.81.0.dev2
2026-05-25 13:17:53,916 : INFO : Machine : Command line arguments: {'no_load_cache': False, 'create_config_cache': True, 'bcp': False, 'configfile': ['config.yaml'], 'force_assets_load': False, 'platform_integration_test': False, 'jsonlogging': False, 'logfile': 'logs\\2026-05-25-13-17-53-mpf-MSI.log', 'pause': False, 'production': False, 'text_ui': False, 'loglevel': 15, 'consoleloglevel': 20, 'force_platform': 'virtual', 'syslog_address': None, 'full_logfile_path': 'C:\\Users\\Yorel\\Documents\\KMF\\KMF Code\\logs\\2026-05-25-13-17-53-mpf-MSI.log'}
2026-05-25 13:17:53,916 : INFO : Machine : MPF path: C:\Users\Yorel\Documents\mpf-env\Lib\site-packages\mpf
2026-05-25 13:17:53,916 : INFO : Machine : Machine path: C:\Users\Yorel\Documents\KMF\KMF Code
2026-05-25 13:17:53,916 : INFO : Machine : Platform: win32
2026-05-25 13:17:53,916 : INFO : Machine : Python executable location: C:\Users\Yorel\Documents\mpf-env\Scripts\python.exe
2026-05-25 13:17:53,916 : INFO : Machine : Python version: 3.12.7 (64-bit)
2026-05-25 13:17:53,917 : INFO : Machine : Initializing MPF...
2026-05-25 13:17:54,182 : INFO : EventManager : Event: ======'machine_var_credits_string'====== Args={'value': 'FREE PLAY', 'prev_value': None, 'change': True}
2026-05-25 13:17:54,196 : INFO : EventManager : Event: ======'machine_var_master_volume'====== Args={'value': 0.5, 'prev_value': None, 'change': True}
2026-05-25 13:17:54,196 : INFO : EventManager : Event: ======'machine_var_mpf_version'====== Args={'value': 'Mission Pinball Framework v0.81.0.dev2', 'prev_value': None, 'change': True}
2026-05-25 13:17:54,196 : INFO : EventManager : Event: ======'machine_var_mpf_extended_version'====== Args={'value': 'Mission Pinball Framework v0.81.0.dev2, Config version:6, Show version: 6, BCP version:1.1', 'prev_value': None, 'change': True}
2026-05-25 13:17:54,196 : INFO : EventManager : Event: ======'machine_var_python_version'====== Args={'value': '3.12.7', 'prev_value': None, 'change': True}
2026-05-25 13:17:54,260 : INFO : EventManager : Event: ======'machine_var_platform'====== Args={'value': 'Windows-11-10.0.26200-SP0', 'prev_value': None, 'change': True}
2026-05-25 13:17:54,260 : INFO : EventManager : Event: ======'machine_var_platform_system'====== Args={'value': 'Windows', 'prev_value': None, 'change': True}
2026-05-25 13:17:54,260 : INFO : EventManager : Event: ======'machine_var_platform_release'====== Args={'value': '11', 'prev_value': None, 'change': True}
2026-05-25 13:17:54,260 : INFO : EventManager : Event: ======'machine_var_platform_version'====== Args={'value': '10.0.26200', 'prev_value': None, 'change': True}
2026-05-25 13:17:54,260 : INFO : EventManager : Event: ======'machine_var_platform_machine'====== Args={'value': 'AMD64', 'prev_value': None, 'change': True}
2026-05-25 13:17:54,261 : INFO : EventManager : Event: ======'machine_var_log_file_path'====== Args={'value': 'C:\\Users\\Yorel\\Documents\\KMF\\KMF Code\\logs\\2026-05-25-13-17-53-mpf-MSI.log', 'prev_value': None, 'change': True}
2026-05-25 13:17:54,261 : INFO : EventManager : Event: ======'init_phase_1'====== Args={}
2026-05-25 13:17:54,268 : INFO : EventManager : Event: ======'init_phase_2'====== Args={}
2026-05-25 13:17:54,273 : INFO : EventManager : Event: ======'init_phase_3'====== Args={}
2026-05-25 13:17:54,273 : INFO : EventManager : Event: ======'init_phase_4'====== Args={}
2026-05-25 13:17:54,274 : INFO : EventManager : Event: ======'machine_var_audits_events_game_started'====== Args={'value': 0, 'prev_value': None, 'change': True}
2026-05-25 13:17:54,274 : INFO : EventManager : Event: ======'machine_var_audits_events_game_ended'====== Args={'value': 0, 'prev_value': None, 'change': True}
2026-05-25 13:17:54,274 : INFO : EventManager : Event: ======'machine_var_audits_player_score'====== Args={'value': {'top': [], 'average': 0, 'total': 0}, 'prev_value': None, 'change': True}
2026-05-25 13:17:54,274 : INFO : EventManager : Event: ======'init_phase_5'====== Args={}
2026-05-25 13:17:54,274 : INFO : EventManager : Event: ======'init_done'====== Args={}
2026-05-25 13:17:54,274 : INFO : EventManager : Event: ======'machine_reset_phase_1'====== Args={}
2026-05-25 13:17:54,274 : INFO : EventManager : Event: ======'machine_reset_phase_2'====== Args={}
2026-05-25 13:17:54,274 : INFO : EventManager : Event: ======'machine_reset_phase_3'====== Args={}
2026-05-25 13:17:54,274 : INFO : EventManager : Event: ======'reset_complete'====== Args={}
2026-05-25 13:17:54,274 : INFO : EventManager : Event: ======'mode_attract_will_start'====== Args={}
2026-05-25 13:17:54,274 : INFO : EventManager : Event: ======'mode_attract_starting'====== Args={}
2026-05-25 13:17:54,274 : INFO : Mode.attract : Started. Priority: 10
2026-05-25 13:17:54,274 : INFO : EventManager : Event: ======'modes_active_modes_changed'====== Args={}
2026-05-25 13:17:54,274 : INFO : EventManager : Event: ======'mode_attract_started'====== Args={}
2026-05-25 13:17:54,274 : INFO : EventManager : Event: ======'collecting_balls_complete'====== Args={}
2026-05-25 13:17:54,274 : INFO : Machine : Starting the main run loop with active modes: [<Mode.attract>]
2026-05-25 13:18:16,738 : INFO : Machine : Shutting down...
2026-05-25 13:18:16,739 : INFO : EventManager : Event: ======'shutdown'====== Args={}
2026-05-25 13:18:16,741 : INFO : root : MPF run loop ended.
